<?xml version="1.0" encoding="UTF-8"?>
<coverage generated="1500687851135" clover="3.2.0">
  <project timestamp="1500687851135" name="All files">
    <metrics statements="573" coveredstatements="544" conditionals="263" coveredconditionals="237" methods="303" coveredmethods="262" elements="1139" coveredelements="1043" complexity="0" loc="573" ncloc="573" packages="25" files="52" classes="52">
      <package name="actions">
        <metrics statements="41" coveredstatements="41" conditionals="5" coveredconditionals="5" methods="26" coveredmethods="26"/>
        <file name="index.js" path="/private/var/www/tmdb-client/src/actions/index.js">
          <metrics statements="1" coveredstatements="1" conditionals="0" coveredconditionals="0" methods="0" coveredmethods="0"/>
          <line num="3" count="1" type="stmt"/>
        </file>
        <file name="movies.js" path="/private/var/www/tmdb-client/src/actions/movies.js">
          <metrics statements="31" coveredstatements="31" conditionals="5" coveredconditionals="5" methods="26" coveredmethods="26"/>
          <line num="15" count="2" type="stmt"/>
          <line num="16" count="1" type="stmt"/>
          <line num="17" count="3" type="stmt"/>
          <line num="18" count="2" type="stmt"/>
          <line num="19" count="1" type="stmt"/>
          <line num="20" count="3" type="cond" truecount="2" falsecount="0"/>
          <line num="21" count="2" type="stmt"/>
          <line num="23" count="2" type="cond" truecount="1" falsecount="0"/>
          <line num="24" count="2" type="stmt"/>
          <line num="26" count="2" type="stmt"/>
          <line num="28" count="2" type="stmt"/>
          <line num="36" count="2" type="stmt"/>
          <line num="39" count="2" type="stmt"/>
          <line num="41" count="1" type="stmt"/>
          <line num="46" count="1" type="stmt"/>
          <line num="49" count="2" type="stmt"/>
          <line num="51" count="1" type="stmt"/>
          <line num="56" count="1" type="stmt"/>
          <line num="59" count="2" type="stmt"/>
          <line num="63" count="2" type="stmt"/>
          <line num="65" count="1" type="stmt"/>
          <line num="70" count="1" type="stmt"/>
          <line num="73" count="2" type="stmt"/>
          <line num="77" count="2" type="stmt"/>
          <line num="79" count="1" type="stmt"/>
          <line num="84" count="1" type="stmt"/>
          <line num="87" count="2" type="stmt"/>
          <line num="91" count="2" type="stmt"/>
          <line num="93" count="1" type="stmt"/>
          <line num="109" count="1" type="stmt"/>
          <line num="112" count="2" type="stmt"/>
        </file>
        <file name="types.js" path="/private/var/www/tmdb-client/src/actions/types.js">
          <metrics statements="9" coveredstatements="9" conditionals="0" coveredconditionals="0" methods="0" coveredmethods="0"/>
          <line num="1" count="3" type="stmt"/>
          <line num="2" count="3" type="stmt"/>
          <line num="3" count="3" type="stmt"/>
          <line num="4" count="3" type="stmt"/>
          <line num="5" count="3" type="stmt"/>
          <line num="6" count="3" type="stmt"/>
          <line num="7" count="3" type="stmt"/>
          <line num="8" count="3" type="stmt"/>
          <line num="9" count="3" type="stmt"/>
        </file>
      </package>
      <package name="components.LoadMore">
        <metrics statements="5" coveredstatements="3" conditionals="2" coveredconditionals="0" methods="3" coveredmethods="0"/>
        <file name="LoadMore.jsx" path="/private/var/www/tmdb-client/src/components/LoadMore/LoadMore.jsx">
          <metrics statements="5" coveredstatements="3" conditionals="2" coveredconditionals="0" methods="3" coveredmethods="0"/>
          <line num="6" count="1" type="stmt"/>
          <line num="7" count="0" type="stmt"/>
          <line num="8" count="0" type="stmt"/>
          <line num="14" count="1" type="stmt"/>
          <line num="21" count="1" type="stmt"/>
        </file>
        <file name="index.js" path="/private/var/www/tmdb-client/src/components/LoadMore/index.js">
          <metrics statements="0" coveredstatements="0" conditionals="0" coveredconditionals="0" methods="0" coveredmethods="0"/>
        </file>
      </package>
      <package name="components.Loader">
        <metrics statements="4" coveredstatements="3" conditionals="0" coveredconditionals="0" methods="1" coveredmethods="0"/>
        <file name="Loader.jsx" path="/private/var/www/tmdb-client/src/components/Loader/Loader.jsx">
          <metrics statements="4" coveredstatements="3" conditionals="0" coveredconditionals="0" methods="1" coveredmethods="0"/>
          <line num="7" count="3" type="stmt"/>
          <line num="8" count="0" type="stmt"/>
          <line num="13" count="3" type="stmt"/>
          <line num="17" count="3" type="stmt"/>
        </file>
        <file name="index.js" path="/private/var/www/tmdb-client/src/components/Loader/index.js">
          <metrics statements="0" coveredstatements="0" conditionals="0" coveredconditionals="0" methods="0" coveredmethods="0"/>
        </file>
      </package>
      <package name="components.Movie">
        <metrics statements="11" coveredstatements="10" conditionals="10" coveredconditionals="8" methods="7" coveredmethods="5"/>
        <file name="Movie.jsx" path="/private/var/www/tmdb-client/src/components/Movie/Movie.jsx">
          <metrics statements="11" coveredstatements="10" conditionals="10" coveredconditionals="8" methods="7" coveredmethods="5"/>
          <line num="10" count="5" type="stmt"/>
          <line num="12" count="5" type="stmt"/>
          <line num="16" count="1" type="cond" truecount="2" falsecount="0"/>
          <line num="20" count="5" type="cond" truecount="2" falsecount="0"/>
          <line num="21" count="4" type="stmt"/>
          <line num="29" count="1" type="stmt"/>
          <line num="35" count="5" type="stmt"/>
          <line num="46" count="0" type="stmt"/>
          <line num="49" count="1" type="stmt"/>
          <line num="74" count="3" type="stmt"/>
          <line num="86" count="3" type="stmt"/>
        </file>
        <file name="index.js" path="/private/var/www/tmdb-client/src/components/Movie/index.js">
          <metrics statements="0" coveredstatements="0" conditionals="0" coveredconditionals="0" methods="0" coveredmethods="0"/>
        </file>
      </package>
      <package name="components.MovieDetails">
        <metrics statements="12" coveredstatements="12" conditionals="8" coveredconditionals="8" methods="3" coveredmethods="3"/>
        <file name="MovieDetails.jsx" path="/private/var/www/tmdb-client/src/components/MovieDetails/MovieDetails.jsx">
          <metrics statements="9" coveredstatements="9" conditionals="8" coveredconditionals="8" methods="3" coveredmethods="3"/>
          <line num="8" count="2" type="stmt"/>
          <line num="9" count="32" type="cond" truecount="2" falsecount="0"/>
          <line num="10" count="31" type="stmt"/>
          <line num="13" count="1" type="stmt"/>
          <line num="17" count="2" type="stmt"/>
          <line num="27" count="2" type="stmt"/>
          <line num="38" count="8" type="stmt"/>
          <line num="74" count="2" type="stmt"/>
          <line num="76" count="2" type="stmt"/>
        </file>
        <file name="index.js" path="/private/var/www/tmdb-client/src/components/MovieDetails/index.js">
          <metrics statements="0" coveredstatements="0" conditionals="0" coveredconditionals="0" methods="0" coveredmethods="0"/>
        </file>
        <file name="types.js" path="/private/var/www/tmdb-client/src/components/MovieDetails/types.js">
          <metrics statements="3" coveredstatements="3" conditionals="0" coveredconditionals="0" methods="0" coveredmethods="0"/>
          <line num="3" count="2" type="stmt"/>
          <line num="8" count="2" type="stmt"/>
          <line num="13" count="2" type="stmt"/>
        </file>
      </package>
      <package name="components.MovieList">
        <metrics statements="9" coveredstatements="9" conditionals="2" coveredconditionals="2" methods="6" coveredmethods="5"/>
        <file name="MovieList.jsx" path="/private/var/www/tmdb-client/src/components/MovieList/MovieList.jsx">
          <metrics statements="9" coveredstatements="9" conditionals="2" coveredconditionals="2" methods="6" coveredmethods="5"/>
          <line num="11" count="3" type="stmt"/>
          <line num="12" count="1" type="stmt"/>
          <line num="22" count="1" type="stmt"/>
          <line num="28" count="3" type="cond" truecount="2" falsecount="0"/>
          <line num="29" count="2" type="stmt"/>
          <line num="32" count="1" type="stmt"/>
          <line num="40" count="3" type="stmt"/>
          <line num="55" count="2" type="stmt"/>
          <line num="62" count="2" type="stmt"/>
        </file>
        <file name="index.js" path="/private/var/www/tmdb-client/src/components/MovieList/index.js">
          <metrics statements="0" coveredstatements="0" conditionals="0" coveredconditionals="0" methods="0" coveredmethods="0"/>
        </file>
      </package>
      <package name="components.MovieSearch">
        <metrics statements="108" coveredstatements="93" conditionals="49" coveredconditionals="47" methods="76" coveredmethods="58"/>
        <file name="MovieSearch.jsx" path="/private/var/www/tmdb-client/src/components/MovieSearch/MovieSearch.jsx">
          <metrics statements="94" coveredstatements="88" conditionals="49" coveredconditionals="47" methods="65" coveredmethods="58"/>
          <line num="19" count="29" type="stmt"/>
          <line num="21" count="29" type="stmt"/>
          <line num="28" count="29" type="stmt"/>
          <line num="29" count="29" type="stmt"/>
          <line num="30" count="29" type="stmt"/>
          <line num="32" count="29" type="stmt"/>
          <line num="36" count="1" type="stmt"/>
          <line num="40" count="1" type="stmt"/>
          <line num="41" count="1" type="stmt"/>
          <line num="42" count="1" type="stmt"/>
          <line num="43" count="0" type="stmt"/>
          <line num="47" count="29" type="stmt"/>
          <line num="53" count="0" type="stmt"/>
          <line num="56" count="0" type="stmt"/>
          <line num="61" count="55" type="stmt"/>
          <line num="74" count="55" type="stmt"/>
          <line num="87" count="55" type="stmt"/>
          <line num="96" count="55" type="cond" truecount="2" falsecount="0"/>
          <line num="97" count="43" type="stmt"/>
          <line num="99" count="12" type="stmt"/>
          <line num="101" count="12" type="cond" truecount="4" falsecount="0"/>
          <line num="102" count="11" type="stmt"/>
          <line num="105" count="1" type="stmt"/>
          <line num="113" count="55" type="stmt"/>
          <line num="121" count="55" type="cond" truecount="4" falsecount="0"/>
          <line num="122" count="54" type="stmt"/>
          <line num="125" count="1" type="stmt"/>
          <line num="127" count="2" type="stmt"/>
          <line num="134" count="0" type="cond" truecount="1" falsecount="1"/>
          <line num="137" count="2" type="stmt"/>
          <line num="141" count="55" type="stmt"/>
          <line num="149" count="55" type="cond" truecount="4" falsecount="0"/>
          <line num="150" count="54" type="stmt"/>
          <line num="153" count="1" type="stmt"/>
          <line num="155" count="2" type="stmt"/>
          <line num="164" count="2" type="stmt"/>
          <line num="168" count="55" type="stmt"/>
          <line num="178" count="55" type="stmt"/>
          <line num="188" count="55" type="stmt"/>
          <line num="191" count="2" type="stmt"/>
          <line num="196" count="55" type="stmt"/>
          <line num="199" count="2" type="stmt"/>
          <line num="204" count="8" type="stmt"/>
          <line num="208" count="8" type="stmt"/>
          <line num="209" count="8" type="stmt"/>
          <line num="210" count="8" type="stmt"/>
          <line num="211" count="8" type="stmt"/>
          <line num="216" count="16" type="stmt"/>
          <line num="218" count="16" type="stmt"/>
          <line num="219" count="16" type="stmt"/>
          <line num="223" count="16" type="cond" truecount="2" falsecount="0"/>
          <line num="224" count="4" type="stmt"/>
          <line num="225" count="4" type="stmt"/>
          <line num="226" count="4" type="stmt"/>
          <line num="227" count="4" type="stmt"/>
          <line num="230" count="12" type="stmt"/>
          <line num="231" count="12" type="stmt"/>
          <line num="232" count="12" type="stmt"/>
          <line num="236" count="55" type="cond" truecount="2" falsecount="0"/>
          <line num="240" count="49" type="stmt"/>
          <line num="243" count="6" type="stmt"/>
          <line num="261" count="55" type="cond" truecount="2" falsecount="0"/>
          <line num="266" count="49" type="stmt"/>
          <line num="269" count="6" type="stmt"/>
          <line num="287" count="6" type="cond" truecount="2" falsecount="0"/>
          <line num="293" count="5" type="stmt"/>
          <line num="296" count="1" type="stmt"/>
          <line num="313" count="6" type="stmt"/>
          <line num="322" count="6" type="stmt"/>
          <line num="326" count="12" type="cond" truecount="4" falsecount="0"/>
          <line num="327" count="5" type="stmt"/>
          <line num="330" count="7" type="stmt"/>
          <line num="332" count="7" type="stmt"/>
          <line num="336" count="18" type="cond" truecount="2" falsecount="0"/>
          <line num="340" count="6" type="stmt"/>
          <line num="341" count="1" type="stmt"/>
          <line num="346" count="5" type="stmt"/>
          <line num="347" count="1" type="stmt"/>
          <line num="356" count="6" type="stmt"/>
          <line num="358" count="6" type="cond" truecount="2" falsecount="0"/>
          <line num="363" count="8" type="stmt"/>
          <line num="364" count="8" type="stmt"/>
          <line num="365" count="8" type="stmt"/>
          <line num="366" count="8" type="stmt"/>
          <line num="367" count="8" type="stmt"/>
          <line num="368" count="8" type="stmt"/>
          <line num="369" count="8" type="stmt"/>
          <line num="370" count="8" type="stmt"/>
          <line num="376" count="0" type="stmt"/>
          <line num="380" count="2" type="stmt"/>
          <line num="384" count="0" type="stmt"/>
          <line num="392" count="55" type="stmt"/>
          <line num="411" count="2" type="stmt"/>
          <line num="426" count="2" type="stmt"/>
        </file>
        <file name="MovieSearchContainer.jsx" path="/private/var/www/tmdb-client/src/components/MovieSearch/MovieSearchContainer.jsx">
          <metrics statements="14" coveredstatements="5" conditionals="0" coveredconditionals="0" methods="11" coveredmethods="0"/>
          <line num="15" count="1" type="stmt"/>
          <line num="16" count="0" type="stmt"/>
          <line num="28" count="0" type="stmt"/>
          <line num="32" count="1" type="stmt"/>
          <line num="33" count="0" type="stmt"/>
          <line num="34" count="0" type="stmt"/>
          <line num="35" count="0" type="stmt"/>
          <line num="36" count="0" type="stmt"/>
          <line num="37" count="0" type="stmt"/>
          <line num="38" count="0" type="stmt"/>
          <line num="39" count="0" type="stmt"/>
          <line num="42" count="1" type="stmt"/>
          <line num="49" count="1" type="stmt"/>
          <line num="64" count="1" type="stmt"/>
        </file>
        <file name="index.js" path="/private/var/www/tmdb-client/src/components/MovieSearch/index.js">
          <metrics statements="0" coveredstatements="0" conditionals="0" coveredconditionals="0" methods="0" coveredmethods="0"/>
        </file>
        <file name="validDateStrings.js" path="/private/var/www/tmdb-client/src/components/MovieSearch/validDateStrings.js">
          <metrics statements="0" coveredstatements="0" conditionals="0" coveredconditionals="0" methods="0" coveredmethods="0"/>
        </file>
      </package>
      <package name="components.MovieSearch.Company">
        <metrics statements="8" coveredstatements="8" conditionals="2" coveredconditionals="2" methods="2" coveredmethods="2"/>
        <file name="Company.jsx" path="/private/var/www/tmdb-client/src/components/MovieSearch/Company/Company.jsx">
          <metrics statements="8" coveredstatements="8" conditionals="2" coveredconditionals="2" methods="2" coveredmethods="2"/>
          <line num="5" count="3" type="stmt"/>
          <line num="6" count="2" type="cond" truecount="2" falsecount="0"/>
          <line num="7" count="1" type="stmt"/>
          <line num="10" count="1" type="stmt"/>
          <line num="17" count="3" type="stmt"/>
          <line num="18" count="2" type="stmt"/>
          <line num="28" count="3" type="stmt"/>
          <line num="32" count="3" type="stmt"/>
        </file>
        <file name="index.js" path="/private/var/www/tmdb-client/src/components/MovieSearch/Company/index.js">
          <metrics statements="0" coveredstatements="0" conditionals="0" coveredconditionals="0" methods="0" coveredmethods="0"/>
        </file>
      </package>
      <package name="components.MovieSearch.Person">
        <metrics statements="11" coveredstatements="11" conditionals="5" coveredconditionals="5" methods="4" coveredmethods="4"/>
        <file name="Person.jsx" path="/private/var/www/tmdb-client/src/components/MovieSearch/Person/Person.jsx">
          <metrics statements="11" coveredstatements="11" conditionals="5" coveredconditionals="5" methods="4" coveredmethods="4"/>
          <line num="5" count="3" type="stmt"/>
          <line num="6" count="4" type="cond" truecount="2" falsecount="0"/>
          <line num="7" count="1" type="stmt"/>
          <line num="10" count="3" type="stmt"/>
          <line num="17" count="3" type="stmt"/>
          <line num="18" count="4" type="stmt"/>
          <line num="20" count="2" type="cond" truecount="3" falsecount="0"/>
          <line num="31" count="3" type="stmt"/>
          <line num="32" count="4" type="stmt"/>
          <line num="43" count="3" type="stmt"/>
          <line num="51" count="3" type="stmt"/>
        </file>
        <file name="index.js" path="/private/var/www/tmdb-client/src/components/MovieSearch/Person/index.js">
          <metrics statements="0" coveredstatements="0" conditionals="0" coveredconditionals="0" methods="0" coveredmethods="0"/>
        </file>
      </package>
      <package name="components.MovieSort">
        <metrics statements="5" coveredstatements="4" conditionals="2" coveredconditionals="0" methods="2" coveredmethods="0"/>
        <file name="MovieSort.jsx" path="/private/var/www/tmdb-client/src/components/MovieSort/MovieSort.jsx">
          <metrics statements="5" coveredstatements="4" conditionals="2" coveredconditionals="0" methods="2" coveredmethods="0"/>
          <line num="7" count="2" type="stmt"/>
          <line num="50" count="2" type="stmt"/>
          <line num="51" count="0" type="stmt"/>
          <line num="56" count="2" type="stmt"/>
          <line num="61" count="2" type="stmt"/>
        </file>
        <file name="index.js" path="/private/var/www/tmdb-client/src/components/MovieSort/index.js">
          <metrics statements="0" coveredstatements="0" conditionals="0" coveredconditionals="0" methods="0" coveredmethods="0"/>
        </file>
      </package>
      <package name="components.Radio">
        <metrics statements="8" coveredstatements="8" conditionals="2" coveredconditionals="2" methods="5" coveredmethods="4"/>
        <file name="Radio.jsx" path="/private/var/www/tmdb-client/src/components/Radio/Radio.jsx">
          <metrics statements="8" coveredstatements="8" conditionals="2" coveredconditionals="2" methods="5" coveredmethods="4"/>
          <line num="6" count="3" type="stmt"/>
          <line num="7" count="9" type="cond" truecount="2" falsecount="0"/>
          <line num="10" count="3" type="stmt"/>
          <line num="15" count="3" type="stmt"/>
          <line num="17" count="9" type="stmt"/>
          <line num="25" count="1" type="stmt"/>
          <line num="34" count="3" type="stmt"/>
          <line num="49" count="3" type="stmt"/>
        </file>
        <file name="index.js" path="/private/var/www/tmdb-client/src/components/Radio/index.js">
          <metrics statements="0" coveredstatements="0" conditionals="0" coveredconditionals="0" methods="0" coveredmethods="0"/>
        </file>
      </package>
      <package name="components.Select">
        <metrics statements="163" coveredstatements="155" conditionals="92" coveredconditionals="82" methods="76" coveredmethods="71"/>
        <file name="Select.jsx" path="/private/var/www/tmdb-client/src/components/Select/Select.jsx">
          <metrics statements="163" coveredstatements="155" conditionals="92" coveredconditionals="82" methods="76" coveredmethods="71"/>
          <line num="11" count="36" type="stmt"/>
          <line num="13" count="36" type="stmt"/>
          <line num="14" count="36" type="stmt"/>
          <line num="15" count="36" type="stmt"/>
          <line num="16" count="36" type="stmt"/>
          <line num="18" count="36" type="stmt"/>
          <line num="25" count="36" type="stmt"/>
          <line num="29" count="36" type="stmt"/>
          <line num="33" count="0" type="stmt"/>
          <line num="37" count="82" type="cond" truecount="3" falsecount="1"/>
          <line num="38" count="0" type="stmt"/>
          <line num="41" count="82" type="cond" truecount="2" falsecount="0"/>
          <line num="42" count="33" type="stmt"/>
          <line num="43" count="33" type="stmt"/>
          <line num="46" count="49" type="stmt"/>
          <line num="47" count="49" type="stmt"/>
          <line num="48" count="49" type="stmt"/>
          <line num="50" count="49" type="stmt"/>
          <line num="54" count="28" type="stmt"/>
          <line num="55" count="28" type="cond" truecount="3" falsecount="1"/>
          <line num="56" count="0" type="stmt"/>
          <line num="59" count="28" type="stmt"/>
          <line num="63" count="130" type="stmt"/>
          <line num="67" count="1" type="stmt"/>
          <line num="68" count="1" type="stmt"/>
          <line num="72" count="25" type="stmt"/>
          <line num="74" count="25" type="stmt"/>
          <line num="76" count="25" type="cond" truecount="6" falsecount="0"/>
          <line num="78" count="4" type="stmt"/>
          <line num="79" count="4" type="stmt"/>
          <line num="81" count="7" type="stmt"/>
          <line num="82" count="7" type="stmt"/>
          <line num="84" count="2" type="stmt"/>
          <line num="85" count="2" type="stmt"/>
          <line num="87" count="9" type="stmt"/>
          <line num="88" count="9" type="stmt"/>
          <line num="90" count="2" type="stmt"/>
          <line num="91" count="2" type="stmt"/>
          <line num="93" count="1" type="cond" truecount="1" falsecount="1"/>
          <line num="98" count="2" type="stmt"/>
          <line num="104" count="1" type="stmt"/>
          <line num="108" count="3" type="stmt"/>
          <line num="114" count="19" type="stmt"/>
          <line num="118" count="4" type="cond" truecount="2" falsecount="0"/>
          <line num="119" count="1" type="stmt"/>
          <line num="120" count="1" type="stmt"/>
          <line num="121" count="1" type="stmt"/>
          <line num="124" count="3" type="stmt"/>
          <line num="128" count="4" type="cond" truecount="4" falsecount="0"/>
          <line num="129" count="3" type="stmt"/>
          <line num="134" count="7" type="stmt"/>
          <line num="135" count="7" type="cond" truecount="3" falsecount="1"/>
          <line num="136" count="7" type="stmt"/>
          <line num="141" count="2" type="stmt"/>
          <line num="142" count="2" type="stmt"/>
          <line num="148" count="2" type="stmt"/>
          <line num="150" count="2" type="cond" truecount="2" falsecount="0"/>
          <line num="151" count="1" type="stmt"/>
          <line num="153" count="1" type="stmt"/>
          <line num="154" count="1" type="stmt"/>
          <line num="157" count="1" type="stmt"/>
          <line num="159" count="1" type="stmt"/>
          <line num="163" count="9" type="stmt"/>
          <line num="165" count="9" type="stmt"/>
          <line num="167" count="9" type="cond" truecount="2" falsecount="0"/>
          <line num="168" count="2" type="stmt"/>
          <line num="170" count="2" type="stmt"/>
          <line num="171" count="2" type="stmt"/>
          <line num="174" count="7" type="stmt"/>
          <line num="176" count="7" type="stmt"/>
          <line num="180" count="37" type="cond" truecount="2" falsecount="0"/>
          <line num="184" count="7" type="cond" truecount="2" falsecount="0"/>
          <line num="185" count="3" type="stmt"/>
          <line num="188" count="4" type="stmt"/>
          <line num="192" count="40" type="stmt"/>
          <line num="194" count="40" type="stmt"/>
          <line num="195" count="14" type="stmt"/>
          <line num="201" count="40" type="stmt"/>
          <line num="205" count="3" type="stmt"/>
          <line num="206" count="3" type="stmt"/>
          <line num="210" count="6" type="stmt"/>
          <line num="212" count="12" type="stmt"/>
          <line num="215" count="6" type="stmt"/>
          <line num="220" count="130" type="cond" truecount="2" falsecount="0"/>
          <line num="221" count="48" type="stmt"/>
          <line num="224" count="82" type="stmt"/>
          <line num="225" count="82" type="stmt"/>
          <line num="229" count="84" type="cond" truecount="2" falsecount="0"/>
          <line num="230" count="1" type="stmt"/>
          <line num="233" count="83" type="cond" truecount="2" falsecount="0"/>
          <line num="234" count="30" type="stmt"/>
          <line num="237" count="53" type="stmt"/>
          <line num="242" count="84" type="stmt"/>
          <line num="253" count="51" type="stmt"/>
          <line num="257" count="3" type="stmt"/>
          <line num="261" count="130" type="stmt"/>
          <line num="265" count="1" type="stmt"/>
          <line num="266" count="25" type="stmt"/>
          <line num="267" count="1" type="stmt"/>
          <line num="268" count="2" type="stmt"/>
          <line num="277" count="130" type="stmt"/>
          <line num="283" count="16" type="stmt"/>
          <line num="298" count="164" type="stmt"/>
          <line num="302" count="71" type="stmt"/>
          <line num="304" count="71" type="cond" truecount="2" falsecount="0"/>
          <line num="305" count="69" type="stmt"/>
          <line num="308" count="7" type="stmt"/>
          <line num="312" count="70" type="cond" truecount="2" falsecount="0"/>
          <line num="316" count="2" type="stmt"/>
          <line num="319" count="68" type="cond" truecount="2" falsecount="0"/>
          <line num="320" count="1" type="stmt"/>
          <line num="323" count="67" type="stmt"/>
          <line num="327" count="3" type="cond" truecount="1" falsecount="1"/>
          <line num="328" count="0" type="stmt"/>
          <line num="331" count="9" type="stmt"/>
          <line num="335" count="7" type="stmt"/>
          <line num="343" count="15" type="stmt"/>
          <line num="345" count="15" type="stmt"/>
          <line num="349" count="22" type="cond" truecount="1" falsecount="1"/>
          <line num="350" count="22" type="stmt"/>
          <line num="355" count="195" type="cond" truecount="2" falsecount="0"/>
          <line num="356" count="9" type="stmt"/>
          <line num="359" count="186" type="stmt"/>
          <line num="363" count="22" type="stmt"/>
          <line num="367" count="22" type="stmt"/>
          <line num="372" count="99" type="stmt"/>
          <line num="373" count="99" type="stmt"/>
          <line num="380" count="198" type="stmt"/>
          <line num="382" count="198" type="cond" truecount="2" falsecount="0"/>
          <line num="383" count="24" type="stmt"/>
          <line num="386" count="174" type="stmt"/>
          <line num="387" count="2" type="stmt"/>
          <line num="390" count="174" type="stmt"/>
          <line num="394" count="99" type="cond" truecount="4" falsecount="0"/>
          <line num="395" count="41" type="stmt"/>
          <line num="400" count="41" type="stmt"/>
          <line num="404" count="36" type="cond" truecount="4" falsecount="0"/>
          <line num="405" count="17" type="stmt"/>
          <line num="408" count="19" type="stmt"/>
          <line num="409" count="19" type="stmt"/>
          <line num="410" count="19" type="stmt"/>
          <line num="411" count="19" type="stmt"/>
          <line num="412" count="19" type="stmt"/>
          <line num="414" count="19" type="cond" truecount="1" falsecount="1"/>
          <line num="415" count="0" type="stmt"/>
          <line num="418" count="19" type="cond" truecount="1" falsecount="1"/>
          <line num="419" count="0" type="stmt"/>
          <line num="424" count="0" type="stmt"/>
          <line num="428" count="0" type="stmt"/>
          <line num="432" count="51" type="cond" truecount="2" falsecount="0"/>
          <line num="433" count="9" type="stmt"/>
          <line num="434" count="12" type="cond" truecount="2" falsecount="0"/>
          <line num="438" count="42" type="stmt"/>
          <line num="442" count="54" type="stmt"/>
          <line num="444" count="54" type="cond" truecount="4" falsecount="0"/>
          <line num="445" count="9" type="stmt"/>
          <line num="448" count="45" type="stmt"/>
          <line num="454" count="198" type="stmt"/>
          <line num="455" count="99" type="stmt"/>
          <line num="457" count="99" type="stmt"/>
          <line num="461" count="15" type="stmt"/>
          <line num="468" count="3" type="stmt"/>
          <line num="497" count="3" type="stmt"/>
        </file>
        <file name="index.js" path="/private/var/www/tmdb-client/src/components/Select/index.js">
          <metrics statements="0" coveredstatements="0" conditionals="0" coveredconditionals="0" methods="0" coveredmethods="0"/>
        </file>
      </package>
      <package name="components.Select.Option">
        <metrics statements="6" coveredstatements="6" conditionals="5" coveredconditionals="5" methods="6" coveredmethods="3"/>
        <file name="Option.jsx" path="/private/var/www/tmdb-client/src/components/Select/Option/Option.jsx">
          <metrics statements="6" coveredstatements="6" conditionals="5" coveredconditionals="5" methods="6" coveredmethods="3"/>
          <line num="6" count="4" type="stmt"/>
          <line num="7" count="99" type="stmt"/>
          <line num="8" count="158" type="cond" truecount="2" falsecount="0"/>
          <line num="10" count="15" type="stmt"/>
          <line num="17" count="4" type="stmt"/>
          <line num="29" count="4" type="stmt"/>
        </file>
        <file name="index.js" path="/private/var/www/tmdb-client/src/components/Select/Option/index.js">
          <metrics statements="0" coveredstatements="0" conditionals="0" coveredconditionals="0" methods="0" coveredmethods="0"/>
        </file>
      </package>
      <package name="components.Select.OptionGroup">
        <metrics statements="9" coveredstatements="9" conditionals="8" coveredconditionals="6" methods="6" coveredmethods="3"/>
        <file name="OptionGroup.jsx" path="/private/var/www/tmdb-client/src/components/Select/OptionGroup/OptionGroup.jsx">
          <metrics statements="9" coveredstatements="9" conditionals="8" coveredconditionals="6" methods="6" coveredmethods="3"/>
          <line num="7" count="4" type="stmt"/>
          <line num="15" count="46" type="cond" truecount="2" falsecount="0"/>
          <line num="16" count="1" type="stmt"/>
          <line num="19" count="45" type="stmt"/>
          <line num="20" count="101" type="stmt"/>
          <line num="31" count="4" type="stmt"/>
          <line num="43" count="46" type="stmt"/>
          <line num="68" count="4" type="stmt"/>
          <line num="84" count="4" type="stmt"/>
        </file>
        <file name="index.js" path="/private/var/www/tmdb-client/src/components/Select/OptionGroup/index.js">
          <metrics statements="0" coveredstatements="0" conditionals="0" coveredconditionals="0" methods="0" coveredmethods="0"/>
        </file>
      </package>
      <package name="components.Select.Value">
        <metrics statements="5" coveredstatements="5" conditionals="0" coveredconditionals="0" methods="4" coveredmethods="2"/>
        <file name="Value.jsx" path="/private/var/www/tmdb-client/src/components/Select/Value/Value.jsx">
          <metrics statements="5" coveredstatements="5" conditionals="0" coveredconditionals="0" methods="4" coveredmethods="2"/>
          <line num="6" count="3" type="stmt"/>
          <line num="7" count="51" type="stmt"/>
          <line num="11" count="3" type="stmt"/>
          <line num="17" count="3" type="stmt"/>
          <line num="26" count="3" type="stmt"/>
        </file>
        <file name="index.js" path="/private/var/www/tmdb-client/src/components/Select/Value/index.js">
          <metrics statements="0" coveredstatements="0" conditionals="0" coveredconditionals="0" methods="0" coveredmethods="0"/>
        </file>
      </package>
      <package name="mocks">
        <metrics statements="9" coveredstatements="9" conditionals="0" coveredconditionals="0" methods="7" coveredmethods="7"/>
        <file name="ObservableMock.js" path="/private/var/www/tmdb-client/src/mocks/ObservableMock.js">
          <metrics statements="9" coveredstatements="9" conditionals="0" coveredconditionals="0" methods="7" coveredmethods="7"/>
          <line num="1" count="1" type="stmt"/>
          <line num="5" count="4" type="stmt"/>
          <line num="6" count="1" type="stmt"/>
          <line num="8" count="4" type="stmt"/>
          <line num="9" count="1" type="stmt"/>
          <line num="11" count="1" type="stmt"/>
          <line num="15" count="1" type="stmt"/>
          <line num="16" count="1" type="stmt"/>
          <line num="20" count="1" type="stmt"/>
        </file>
        <file name="fileMock.js" path="/private/var/www/tmdb-client/src/mocks/fileMock.js">
          <metrics statements="0" coveredstatements="0" conditionals="0" coveredconditionals="0" methods="0" coveredmethods="0"/>
        </file>
      </package>
      <package name="pages.Movies">
        <metrics statements="55" coveredstatements="55" conditionals="33" coveredconditionals="32" methods="28" coveredmethods="28"/>
        <file name="Movies.jsx" path="/private/var/www/tmdb-client/src/pages/Movies/Movies.jsx">
          <metrics statements="55" coveredstatements="55" conditionals="33" coveredconditionals="32" methods="28" coveredmethods="28"/>
          <line num="13" count="20" type="stmt"/>
          <line num="15" count="20" type="stmt"/>
          <line num="16" count="20" type="stmt"/>
          <line num="17" count="20" type="stmt"/>
          <line num="19" count="20" type="stmt"/>
          <line num="34" count="1" type="stmt"/>
          <line num="38" count="14" type="stmt"/>
          <line num="40" count="14" type="stmt"/>
          <line num="41" count="13" type="stmt"/>
          <line num="42" count="1" type="stmt"/>
          <line num="46" count="13" type="stmt"/>
          <line num="48" count="13" type="stmt"/>
          <line num="60" count="13" type="stmt"/>
          <line num="64" count="13" type="cond" truecount="2" falsecount="0"/>
          <line num="65" count="12" type="stmt"/>
          <line num="68" count="1" type="stmt"/>
          <line num="70" count="3" type="stmt"/>
          <line num="76" count="13" type="cond" truecount="2" falsecount="0"/>
          <line num="77" count="12" type="stmt"/>
          <line num="80" count="1" type="stmt"/>
          <line num="82" count="3" type="stmt"/>
          <line num="88" count="13" type="cond" truecount="2" falsecount="0"/>
          <line num="89" count="12" type="stmt"/>
          <line num="92" count="1" type="stmt"/>
          <line num="94" count="3" type="stmt"/>
          <line num="100" count="13" type="cond" truecount="2" falsecount="0"/>
          <line num="101" count="12" type="stmt"/>
          <line num="104" count="1" type="stmt"/>
          <line num="106" count="3" type="stmt"/>
          <line num="112" count="13" type="stmt"/>
          <line num="114" count="13" type="stmt"/>
          <line num="115" count="6" type="cond" truecount="5" falsecount="0"/>
          <line num="116" count="3" type="stmt"/>
          <line num="119" count="3" type="stmt"/>
          <line num="122" count="13" type="stmt"/>
          <line num="126" count="13" type="stmt"/>
          <line num="128" count="13" type="stmt"/>
          <line num="129" count="6" type="cond" truecount="5" falsecount="0"/>
          <line num="130" count="3" type="stmt"/>
          <line num="133" count="3" type="stmt"/>
          <line num="136" count="13" type="stmt"/>
          <line num="140" count="12" type="stmt"/>
          <line num="144" count="1" type="stmt"/>
          <line num="148" count="3" type="cond" truecount="4" falsecount="0"/>
          <line num="149" count="1" type="stmt"/>
          <line num="152" count="2" type="stmt"/>
          <line num="153" count="2" type="stmt"/>
          <line num="154" count="1" type="stmt"/>
          <line num="165" count="1" type="stmt"/>
          <line num="167" count="1" type="stmt"/>
          <line num="184" count="1" type="stmt"/>
          <line num="186" count="1" type="stmt"/>
          <line num="191" count="66" type="stmt"/>
          <line num="216" count="1" type="stmt"/>
          <line num="224" count="1" type="stmt"/>
        </file>
      </package>
      <package name="reducers">
        <metrics statements="12" coveredstatements="12" conditionals="11" coveredconditionals="10" methods="1" coveredmethods="1"/>
        <file name="movies.js" path="/private/var/www/tmdb-client/src/reducers/movies.js">
          <metrics statements="12" coveredstatements="12" conditionals="11" coveredconditionals="10" methods="1" coveredmethods="1"/>
          <line num="13" count="1" type="stmt"/>
          <line num="36" count="10" type="cond" truecount="10" falsecount="0"/>
          <line num="38" count="1" type="stmt"/>
          <line num="45" count="1" type="stmt"/>
          <line num="49" count="1" type="stmt"/>
          <line num="53" count="1" type="stmt"/>
          <line num="57" count="1" type="stmt"/>
          <line num="61" count="1" type="stmt"/>
          <line num="65" count="1" type="stmt"/>
          <line num="69" count="1" type="stmt"/>
          <line num="73" count="1" type="stmt"/>
          <line num="77" count="1" type="stmt"/>
        </file>
      </package>
      <package name="services.config">
        <metrics statements="6" coveredstatements="6" conditionals="0" coveredconditionals="0" methods="1" coveredmethods="1"/>
        <file name="config.js" path="/private/var/www/tmdb-client/src/services/config/config.js">
          <metrics statements="6" coveredstatements="6" conditionals="0" coveredconditionals="0" methods="1" coveredmethods="1"/>
          <line num="6" count="3" type="stmt"/>
          <line num="7" count="3" type="stmt"/>
          <line num="8" count="3" type="stmt"/>
          <line num="10" count="3" type="stmt"/>
          <line num="14" count="3" type="stmt"/>
          <line num="18" count="27" type="stmt"/>
        </file>
        <file name="index.js" path="/private/var/www/tmdb-client/src/services/config/index.js">
          <metrics statements="0" coveredstatements="0" conditionals="0" coveredconditionals="0" methods="0" coveredmethods="0"/>
        </file>
      </package>
      <package name="services.languages">
        <metrics statements="11" coveredstatements="10" conditionals="12" coveredconditionals="11" methods="4" coveredmethods="4"/>
        <file name="index.js" path="/private/var/www/tmdb-client/src/services/languages/index.js">
          <metrics statements="0" coveredstatements="0" conditionals="0" coveredconditionals="0" methods="0" coveredmethods="0"/>
        </file>
        <file name="languages.js" path="/private/var/www/tmdb-client/src/services/languages/languages.js">
          <metrics statements="11" coveredstatements="10" conditionals="12" coveredconditionals="11" methods="4" coveredmethods="4"/>
          <line num="3" count="3" type="stmt"/>
          <line num="4" count="549" type="stmt"/>
          <line num="9" count="21" type="cond" truecount="4" falsecount="0"/>
          <line num="10" count="3" type="stmt"/>
          <line num="13" count="18" type="stmt"/>
          <line num="14" count="3294" type="cond" truecount="1" falsecount="1"/>
          <line num="18" count="0" type="stmt"/>
          <line num="21" count="3294" type="cond" truecount="2" falsecount="0"/>
          <line num="25" count="5" type="stmt"/>
          <line num="28" count="3289" type="stmt"/>
          <line num="33" count="6584" type="stmt"/>
        </file>
      </package>
      <package name="services.modal">
        <metrics statements="24" coveredstatements="24" conditionals="6" coveredconditionals="6" methods="12" coveredmethods="12"/>
        <file name="Modal.js" path="/private/var/www/tmdb-client/src/services/modal/Modal.js">
          <metrics statements="8" coveredstatements="8" conditionals="4" coveredconditionals="4" methods="4" coveredmethods="4"/>
          <line num="3" count="12" type="cond" truecount="2" falsecount="0"/>
          <line num="4" count="1" type="stmt"/>
          <line num="7" count="11" type="stmt"/>
          <line num="8" count="11" type="stmt"/>
          <line num="9" count="11" type="stmt"/>
          <line num="13" count="2" type="stmt"/>
          <line num="17" count="12" type="stmt"/>
          <line num="21" count="1" type="stmt"/>
        </file>
        <file name="ModalService.js" path="/private/var/www/tmdb-client/src/services/modal/ModalService.js">
          <metrics statements="16" coveredstatements="16" conditionals="2" coveredconditionals="2" methods="8" coveredmethods="8"/>
          <line num="5" count="1" type="stmt"/>
          <line num="9" count="5" type="stmt"/>
          <line num="10" count="5" type="stmt"/>
          <line num="14" count="2" type="stmt"/>
          <line num="18" count="1" type="stmt"/>
          <line num="22" count="13" type="stmt"/>
          <line num="26" count="9" type="stmt"/>
          <line num="28" count="9" type="cond" truecount="2" falsecount="0"/>
          <line num="29" count="1" type="stmt"/>
          <line num="32" count="9" type="stmt"/>
          <line num="34" count="9" type="stmt"/>
          <line num="35" count="9" type="stmt"/>
          <line num="37" count="9" type="stmt"/>
          <line num="41" count="5" type="stmt"/>
          <line num="43" count="4" type="stmt"/>
          <line num="47" count="15" type="stmt"/>
        </file>
      </package>
      <package name="services.movie">
        <metrics statements="26" coveredstatements="26" conditionals="7" coveredconditionals="4" methods="9" coveredmethods="9"/>
        <file name="constants.js" path="/private/var/www/tmdb-client/src/services/movie/constants.js">
          <metrics statements="9" coveredstatements="9" conditionals="0" coveredconditionals="0" methods="0" coveredmethods="0"/>
          <line num="3" count="4" type="stmt"/>
          <line num="4" count="4" type="stmt"/>
          <line num="5" count="4" type="stmt"/>
          <line num="6" count="4" type="stmt"/>
          <line num="7" count="4" type="stmt"/>
          <line num="8" count="4" type="stmt"/>
          <line num="9" count="4" type="stmt"/>
          <line num="10" count="4" type="stmt"/>
          <line num="11" count="4" type="stmt"/>
        </file>
        <file name="index.js" path="/private/var/www/tmdb-client/src/services/movie/index.js">
          <metrics statements="0" coveredstatements="0" conditionals="0" coveredconditionals="0" methods="0" coveredmethods="0"/>
        </file>
        <file name="movie.js" path="/private/var/www/tmdb-client/src/services/movie/movie.js">
          <metrics statements="17" coveredstatements="17" conditionals="7" coveredconditionals="4" methods="9" coveredmethods="9"/>
          <line num="15" count="7" type="cond" truecount="3" falsecount="0"/>
          <line num="16" count="8" type="stmt"/>
          <line num="18" count="4" type="stmt"/>
          <line num="19" count="7" type="stmt"/>
          <line num="20" count="7" type="stmt"/>
          <line num="25" count="2" type="stmt"/>
          <line num="26" count="2" type="stmt"/>
          <line num="30" count="1" type="stmt"/>
          <line num="31" count="1" type="stmt"/>
          <line num="35" count="1" type="stmt"/>
          <line num="36" count="1" type="stmt"/>
          <line num="40" count="1" type="stmt"/>
          <line num="41" count="1" type="stmt"/>
          <line num="45" count="1" type="stmt"/>
          <line num="46" count="1" type="stmt"/>
          <line num="50" count="1" type="stmt"/>
          <line num="51" count="1" type="stmt"/>
        </file>
      </package>
      <package name="services.observable">
        <metrics statements="21" coveredstatements="21" conditionals="2" coveredconditionals="2" methods="13" coveredmethods="13"/>
        <file name="Observable.js" path="/private/var/www/tmdb-client/src/services/observable/Observable.js">
          <metrics statements="21" coveredstatements="21" conditionals="2" coveredconditionals="2" methods="13" coveredmethods="13"/>
          <line num="9" count="5" type="stmt"/>
          <line num="10" count="5" type="stmt"/>
          <line num="11" count="5" type="stmt"/>
          <line num="13" count="5" type="cond" truecount="2" falsecount="0"/>
          <line num="14" count="1" type="stmt"/>
          <line num="17" count="4" type="stmt"/>
          <line num="21" count="4" type="stmt"/>
          <line num="22" count="4" type="stmt"/>
          <line num="26" count="4" type="stmt"/>
          <line num="30" count="1" type="stmt"/>
          <line num="31" count="1" type="stmt"/>
          <line num="36" count="1" type="stmt"/>
          <line num="40" count="1" type="stmt"/>
          <line num="41" count="1" type="stmt"/>
          <line num="42" count="1" type="stmt"/>
          <line num="44" count="1" type="stmt"/>
          <line num="48" count="1" type="stmt"/>
          <line num="49" count="1" type="stmt"/>
          <line num="53" count="1" type="stmt"/>
          <line num="54" count="1" type="stmt"/>
          <line num="58" count="1" type="stmt"/>
        </file>
        <file name="index.js" path="/private/var/www/tmdb-client/src/services/observable/index.js">
          <metrics statements="0" coveredstatements="0" conditionals="0" coveredconditionals="0" methods="0" coveredmethods="0"/>
        </file>
      </package>
      <package name="services.translate">
        <metrics statements="4" coveredstatements="4" conditionals="0" coveredconditionals="0" methods="1" coveredmethods="1"/>
        <file name="index.js" path="/private/var/www/tmdb-client/src/services/translate/index.js">
          <metrics statements="4" coveredstatements="4" conditionals="0" coveredconditionals="0" methods="1" coveredmethods="1"/>
          <line num="4" count="4" type="stmt"/>
          <line num="5" count="4" type="stmt"/>
          <line num="6" count="4" type="stmt"/>
          <line num="9" count="57" type="stmt"/>
        </file>
      </package>
      <package name="translations">
        <metrics statements="0" coveredstatements="0" conditionals="0" coveredconditionals="0" methods="0" coveredmethods="0"/>
        <file name="en.js" path="/private/var/www/tmdb-client/src/translations/en.js">
          <metrics statements="0" coveredstatements="0" conditionals="0" coveredconditionals="0" methods="0" coveredmethods="0"/>
        </file>
        <file name="index.js" path="/private/var/www/tmdb-client/src/translations/index.js">
          <metrics statements="0" coveredstatements="0" conditionals="0" coveredconditionals="0" methods="0" coveredmethods="0"/>
        </file>
      </package>
    </metrics>
  </project>
</coverage>
