{"/private/var/www/tmdb-client/src/actions/index.js": {"path":"/private/var/www/tmdb-client/src/actions/index.js","statementMap":{"0":{"start":{"line":3,"column":0},"end":{"line":5,"column":2}}},"fnMap":{},"branchMap":{},"s":{"0":1},"f":{},"b":{},"_coverageSchema":"332fd63041d2c1bcb487cc26dd0d5f7d97098a6c","hash":"a9e3860dfa20d9b9036218adc458767aa76414a4"}
,"/private/var/www/tmdb-client/src/actions/movies.js": {"path":"/private/var/www/tmdb-client/src/actions/movies.js","statementMap":{"0":{"start":{"line":15,"column":21},"end":{"line":17,"column":42}},"1":{"start":{"line":16,"column":2},"end":{"line":17,"column":42}},"2":{"start":{"line":17,"column":18},"end":{"line":17,"column":41}},"3":{"start":{"line":18,"column":19},"end":{"line":20,"column":69}},"4":{"start":{"line":19,"column":2},"end":{"line":20,"column":69}},"5":{"start":{"line":20,"column":18},"end":{"line":20,"column":68}},"6":{"start":{"line":21,"column":16},"end":{"line":21,"column":74}},"7":{"start":{"line":21,"column":28},"end":{"line":21,"column":74}},"8":{"start":{"line":23,"column":23},"end":{"line":37,"column":6}},"9":{"start":{"line":24,"column":2},"end":{"line":37,"column":6}},"10":{"start":{"line":24,"column":26},"end":{"line":37,"column":6}},"11":{"start":{"line":26,"column":28},"end":{"line":26,"column":59}},"12":{"start":{"line":28,"column":6},"end":{"line":34,"column":9}},"13":{"start":{"line":36,"column":6},"end":{"line":36,"column":18}},"14":{"start":{"line":39,"column":18},"end":{"line":47,"column":4}},"15":{"start":{"line":39,"column":24},"end":{"line":47,"column":4}},"16":{"start":{"line":39,"column":36},"end":{"line":47,"column":4}},"17":{"start":{"line":41,"column":4},"end":{"line":44,"column":7}},"18":{"start":{"line":46,"column":4},"end":{"line":46,"column":16}},"19":{"start":{"line":49,"column":23},"end":{"line":57,"column":4}},"20":{"start":{"line":49,"column":32},"end":{"line":57,"column":4}},"21":{"start":{"line":49,"column":44},"end":{"line":57,"column":4}},"22":{"start":{"line":51,"column":4},"end":{"line":54,"column":7}},"23":{"start":{"line":56,"column":4},"end":{"line":56,"column":16}},"24":{"start":{"line":59,"column":22},"end":{"line":61,"column":2}},"25":{"start":{"line":59,"column":29},"end":{"line":61,"column":1}},"26":{"start":{"line":63,"column":21},"end":{"line":71,"column":4}},"27":{"start":{"line":63,"column":30},"end":{"line":71,"column":4}},"28":{"start":{"line":63,"column":42},"end":{"line":71,"column":4}},"29":{"start":{"line":65,"column":4},"end":{"line":68,"column":7}},"30":{"start":{"line":70,"column":4},"end":{"line":70,"column":16}},"31":{"start":{"line":73,"column":20},"end":{"line":75,"column":2}},"32":{"start":{"line":73,"column":27},"end":{"line":75,"column":1}},"33":{"start":{"line":77,"column":24},"end":{"line":85,"column":4}},"34":{"start":{"line":77,"column":33},"end":{"line":85,"column":4}},"35":{"start":{"line":77,"column":45},"end":{"line":85,"column":4}},"36":{"start":{"line":79,"column":4},"end":{"line":82,"column":7}},"37":{"start":{"line":84,"column":4},"end":{"line":84,"column":16}},"38":{"start":{"line":87,"column":23},"end":{"line":89,"column":2}},"39":{"start":{"line":87,"column":30},"end":{"line":89,"column":1}},"40":{"start":{"line":91,"column":17},"end":{"line":110,"column":4}},"41":{"start":{"line":91,"column":23},"end":{"line":110,"column":4}},"42":{"start":{"line":91,"column":35},"end":{"line":110,"column":4}},"43":{"start":{"line":93,"column":4},"end":{"line":107,"column":7}},"44":{"start":{"line":109,"column":4},"end":{"line":109,"column":16}},"45":{"start":{"line":112,"column":0},"end":{"line":122,"column":2}}},"fnMap":{"0":{"name":"(anonymous_0)","decl":{"start":{"line":15,"column":21},"end":{"line":15,"column":22}},"loc":{"start":{"line":16,"column":2},"end":{"line":17,"column":42}},"line":16},"1":{"name":"(anonymous_1)","decl":{"start":{"line":17,"column":10},"end":{"line":17,"column":11}},"loc":{"start":{"line":17,"column":18},"end":{"line":17,"column":41}},"line":17},"2":{"name":"(anonymous_2)","decl":{"start":{"line":18,"column":19},"end":{"line":18,"column":20}},"loc":{"start":{"line":19,"column":2},"end":{"line":20,"column":69}},"line":19},"3":{"name":"(anonymous_3)","decl":{"start":{"line":20,"column":10},"end":{"line":20,"column":11}},"loc":{"start":{"line":20,"column":18},"end":{"line":20,"column":68}},"line":20},"4":{"name":"(anonymous_4)","decl":{"start":{"line":21,"column":16},"end":{"line":21,"column":17}},"loc":{"start":{"line":21,"column":28},"end":{"line":21,"column":74}},"line":21},"5":{"name":"(anonymous_5)","decl":{"start":{"line":23,"column":23},"end":{"line":23,"column":24}},"loc":{"start":{"line":24,"column":2},"end":{"line":37,"column":6}},"line":24},"6":{"name":"(anonymous_6)","decl":{"start":{"line":24,"column":2},"end":{"line":24,"column":3}},"loc":{"start":{"line":24,"column":26},"end":{"line":37,"column":6}},"line":24},"7":{"name":"(anonymous_7)","decl":{"start":{"line":25,"column":10},"end":{"line":25,"column":11}},"loc":{"start":{"line":25,"column":20},"end":{"line":37,"column":5}},"line":25},"8":{"name":"(anonymous_8)","decl":{"start":{"line":39,"column":18},"end":{"line":39,"column":19}},"loc":{"start":{"line":39,"column":24},"end":{"line":47,"column":4}},"line":39},"9":{"name":"(anonymous_9)","decl":{"start":{"line":39,"column":24},"end":{"line":39,"column":25}},"loc":{"start":{"line":39,"column":36},"end":{"line":47,"column":4}},"line":39},"10":{"name":"(anonymous_10)","decl":{"start":{"line":40,"column":8},"end":{"line":40,"column":9}},"loc":{"start":{"line":40,"column":18},"end":{"line":47,"column":3}},"line":40},"11":{"name":"(anonymous_11)","decl":{"start":{"line":49,"column":23},"end":{"line":49,"column":24}},"loc":{"start":{"line":49,"column":32},"end":{"line":57,"column":4}},"line":49},"12":{"name":"(anonymous_12)","decl":{"start":{"line":49,"column":32},"end":{"line":49,"column":33}},"loc":{"start":{"line":49,"column":44},"end":{"line":57,"column":4}},"line":49},"13":{"name":"(anonymous_13)","decl":{"start":{"line":50,"column":8},"end":{"line":50,"column":9}},"loc":{"start":{"line":50,"column":18},"end":{"line":57,"column":3}},"line":50},"14":{"name":"(anonymous_14)","decl":{"start":{"line":59,"column":22},"end":{"line":59,"column":23}},"loc":{"start":{"line":59,"column":29},"end":{"line":61,"column":1}},"line":59},"15":{"name":"(anonymous_15)","decl":{"start":{"line":63,"column":21},"end":{"line":63,"column":22}},"loc":{"start":{"line":63,"column":30},"end":{"line":71,"column":4}},"line":63},"16":{"name":"(anonymous_16)","decl":{"start":{"line":63,"column":30},"end":{"line":63,"column":31}},"loc":{"start":{"line":63,"column":42},"end":{"line":71,"column":4}},"line":63},"17":{"name":"(anonymous_17)","decl":{"start":{"line":64,"column":8},"end":{"line":64,"column":9}},"loc":{"start":{"line":64,"column":18},"end":{"line":71,"column":3}},"line":64},"18":{"name":"(anonymous_18)","decl":{"start":{"line":73,"column":20},"end":{"line":73,"column":21}},"loc":{"start":{"line":73,"column":27},"end":{"line":75,"column":1}},"line":73},"19":{"name":"(anonymous_19)","decl":{"start":{"line":77,"column":24},"end":{"line":77,"column":25}},"loc":{"start":{"line":77,"column":33},"end":{"line":85,"column":4}},"line":77},"20":{"name":"(anonymous_20)","decl":{"start":{"line":77,"column":33},"end":{"line":77,"column":34}},"loc":{"start":{"line":77,"column":45},"end":{"line":85,"column":4}},"line":77},"21":{"name":"(anonymous_21)","decl":{"start":{"line":78,"column":8},"end":{"line":78,"column":9}},"loc":{"start":{"line":78,"column":18},"end":{"line":85,"column":3}},"line":78},"22":{"name":"(anonymous_22)","decl":{"start":{"line":87,"column":23},"end":{"line":87,"column":24}},"loc":{"start":{"line":87,"column":30},"end":{"line":89,"column":1}},"line":87},"23":{"name":"(anonymous_23)","decl":{"start":{"line":91,"column":17},"end":{"line":91,"column":18}},"loc":{"start":{"line":91,"column":23},"end":{"line":110,"column":4}},"line":91},"24":{"name":"(anonymous_24)","decl":{"start":{"line":91,"column":23},"end":{"line":91,"column":24}},"loc":{"start":{"line":91,"column":35},"end":{"line":110,"column":4}},"line":91},"25":{"name":"(anonymous_25)","decl":{"start":{"line":92,"column":8},"end":{"line":92,"column":9}},"loc":{"start":{"line":92,"column":18},"end":{"line":110,"column":3}},"line":92}},"branchMap":{"0":{"loc":{"start":{"line":20,"column":18},"end":{"line":20,"column":68}},"type":"binary-expr","locations":[{"start":{"line":20,"column":18},"end":{"line":20,"column":39}},{"start":{"line":20,"column":43},"end":{"line":20,"column":68}}],"line":20},"1":{"loc":{"start":{"line":23,"column":33},"end":{"line":23,"column":47}},"type":"default-arg","locations":[{"start":{"line":23,"column":42},"end":{"line":23,"column":47}}],"line":23},"2":{"loc":{"start":{"line":30,"column":15},"end":{"line":30,"column":73}},"type":"cond-expr","locations":[{"start":{"line":30,"column":24},"end":{"line":30,"column":58}},{"start":{"line":30,"column":61},"end":{"line":30,"column":73}}],"line":30}},"s":{"0":2,"1":1,"2":3,"3":2,"4":1,"5":3,"6":2,"7":1,"8":2,"9":2,"10":2,"11":2,"12":2,"13":2,"14":2,"15":1,"16":1,"17":1,"18":1,"19":2,"20":1,"21":1,"22":1,"23":1,"24":2,"25":1,"26":2,"27":1,"28":1,"29":1,"30":1,"31":2,"32":1,"33":2,"34":1,"35":1,"36":1,"37":1,"38":2,"39":1,"40":2,"41":1,"42":1,"43":1,"44":1,"45":2},"f":{"0":1,"1":3,"2":1,"3":3,"4":1,"5":2,"6":2,"7":2,"8":1,"9":1,"10":1,"11":1,"12":1,"13":1,"14":1,"15":1,"16":1,"17":1,"18":1,"19":1,"20":1,"21":1,"22":1,"23":1,"24":1,"25":1},"b":{"0":[3,2],"1":[1],"2":[1,1]},"_coverageSchema":"332fd63041d2c1bcb487cc26dd0d5f7d97098a6c","hash":"7547ec4490876f3127b348fd37795e5b7de5def1"}
,"/private/var/www/tmdb-client/src/actions/types.js": {"path":"/private/var/www/tmdb-client/src/actions/types.js","statementMap":{"0":{"start":{"line":1,"column":31},"end":{"line":1,"column":48}},"1":{"start":{"line":2,"column":26},"end":{"line":2,"column":38}},"2":{"start":{"line":3,"column":31},"end":{"line":3,"column":48}},"3":{"start":{"line":4,"column":30},"end":{"line":4,"column":46}},"4":{"start":{"line":5,"column":29},"end":{"line":5,"column":44}},"5":{"start":{"line":6,"column":28},"end":{"line":6,"column":42}},"6":{"start":{"line":7,"column":32},"end":{"line":7,"column":50}},"7":{"start":{"line":8,"column":31},"end":{"line":8,"column":48}},"8":{"start":{"line":9,"column":25},"end":{"line":9,"column":36}}},"fnMap":{},"branchMap":{},"s":{"0":3,"1":3,"2":3,"3":3,"4":3,"5":3,"6":3,"7":3,"8":3},"f":{},"b":{},"_coverageSchema":"332fd63041d2c1bcb487cc26dd0d5f7d97098a6c","hash":"e6589348e4186ba6c9ae5d918eedea8afadd426a"}
,"/private/var/www/tmdb-client/src/components/LoadMore/LoadMore.jsx": {"path":"/private/var/www/tmdb-client/src/components/LoadMore/LoadMore.jsx","statementMap":{"0":{"start":{"line":6,"column":17},"end":{"line":12,"column":1}},"1":{"start":{"line":7,"column":2},"end":{"line":11,"column":8}},"2":{"start":{"line":8,"column":53},"end":{"line":8,"column":71}},"3":{"start":{"line":14,"column":0},"end":{"line":19,"column":2}},"4":{"start":{"line":21,"column":0},"end":{"line":25,"column":2}}},"fnMap":{"0":{"name":"(anonymous_0)","decl":{"start":{"line":6,"column":17},"end":{"line":6,"column":18}},"loc":{"start":{"line":7,"column":2},"end":{"line":11,"column":8}},"line":7},"1":{"name":"(anonymous_1)","decl":{"start":{"line":8,"column":47},"end":{"line":8,"column":48}},"loc":{"start":{"line":8,"column":53},"end":{"line":8,"column":71}},"line":8},"2":{"name":"(anonymous_2)","decl":{"start":{"line":23,"column":12},"end":{"line":23,"column":13}},"loc":{"start":{"line":23,"column":18},"end":{"line":23,"column":20}},"line":23}},"branchMap":{"0":{"loc":{"start":{"line":9,"column":8},"end":{"line":9,"column":47}},"type":"cond-expr","locations":[{"start":{"line":9,"column":20},"end":{"line":9,"column":39}},{"start":{"line":9,"column":42},"end":{"line":9,"column":47}}],"line":9}},"s":{"0":1,"1":0,"2":0,"3":1,"4":1},"f":{"0":0,"1":0,"2":0},"b":{"0":[0,0]},"_coverageSchema":"332fd63041d2c1bcb487cc26dd0d5f7d97098a6c","hash":"7ee4f4d4e8dc8b8d55a4366a19323ebc16959a48"}
,"/private/var/www/tmdb-client/src/components/LoadMore/index.js": {"path":"/private/var/www/tmdb-client/src/components/LoadMore/index.js","statementMap":{},"fnMap":{},"branchMap":{},"s":{},"f":{},"b":{},"_coverageSchema":"332fd63041d2c1bcb487cc26dd0d5f7d97098a6c","hash":"db8189fffde51a6221c0e33665df8405c6cec6fc"}
,"/private/var/www/tmdb-client/src/components/Loader/Loader.jsx": {"path":"/private/var/www/tmdb-client/src/components/Loader/Loader.jsx","statementMap":{"0":{"start":{"line":7,"column":15},"end":{"line":11,"column":1}},"1":{"start":{"line":8,"column":2},"end":{"line":10,"column":8}},"2":{"start":{"line":13,"column":0},"end":{"line":15,"column":2}},"3":{"start":{"line":17,"column":0},"end":{"line":19,"column":2}}},"fnMap":{"0":{"name":"(anonymous_0)","decl":{"start":{"line":7,"column":15},"end":{"line":7,"column":16}},"loc":{"start":{"line":8,"column":2},"end":{"line":10,"column":8}},"line":8}},"branchMap":{},"s":{"0":3,"1":0,"2":3,"3":3},"f":{"0":0},"b":{},"_coverageSchema":"332fd63041d2c1bcb487cc26dd0d5f7d97098a6c","hash":"b70cf213269fce6534b2c7f106407acbdfcde205"}
,"/private/var/www/tmdb-client/src/components/Loader/index.js": {"path":"/private/var/www/tmdb-client/src/components/Loader/index.js","statementMap":{},"fnMap":{},"branchMap":{},"s":{},"f":{},"b":{},"_coverageSchema":"332fd63041d2c1bcb487cc26dd0d5f7d97098a6c","hash":"5173dbd031bea3257102ade07fd092e1abe90fd7"}
,"/private/var/www/tmdb-client/src/components/Movie/Movie.jsx": {"path":"/private/var/www/tmdb-client/src/components/Movie/Movie.jsx","statementMap":{"0":{"start":{"line":10,"column":4},"end":{"line":10,"column":17}},"1":{"start":{"line":12,"column":4},"end":{"line":12,"column":31}},"2":{"start":{"line":16,"column":4},"end":{"line":16,"column":67}},"3":{"start":{"line":20,"column":4},"end":{"line":27,"column":5}},"4":{"start":{"line":21,"column":6},"end":{"line":26,"column":8}},"5":{"start":{"line":29,"column":4},"end":{"line":31,"column":6}},"6":{"start":{"line":35,"column":4},"end":{"line":70,"column":6}},"7":{"start":{"line":46,"column":28},"end":{"line":46,"column":57}},"8":{"start":{"line":49,"column":27},"end":{"line":49,"column":41}},"9":{"start":{"line":74,"column":0},"end":{"line":84,"column":2}},"10":{"start":{"line":86,"column":0},"end":{"line":96,"column":2}}},"fnMap":{"0":{"name":"(anonymous_0)","decl":{"start":{"line":9,"column":2},"end":{"line":9,"column":3}},"loc":{"start":{"line":9,"column":21},"end":{"line":13,"column":3}},"line":9},"1":{"name":"(anonymous_1)","decl":{"start":{"line":15,"column":2},"end":{"line":15,"column":3}},"loc":{"start":{"line":15,"column":12},"end":{"line":17,"column":3}},"line":15},"2":{"name":"(anonymous_2)","decl":{"start":{"line":19,"column":2},"end":{"line":19,"column":3}},"loc":{"start":{"line":19,"column":19},"end":{"line":32,"column":3}},"line":19},"3":{"name":"(anonymous_3)","decl":{"start":{"line":34,"column":2},"end":{"line":34,"column":3}},"loc":{"start":{"line":34,"column":11},"end":{"line":71,"column":3}},"line":34},"4":{"name":"(anonymous_4)","decl":{"start":{"line":46,"column":17},"end":{"line":46,"column":18}},"loc":{"start":{"line":46,"column":28},"end":{"line":46,"column":57}},"line":46},"5":{"name":"(anonymous_5)","decl":{"start":{"line":49,"column":21},"end":{"line":49,"column":22}},"loc":{"start":{"line":49,"column":27},"end":{"line":49,"column":41}},"line":49},"6":{"name":"(anonymous_6)","decl":{"start":{"line":95,"column":11},"end":{"line":95,"column":12}},"loc":{"start":{"line":95,"column":17},"end":{"line":95,"column":19}},"line":95}},"branchMap":{"0":{"loc":{"start":{"line":16,"column":4},"end":{"line":16,"column":66}},"type":"binary-expr","locations":[{"start":{"line":16,"column":4},"end":{"line":16,"column":23}},{"start":{"line":16,"column":27},"end":{"line":16,"column":66}}],"line":16},"1":{"loc":{"start":{"line":20,"column":4},"end":{"line":27,"column":5}},"type":"if","locations":[{"start":{"line":20,"column":4},"end":{"line":27,"column":5}},{"start":{"line":20,"column":4},"end":{"line":27,"column":5}}],"line":20},"2":{"loc":{"start":{"line":52,"column":14},"end":{"line":52,"column":74}},"type":"binary-expr","locations":[{"start":{"line":52,"column":14},"end":{"line":52,"column":34}},{"start":{"line":52,"column":38},"end":{"line":52,"column":74}}],"line":52},"3":{"loc":{"start":{"line":57,"column":14},"end":{"line":58,"column":73}},"type":"binary-expr","locations":[{"start":{"line":57,"column":14},"end":{"line":57,"column":59}},{"start":{"line":58,"column":19},"end":{"line":58,"column":73}}],"line":57},"4":{"loc":{"start":{"line":63,"column":16},"end":{"line":64,"column":140}},"type":"binary-expr","locations":[{"start":{"line":63,"column":16},"end":{"line":63,"column":47}},{"start":{"line":64,"column":16},"end":{"line":64,"column":140}}],"line":63}},"s":{"0":5,"1":5,"2":1,"3":5,"4":4,"5":1,"6":5,"7":0,"8":1,"9":3,"10":3},"f":{"0":5,"1":1,"2":5,"3":5,"4":0,"5":1,"6":0},"b":{"0":[1,1],"1":[4,1],"2":[5,1],"3":[5,0],"4":[5,0]},"_coverageSchema":"332fd63041d2c1bcb487cc26dd0d5f7d97098a6c","hash":"8ec710c9823d9f39a17f85676a4bc760ad7de005"}
,"/private/var/www/tmdb-client/src/components/Movie/index.js": {"path":"/private/var/www/tmdb-client/src/components/Movie/index.js","statementMap":{},"fnMap":{},"branchMap":{},"s":{},"f":{},"b":{},"_coverageSchema":"332fd63041d2c1bcb487cc26dd0d5f7d97098a6c","hash":"dd3b038ea09d2ff9018768ba83cd659810f6c30b"}
,"/private/var/www/tmdb-client/src/components/MovieDetails/MovieDetails.jsx": {"path":"/private/var/www/tmdb-client/src/components/MovieDetails/MovieDetails.jsx","statementMap":{"0":{"start":{"line":8,"column":20},"end":{"line":25,"column":1}},"1":{"start":{"line":9,"column":2},"end":{"line":11,"column":3}},"2":{"start":{"line":10,"column":4},"end":{"line":10,"column":16}},"3":{"start":{"line":13,"column":2},"end":{"line":24,"column":4}},"4":{"start":{"line":17,"column":8},"end":{"line":21,"column":24}},"5":{"start":{"line":27,"column":21},"end":{"line":72,"column":1}},"6":{"start":{"line":38,"column":2},"end":{"line":71,"column":12}},"7":{"start":{"line":74,"column":0},"end":{"line":74,"column":47}},"8":{"start":{"line":76,"column":0},"end":{"line":86,"column":2}}},"fnMap":{"0":{"name":"(anonymous_0)","decl":{"start":{"line":8,"column":20},"end":{"line":8,"column":21}},"loc":{"start":{"line":8,"column":38},"end":{"line":25,"column":1}},"line":8},"1":{"name":"(anonymous_1)","decl":{"start":{"line":16,"column":18},"end":{"line":16,"column":19}},"loc":{"start":{"line":17,"column":8},"end":{"line":21,"column":24}},"line":17},"2":{"name":"(anonymous_2)","decl":{"start":{"line":27,"column":21},"end":{"line":27,"column":22}},"loc":{"start":{"line":38,"column":2},"end":{"line":71,"column":12}},"line":38}},"branchMap":{"0":{"loc":{"start":{"line":9,"column":2},"end":{"line":11,"column":3}},"type":"if","locations":[{"start":{"line":9,"column":2},"end":{"line":11,"column":3}},{"start":{"line":9,"column":2},"end":{"line":11,"column":3}}],"line":9},"1":{"loc":{"start":{"line":39,"column":6},"end":{"line":42,"column":12}},"type":"binary-expr","locations":[{"start":{"line":39,"column":6},"end":{"line":39,"column":11}},{"start":{"line":40,"column":6},"end":{"line":42,"column":12}}],"line":39},"2":{"loc":{"start":{"line":47,"column":10},"end":{"line":48,"column":86}},"type":"binary-expr","locations":[{"start":{"line":47,"column":10},"end":{"line":47,"column":33}},{"start":{"line":48,"column":10},"end":{"line":48,"column":86}}],"line":47},"3":{"loc":{"start":{"line":55,"column":8},"end":{"line":64,"column":12}},"type":"binary-expr","locations":[{"start":{"line":55,"column":8},"end":{"line":55,"column":15}},{"start":{"line":56,"column":8},"end":{"line":64,"column":12}}],"line":55}},"s":{"0":2,"1":32,"2":31,"3":1,"4":2,"5":2,"6":8,"7":2,"8":2},"f":{"0":32,"1":2,"2":8},"b":{"0":[31,1],"1":[8,1],"2":[8,1],"3":[8,1]},"_coverageSchema":"332fd63041d2c1bcb487cc26dd0d5f7d97098a6c","hash":"5e3da4fff8f395038fe2e70b42e23df2c18dcec5"}
,"/private/var/www/tmdb-client/src/components/MovieDetails/index.js": {"path":"/private/var/www/tmdb-client/src/components/MovieDetails/index.js","statementMap":{},"fnMap":{},"branchMap":{},"s":{},"f":{},"b":{},"_coverageSchema":"332fd63041d2c1bcb487cc26dd0d5f7d97098a6c","hash":"d2d5fea7a3e8e702f96da788a1a16e5da6ba4792"}
,"/private/var/www/tmdb-client/src/components/MovieDetails/types.js": {"path":"/private/var/www/tmdb-client/src/components/MovieDetails/types.js","statementMap":{"0":{"start":{"line":3,"column":25},"end":{"line":6,"column":2}},"1":{"start":{"line":8,"column":26},"end":{"line":11,"column":2}},"2":{"start":{"line":13,"column":37},"end":{"line":23,"column":1}}},"fnMap":{},"branchMap":{},"s":{"0":2,"1":2,"2":2},"f":{},"b":{},"_coverageSchema":"332fd63041d2c1bcb487cc26dd0d5f7d97098a6c","hash":"9e7f6764452457fb2d1b14b085ad2193a0c9df30"}
,"/private/var/www/tmdb-client/src/components/MovieList/MovieList.jsx": {"path":"/private/var/www/tmdb-client/src/components/MovieList/MovieList.jsx","statementMap":{"0":{"start":{"line":11,"column":4},"end":{"line":24,"column":7}},"1":{"start":{"line":12,"column":6},"end":{"line":23,"column":8}},"2":{"start":{"line":22,"column":28},"end":{"line":22,"column":70}},"3":{"start":{"line":28,"column":4},"end":{"line":30,"column":5}},"4":{"start":{"line":29,"column":6},"end":{"line":29,"column":18}},"5":{"start":{"line":32,"column":4},"end":{"line":36,"column":6}},"6":{"start":{"line":40,"column":4},"end":{"line":51,"column":6}},"7":{"start":{"line":55,"column":0},"end":{"line":60,"column":2}},"8":{"start":{"line":62,"column":0},"end":{"line":67,"column":2}}},"fnMap":{"0":{"name":"(anonymous_0)","decl":{"start":{"line":10,"column":2},"end":{"line":10,"column":3}},"loc":{"start":{"line":10,"column":17},"end":{"line":25,"column":3}},"line":10},"1":{"name":"(anonymous_1)","decl":{"start":{"line":11,"column":33},"end":{"line":11,"column":34}},"loc":{"start":{"line":12,"column":6},"end":{"line":23,"column":8}},"line":12},"2":{"name":"(anonymous_2)","decl":{"start":{"line":22,"column":17},"end":{"line":22,"column":18}},"loc":{"start":{"line":22,"column":28},"end":{"line":22,"column":70}},"line":22},"3":{"name":"(anonymous_3)","decl":{"start":{"line":27,"column":2},"end":{"line":27,"column":3}},"loc":{"start":{"line":27,"column":18},"end":{"line":37,"column":3}},"line":27},"4":{"name":"(anonymous_4)","decl":{"start":{"line":39,"column":2},"end":{"line":39,"column":3}},"loc":{"start":{"line":39,"column":11},"end":{"line":52,"column":3}},"line":39},"5":{"name":"(anonymous_5)","decl":{"start":{"line":66,"column":17},"end":{"line":66,"column":18}},"loc":{"start":{"line":66,"column":23},"end":{"line":66,"column":25}},"line":66}},"branchMap":{"0":{"loc":{"start":{"line":28,"column":4},"end":{"line":30,"column":5}},"type":"if","locations":[{"start":{"line":28,"column":4},"end":{"line":30,"column":5}},{"start":{"line":28,"column":4},"end":{"line":30,"column":5}}],"line":28}},"s":{"0":3,"1":1,"2":1,"3":3,"4":2,"5":1,"6":3,"7":2,"8":2},"f":{"0":3,"1":1,"2":1,"3":3,"4":3,"5":0},"b":{"0":[2,1]},"_coverageSchema":"332fd63041d2c1bcb487cc26dd0d5f7d97098a6c","hash":"874c5086aa77a3dbbfc06b8b8bf709fe4a764b4a"}
,"/private/var/www/tmdb-client/src/components/MovieList/index.js": {"path":"/private/var/www/tmdb-client/src/components/MovieList/index.js","statementMap":{},"fnMap":{},"branchMap":{},"s":{},"f":{},"b":{},"_coverageSchema":"332fd63041d2c1bcb487cc26dd0d5f7d97098a6c","hash":"48ad5aaded9ebddbb22f8ea1fecec00ca4289063"}
,"/private/var/www/tmdb-client/src/components/MovieSearch/MovieSearch.jsx": {"path":"/private/var/www/tmdb-client/src/components/MovieSearch/MovieSearch.jsx","statementMap":{"0":{"start":{"line":19,"column":4},"end":{"line":19,"column":17}},"1":{"start":{"line":21,"column":4},"end":{"line":26,"column":6}},"2":{"start":{"line":28,"column":4},"end":{"line":28,"column":45}},"3":{"start":{"line":29,"column":4},"end":{"line":29,"column":55}},"4":{"start":{"line":30,"column":4},"end":{"line":30,"column":53}},"5":{"start":{"line":32,"column":4},"end":{"line":32,"column":31}},"6":{"start":{"line":36,"column":4},"end":{"line":36,"column":21}},"7":{"start":{"line":40,"column":4},"end":{"line":40,"column":39}},"8":{"start":{"line":41,"column":4},"end":{"line":43,"column":56}},"9":{"start":{"line":42,"column":18},"end":{"line":42,"column":53}},"10":{"start":{"line":43,"column":19},"end":{"line":43,"column":54}},"11":{"start":{"line":47,"column":4},"end":{"line":49,"column":18}},"12":{"start":{"line":47,"column":57},"end":{"line":47,"column":91}},"13":{"start":{"line":53,"column":4},"end":{"line":57,"column":7}},"14":{"start":{"line":56,"column":6},"end":{"line":56,"column":44}},"15":{"start":{"line":61,"column":4},"end":{"line":70,"column":6}},"16":{"start":{"line":74,"column":4},"end":{"line":83,"column":6}},"17":{"start":{"line":87,"column":4},"end":{"line":92,"column":6}},"18":{"start":{"line":96,"column":4},"end":{"line":98,"column":5}},"19":{"start":{"line":97,"column":6},"end":{"line":97,"column":16}},"20":{"start":{"line":99,"column":27},"end":{"line":99,"column":62}},"21":{"start":{"line":101,"column":4},"end":{"line":103,"column":5}},"22":{"start":{"line":102,"column":6},"end":{"line":102,"column":16}},"23":{"start":{"line":105,"column":4},"end":{"line":109,"column":8}},"24":{"start":{"line":105,"column":43},"end":{"line":109,"column":5}},"25":{"start":{"line":113,"column":4},"end":{"line":117,"column":6}},"26":{"start":{"line":121,"column":4},"end":{"line":123,"column":5}},"27":{"start":{"line":122,"column":6},"end":{"line":122,"column":16}},"28":{"start":{"line":125,"column":18},"end":{"line":125,"column":19}},"29":{"start":{"line":127,"column":4},"end":{"line":137,"column":46}},"30":{"start":{"line":127,"column":44},"end":{"line":136,"column":5}},"31":{"start":{"line":134,"column":64},"end":{"line":134,"column":94}},"32":{"start":{"line":137,"column":31},"end":{"line":137,"column":44}},"33":{"start":{"line":141,"column":4},"end":{"line":145,"column":6}},"34":{"start":{"line":149,"column":4},"end":{"line":151,"column":5}},"35":{"start":{"line":150,"column":6},"end":{"line":150,"column":16}},"36":{"start":{"line":153,"column":18},"end":{"line":153,"column":19}},"37":{"start":{"line":155,"column":4},"end":{"line":164,"column":46}},"38":{"start":{"line":155,"column":48},"end":{"line":163,"column":5}},"39":{"start":{"line":164,"column":31},"end":{"line":164,"column":44}},"40":{"start":{"line":168,"column":4},"end":{"line":174,"column":6}},"41":{"start":{"line":178,"column":4},"end":{"line":184,"column":6}},"42":{"start":{"line":188,"column":4},"end":{"line":192,"column":6}},"43":{"start":{"line":191,"column":46},"end":{"line":191,"column":97}},"44":{"start":{"line":196,"column":4},"end":{"line":200,"column":6}},"45":{"start":{"line":199,"column":48},"end":{"line":199,"column":101}},"46":{"start":{"line":204,"column":4},"end":{"line":212,"column":7}},"47":{"start":{"line":208,"column":6},"end":{"line":208,"column":34}},"48":{"start":{"line":209,"column":6},"end":{"line":209,"column":33}},"49":{"start":{"line":210,"column":6},"end":{"line":210,"column":31}},"50":{"start":{"line":211,"column":6},"end":{"line":211,"column":44}},"51":{"start":{"line":216,"column":42},"end":{"line":216,"column":81}},"52":{"start":{"line":218,"column":4},"end":{"line":218,"column":36}},"53":{"start":{"line":219,"column":4},"end":{"line":219,"column":41}},"54":{"start":{"line":223,"column":4},"end":{"line":228,"column":5}},"55":{"start":{"line":224,"column":6},"end":{"line":224,"column":34}},"56":{"start":{"line":225,"column":6},"end":{"line":225,"column":33}},"57":{"start":{"line":226,"column":6},"end":{"line":226,"column":31}},"58":{"start":{"line":227,"column":6},"end":{"line":227,"column":13}},"59":{"start":{"line":230,"column":4},"end":{"line":230,"column":38}},"60":{"start":{"line":231,"column":4},"end":{"line":231,"column":35}},"61":{"start":{"line":232,"column":4},"end":{"line":232,"column":37}},"62":{"start":{"line":236,"column":4},"end":{"line":241,"column":5}},"63":{"start":{"line":240,"column":6},"end":{"line":240,"column":18}},"64":{"start":{"line":243,"column":4},"end":{"line":257,"column":6}},"65":{"start":{"line":261,"column":4},"end":{"line":267,"column":5}},"66":{"start":{"line":266,"column":6},"end":{"line":266,"column":18}},"67":{"start":{"line":269,"column":4},"end":{"line":283,"column":6}},"68":{"start":{"line":287,"column":4},"end":{"line":294,"column":5}},"69":{"start":{"line":293,"column":6},"end":{"line":293,"column":16}},"70":{"start":{"line":296,"column":4},"end":{"line":309,"column":6}},"71":{"start":{"line":313,"column":4},"end":{"line":322,"column":40}},"72":{"start":{"line":322,"column":23},"end":{"line":322,"column":38}},"73":{"start":{"line":326,"column":4},"end":{"line":328,"column":5}},"74":{"start":{"line":327,"column":6},"end":{"line":327,"column":19}},"75":{"start":{"line":330,"column":17},"end":{"line":330,"column":54}},"76":{"start":{"line":332,"column":4},"end":{"line":332,"column":26}},"77":{"start":{"line":336,"column":4},"end":{"line":336,"column":56}},"78":{"start":{"line":340,"column":4},"end":{"line":342,"column":13}},"79":{"start":{"line":341,"column":16},"end":{"line":341,"column":55}},"80":{"start":{"line":346,"column":4},"end":{"line":352,"column":13}},"81":{"start":{"line":347,"column":16},"end":{"line":351,"column":44}},"82":{"start":{"line":356,"column":17},"end":{"line":356,"column":32}},"83":{"start":{"line":358,"column":4},"end":{"line":359,"column":35}},"84":{"start":{"line":363,"column":4},"end":{"line":372,"column":6}},"85":{"start":{"line":364,"column":49},"end":{"line":364,"column":70}},"86":{"start":{"line":365,"column":50},"end":{"line":365,"column":72}},"87":{"start":{"line":366,"column":49},"end":{"line":366,"column":70}},"88":{"start":{"line":367,"column":52},"end":{"line":367,"column":76}},"89":{"start":{"line":368,"column":50},"end":{"line":368,"column":73}},"90":{"start":{"line":369,"column":53},"end":{"line":369,"column":77}},"91":{"start":{"line":370,"column":50},"end":{"line":370,"column":75}},"92":{"start":{"line":376,"column":4},"end":{"line":376,"column":38}},"93":{"start":{"line":380,"column":4},"end":{"line":380,"column":41}},"94":{"start":{"line":384,"column":4},"end":{"line":388,"column":7}},"95":{"start":{"line":392,"column":4},"end":{"line":407,"column":6}},"96":{"start":{"line":411,"column":0},"end":{"line":424,"column":2}},"97":{"start":{"line":426,"column":0},"end":{"line":439,"column":2}}},"fnMap":{"0":{"name":"(anonymous_0)","decl":{"start":{"line":18,"column":2},"end":{"line":18,"column":3}},"loc":{"start":{"line":18,"column":21},"end":{"line":33,"column":3}},"line":18},"1":{"name":"(anonymous_1)","decl":{"start":{"line":35,"column":2},"end":{"line":35,"column":3}},"loc":{"start":{"line":35,"column":22},"end":{"line":37,"column":3}},"line":35},"2":{"name":"(anonymous_2)","decl":{"start":{"line":39,"column":2},"end":{"line":39,"column":3}},"loc":{"start":{"line":39,"column":14},"end":{"line":44,"column":3}},"line":39},"3":{"name":"(anonymous_3)","decl":{"start":{"line":42,"column":12},"end":{"line":42,"column":13}},"loc":{"start":{"line":42,"column":18},"end":{"line":42,"column":53}},"line":42},"4":{"name":"(anonymous_4)","decl":{"start":{"line":43,"column":13},"end":{"line":43,"column":14}},"loc":{"start":{"line":43,"column":19},"end":{"line":43,"column":54}},"line":43},"5":{"name":"(anonymous_5)","decl":{"start":{"line":46,"column":2},"end":{"line":46,"column":3}},"loc":{"start":{"line":46,"column":24},"end":{"line":50,"column":3}},"line":46},"6":{"name":"(anonymous_6)","decl":{"start":{"line":47,"column":48},"end":{"line":47,"column":49}},"loc":{"start":{"line":47,"column":57},"end":{"line":47,"column":91}},"line":47},"7":{"name":"(anonymous_7)","decl":{"start":{"line":52,"column":2},"end":{"line":52,"column":3}},"loc":{"start":{"line":52,"column":22},"end":{"line":58,"column":3}},"line":52},"8":{"name":"(anonymous_8)","decl":{"start":{"line":55,"column":7},"end":{"line":55,"column":8}},"loc":{"start":{"line":55,"column":13},"end":{"line":57,"column":5}},"line":55},"9":{"name":"(anonymous_9)","decl":{"start":{"line":60,"column":2},"end":{"line":60,"column":3}},"loc":{"start":{"line":60,"column":20},"end":{"line":71,"column":3}},"line":60},"10":{"name":"(anonymous_10)","decl":{"start":{"line":73,"column":2},"end":{"line":73,"column":3}},"loc":{"start":{"line":73,"column":23},"end":{"line":84,"column":3}},"line":73},"11":{"name":"(anonymous_11)","decl":{"start":{"line":86,"column":2},"end":{"line":86,"column":3}},"loc":{"start":{"line":86,"column":27},"end":{"line":93,"column":3}},"line":86},"12":{"name":"(anonymous_12)","decl":{"start":{"line":95,"column":2},"end":{"line":95,"column":3}},"loc":{"start":{"line":95,"column":23},"end":{"line":110,"column":3}},"line":95},"13":{"name":"(anonymous_13)","decl":{"start":{"line":105,"column":30},"end":{"line":105,"column":31}},"loc":{"start":{"line":105,"column":43},"end":{"line":109,"column":5}},"line":105},"14":{"name":"(anonymous_14)","decl":{"start":{"line":112,"column":2},"end":{"line":112,"column":3}},"loc":{"start":{"line":112,"column":25},"end":{"line":118,"column":3}},"line":112},"15":{"name":"(anonymous_15)","decl":{"start":{"line":120,"column":2},"end":{"line":120,"column":3}},"loc":{"start":{"line":120,"column":21},"end":{"line":138,"column":3}},"line":120},"16":{"name":"(anonymous_16)","decl":{"start":{"line":127,"column":33},"end":{"line":127,"column":34}},"loc":{"start":{"line":127,"column":44},"end":{"line":136,"column":5}},"line":127},"17":{"name":"(anonymous_17)","decl":{"start":{"line":134,"column":55},"end":{"line":134,"column":56}},"loc":{"start":{"line":134,"column":64},"end":{"line":134,"column":94}},"line":134},"18":{"name":"(anonymous_18)","decl":{"start":{"line":137,"column":12},"end":{"line":137,"column":13}},"loc":{"start":{"line":137,"column":31},"end":{"line":137,"column":44}},"line":137},"19":{"name":"(anonymous_19)","decl":{"start":{"line":140,"column":2},"end":{"line":140,"column":3}},"loc":{"start":{"line":140,"column":28},"end":{"line":146,"column":3}},"line":140},"20":{"name":"(anonymous_20)","decl":{"start":{"line":148,"column":2},"end":{"line":148,"column":3}},"loc":{"start":{"line":148,"column":24},"end":{"line":165,"column":3}},"line":148},"21":{"name":"(anonymous_21)","decl":{"start":{"line":155,"column":36},"end":{"line":155,"column":37}},"loc":{"start":{"line":155,"column":48},"end":{"line":163,"column":5}},"line":155},"22":{"name":"(anonymous_22)","decl":{"start":{"line":164,"column":12},"end":{"line":164,"column":13}},"loc":{"start":{"line":164,"column":31},"end":{"line":164,"column":44}},"line":164},"23":{"name":"(anonymous_23)","decl":{"start":{"line":167,"column":2},"end":{"line":167,"column":3}},"loc":{"start":{"line":167,"column":23},"end":{"line":175,"column":3}},"line":167},"24":{"name":"(anonymous_24)","decl":{"start":{"line":177,"column":2},"end":{"line":177,"column":3}},"loc":{"start":{"line":177,"column":23},"end":{"line":185,"column":3}},"line":177},"25":{"name":"(anonymous_25)","decl":{"start":{"line":187,"column":2},"end":{"line":187,"column":3}},"loc":{"start":{"line":187,"column":24},"end":{"line":193,"column":3}},"line":187},"26":{"name":"(anonymous_26)","decl":{"start":{"line":191,"column":37},"end":{"line":191,"column":38}},"loc":{"start":{"line":191,"column":46},"end":{"line":191,"column":97}},"line":191},"27":{"name":"(anonymous_27)","decl":{"start":{"line":195,"column":2},"end":{"line":195,"column":3}},"loc":{"start":{"line":195,"column":26},"end":{"line":201,"column":3}},"line":195},"28":{"name":"(anonymous_28)","decl":{"start":{"line":199,"column":39},"end":{"line":199,"column":40}},"loc":{"start":{"line":199,"column":48},"end":{"line":199,"column":101}},"line":199},"29":{"name":"(anonymous_29)","decl":{"start":{"line":203,"column":2},"end":{"line":203,"column":3}},"loc":{"start":{"line":203,"column":19},"end":{"line":213,"column":3}},"line":203},"30":{"name":"(anonymous_30)","decl":{"start":{"line":207,"column":7},"end":{"line":207,"column":8}},"loc":{"start":{"line":207,"column":13},"end":{"line":212,"column":5}},"line":207},"31":{"name":"(anonymous_31)","decl":{"start":{"line":215,"column":2},"end":{"line":215,"column":3}},"loc":{"start":{"line":215,"column":23},"end":{"line":220,"column":3}},"line":215},"32":{"name":"(anonymous_32)","decl":{"start":{"line":222,"column":2},"end":{"line":222,"column":3}},"loc":{"start":{"line":222,"column":32},"end":{"line":233,"column":3}},"line":222},"33":{"name":"(anonymous_33)","decl":{"start":{"line":235,"column":2},"end":{"line":235,"column":3}},"loc":{"start":{"line":235,"column":28},"end":{"line":258,"column":3}},"line":235},"34":{"name":"(anonymous_34)","decl":{"start":{"line":260,"column":2},"end":{"line":260,"column":3}},"loc":{"start":{"line":260,"column":28},"end":{"line":284,"column":3}},"line":260},"35":{"name":"(anonymous_35)","decl":{"start":{"line":286,"column":2},"end":{"line":286,"column":3}},"loc":{"start":{"line":286,"column":26},"end":{"line":310,"column":3}},"line":286},"36":{"name":"(anonymous_36)","decl":{"start":{"line":312,"column":2},"end":{"line":312,"column":3}},"loc":{"start":{"line":312,"column":32},"end":{"line":323,"column":3}},"line":312},"37":{"name":"(anonymous_37)","decl":{"start":{"line":322,"column":14},"end":{"line":322,"column":15}},"loc":{"start":{"line":322,"column":23},"end":{"line":322,"column":38}},"line":322},"38":{"name":"(anonymous_38)","decl":{"start":{"line":325,"column":2},"end":{"line":325,"column":3}},"loc":{"start":{"line":325,"column":16},"end":{"line":333,"column":3}},"line":325},"39":{"name":"(anonymous_39)","decl":{"start":{"line":335,"column":2},"end":{"line":335,"column":3}},"loc":{"start":{"line":335,"column":18},"end":{"line":337,"column":3}},"line":335},"40":{"name":"(anonymous_40)","decl":{"start":{"line":339,"column":2},"end":{"line":339,"column":3}},"loc":{"start":{"line":339,"column":33},"end":{"line":343,"column":3}},"line":339},"41":{"name":"(anonymous_41)","decl":{"start":{"line":341,"column":6},"end":{"line":341,"column":7}},"loc":{"start":{"line":341,"column":16},"end":{"line":341,"column":55}},"line":341},"42":{"name":"(anonymous_42)","decl":{"start":{"line":345,"column":2},"end":{"line":345,"column":3}},"loc":{"start":{"line":345,"column":33},"end":{"line":353,"column":3}},"line":345},"43":{"name":"(anonymous_43)","decl":{"start":{"line":347,"column":6},"end":{"line":347,"column":7}},"loc":{"start":{"line":347,"column":16},"end":{"line":351,"column":44}},"line":347},"44":{"name":"(anonymous_44)","decl":{"start":{"line":355,"column":2},"end":{"line":355,"column":3}},"loc":{"start":{"line":355,"column":16},"end":{"line":360,"column":3}},"line":355},"45":{"name":"(anonymous_45)","decl":{"start":{"line":362,"column":2},"end":{"line":362,"column":3}},"loc":{"start":{"line":362,"column":14},"end":{"line":373,"column":3}},"line":362},"46":{"name":"(anonymous_46)","decl":{"start":{"line":364,"column":40},"end":{"line":364,"column":41}},"loc":{"start":{"line":364,"column":49},"end":{"line":364,"column":70}},"line":364},"47":{"name":"(anonymous_47)","decl":{"start":{"line":365,"column":41},"end":{"line":365,"column":42}},"loc":{"start":{"line":365,"column":50},"end":{"line":365,"column":72}},"line":365},"48":{"name":"(anonymous_48)","decl":{"start":{"line":366,"column":40},"end":{"line":366,"column":41}},"loc":{"start":{"line":366,"column":49},"end":{"line":366,"column":70}},"line":366},"49":{"name":"(anonymous_49)","decl":{"start":{"line":367,"column":43},"end":{"line":367,"column":44}},"loc":{"start":{"line":367,"column":52},"end":{"line":367,"column":76}},"line":367},"50":{"name":"(anonymous_50)","decl":{"start":{"line":368,"column":41},"end":{"line":368,"column":42}},"loc":{"start":{"line":368,"column":50},"end":{"line":368,"column":73}},"line":368},"51":{"name":"(anonymous_51)","decl":{"start":{"line":369,"column":44},"end":{"line":369,"column":45}},"loc":{"start":{"line":369,"column":53},"end":{"line":369,"column":77}},"line":369},"52":{"name":"(anonymous_52)","decl":{"start":{"line":370,"column":41},"end":{"line":370,"column":42}},"loc":{"start":{"line":370,"column":50},"end":{"line":370,"column":75}},"line":370},"53":{"name":"(anonymous_53)","decl":{"start":{"line":375,"column":2},"end":{"line":375,"column":3}},"loc":{"start":{"line":375,"column":23},"end":{"line":377,"column":3}},"line":375},"54":{"name":"(anonymous_54)","decl":{"start":{"line":379,"column":2},"end":{"line":379,"column":3}},"loc":{"start":{"line":379,"column":24},"end":{"line":381,"column":3}},"line":379},"55":{"name":"(anonymous_55)","decl":{"start":{"line":383,"column":2},"end":{"line":383,"column":3}},"loc":{"start":{"line":383,"column":34},"end":{"line":389,"column":3}},"line":383},"56":{"name":"(anonymous_56)","decl":{"start":{"line":391,"column":2},"end":{"line":391,"column":3}},"loc":{"start":{"line":391,"column":11},"end":{"line":408,"column":3}},"line":391},"57":{"name":"(anonymous_57)","decl":{"start":{"line":431,"column":12},"end":{"line":431,"column":13}},"loc":{"start":{"line":431,"column":18},"end":{"line":431,"column":20}},"line":431},"58":{"name":"(anonymous_58)","decl":{"start":{"line":432,"column":13},"end":{"line":432,"column":14}},"loc":{"start":{"line":432,"column":19},"end":{"line":432,"column":21}},"line":432},"59":{"name":"(anonymous_59)","decl":{"start":{"line":433,"column":18},"end":{"line":433,"column":19}},"loc":{"start":{"line":433,"column":24},"end":{"line":433,"column":26}},"line":433},"60":{"name":"(anonymous_60)","decl":{"start":{"line":434,"column":17},"end":{"line":434,"column":18}},"loc":{"start":{"line":434,"column":23},"end":{"line":434,"column":25}},"line":434},"61":{"name":"(anonymous_61)","decl":{"start":{"line":435,"column":16},"end":{"line":435,"column":17}},"loc":{"start":{"line":435,"column":22},"end":{"line":435,"column":24}},"line":435},"62":{"name":"(anonymous_62)","decl":{"start":{"line":436,"column":15},"end":{"line":436,"column":16}},"loc":{"start":{"line":436,"column":21},"end":{"line":436,"column":23}},"line":436},"63":{"name":"(anonymous_63)","decl":{"start":{"line":437,"column":19},"end":{"line":437,"column":20}},"loc":{"start":{"line":437,"column":25},"end":{"line":437,"column":27}},"line":437},"64":{"name":"(anonymous_64)","decl":{"start":{"line":438,"column":18},"end":{"line":438,"column":19}},"loc":{"start":{"line":438,"column":24},"end":{"line":438,"column":26}},"line":438}},"branchMap":{"0":{"loc":{"start":{"line":96,"column":4},"end":{"line":98,"column":5}},"type":"if","locations":[{"start":{"line":96,"column":4},"end":{"line":98,"column":5}},{"start":{"line":96,"column":4},"end":{"line":98,"column":5}}],"line":96},"1":{"loc":{"start":{"line":101,"column":4},"end":{"line":103,"column":5}},"type":"if","locations":[{"start":{"line":101,"column":4},"end":{"line":103,"column":5}},{"start":{"line":101,"column":4},"end":{"line":103,"column":5}}],"line":101},"2":{"loc":{"start":{"line":101,"column":8},"end":{"line":101,"column":49}},"type":"binary-expr","locations":[{"start":{"line":101,"column":8},"end":{"line":101,"column":23}},{"start":{"line":101,"column":27},"end":{"line":101,"column":49}}],"line":101},"3":{"loc":{"start":{"line":121,"column":4},"end":{"line":123,"column":5}},"type":"if","locations":[{"start":{"line":121,"column":4},"end":{"line":123,"column":5}},{"start":{"line":121,"column":4},"end":{"line":123,"column":5}}],"line":121},"4":{"loc":{"start":{"line":121,"column":8},"end":{"line":121,"column":55}},"type":"binary-expr","locations":[{"start":{"line":121,"column":8},"end":{"line":121,"column":26}},{"start":{"line":121,"column":30},"end":{"line":121,"column":55}}],"line":121},"5":{"loc":{"start":{"line":134,"column":14},"end":{"line":134,"column":96}},"type":"binary-expr","locations":[{"start":{"line":134,"column":14},"end":{"line":134,"column":30}},{"start":{"line":134,"column":34},"end":{"line":134,"column":96}}],"line":134},"6":{"loc":{"start":{"line":149,"column":4},"end":{"line":151,"column":5}},"type":"if","locations":[{"start":{"line":149,"column":4},"end":{"line":151,"column":5}},{"start":{"line":149,"column":4},"end":{"line":151,"column":5}}],"line":149},"7":{"loc":{"start":{"line":149,"column":8},"end":{"line":149,"column":61}},"type":"binary-expr","locations":[{"start":{"line":149,"column":8},"end":{"line":149,"column":29}},{"start":{"line":149,"column":33},"end":{"line":149,"column":61}}],"line":149},"8":{"loc":{"start":{"line":223,"column":4},"end":{"line":228,"column":5}},"type":"if","locations":[{"start":{"line":223,"column":4},"end":{"line":228,"column":5}},{"start":{"line":223,"column":4},"end":{"line":228,"column":5}}],"line":223},"9":{"loc":{"start":{"line":236,"column":4},"end":{"line":241,"column":5}},"type":"if","locations":[{"start":{"line":236,"column":4},"end":{"line":241,"column":5}},{"start":{"line":236,"column":4},"end":{"line":241,"column":5}}],"line":236},"10":{"loc":{"start":{"line":237,"column":6},"end":{"line":239,"column":56}},"type":"binary-expr","locations":[{"start":{"line":237,"column":6},"end":{"line":237,"column":23}},{"start":{"line":238,"column":9},"end":{"line":238,"column":39}},{"start":{"line":239,"column":9},"end":{"line":239,"column":56}}],"line":237},"11":{"loc":{"start":{"line":261,"column":4},"end":{"line":267,"column":5}},"type":"if","locations":[{"start":{"line":261,"column":4},"end":{"line":267,"column":5}},{"start":{"line":261,"column":4},"end":{"line":267,"column":5}}],"line":261},"12":{"loc":{"start":{"line":262,"column":6},"end":{"line":264,"column":29}},"type":"binary-expr","locations":[{"start":{"line":262,"column":6},"end":{"line":262,"column":23}},{"start":{"line":263,"column":9},"end":{"line":263,"column":41}},{"start":{"line":264,"column":9},"end":{"line":264,"column":29}}],"line":262},"13":{"loc":{"start":{"line":287,"column":4},"end":{"line":294,"column":5}},"type":"if","locations":[{"start":{"line":287,"column":4},"end":{"line":294,"column":5}},{"start":{"line":287,"column":4},"end":{"line":294,"column":5}}],"line":287},"14":{"loc":{"start":{"line":288,"column":6},"end":{"line":291,"column":30}},"type":"binary-expr","locations":[{"start":{"line":288,"column":6},"end":{"line":288,"column":23}},{"start":{"line":289,"column":9},"end":{"line":289,"column":41}},{"start":{"line":290,"column":9},"end":{"line":290,"column":29}},{"start":{"line":291,"column":9},"end":{"line":291,"column":30}}],"line":288},"15":{"loc":{"start":{"line":314,"column":6},"end":{"line":321,"column":15}},"type":"cond-expr","locations":[{"start":{"line":316,"column":6},"end":{"line":321,"column":7}},{"start":{"line":321,"column":10},"end":{"line":321,"column":15}}],"line":314},"16":{"loc":{"start":{"line":314,"column":6},"end":{"line":315,"column":57}},"type":"binary-expr","locations":[{"start":{"line":314,"column":6},"end":{"line":314,"column":35}},{"start":{"line":315,"column":9},"end":{"line":315,"column":57}}],"line":314},"17":{"loc":{"start":{"line":326,"column":4},"end":{"line":328,"column":5}},"type":"if","locations":[{"start":{"line":326,"column":4},"end":{"line":328,"column":5}},{"start":{"line":326,"column":4},"end":{"line":328,"column":5}}],"line":326},"18":{"loc":{"start":{"line":326,"column":8},"end":{"line":326,"column":53}},"type":"binary-expr","locations":[{"start":{"line":326,"column":8},"end":{"line":326,"column":33}},{"start":{"line":326,"column":37},"end":{"line":326,"column":53}}],"line":326},"19":{"loc":{"start":{"line":336,"column":11},"end":{"line":336,"column":55}},"type":"binary-expr","locations":[{"start":{"line":336,"column":11},"end":{"line":336,"column":36}},{"start":{"line":336,"column":40},"end":{"line":336,"column":55}}],"line":336},"20":{"loc":{"start":{"line":348,"column":8},"end":{"line":350,"column":13}},"type":"binary-expr","locations":[{"start":{"line":348,"column":8},"end":{"line":348,"column":20}},{"start":{"line":349,"column":11},"end":{"line":349,"column":31}},{"start":{"line":350,"column":11},"end":{"line":350,"column":13}}],"line":348},"21":{"loc":{"start":{"line":358,"column":11},"end":{"line":359,"column":34}},"type":"binary-expr","locations":[{"start":{"line":358,"column":11},"end":{"line":358,"column":47}},{"start":{"line":359,"column":9},"end":{"line":359,"column":34}}],"line":358}},"s":{"0":29,"1":29,"2":29,"3":29,"4":29,"5":29,"6":1,"7":1,"8":1,"9":1,"10":0,"11":29,"12":16,"13":0,"14":0,"15":55,"16":55,"17":55,"18":55,"19":43,"20":12,"21":12,"22":11,"23":1,"24":1,"25":55,"26":55,"27":54,"28":1,"29":1,"30":2,"31":0,"32":2,"33":55,"34":55,"35":54,"36":1,"37":1,"38":2,"39":2,"40":55,"41":55,"42":55,"43":2,"44":55,"45":2,"46":8,"47":8,"48":8,"49":8,"50":8,"51":16,"52":16,"53":16,"54":16,"55":4,"56":4,"57":4,"58":4,"59":12,"60":12,"61":12,"62":55,"63":49,"64":6,"65":55,"66":49,"67":6,"68":6,"69":5,"70":1,"71":6,"72":6,"73":12,"74":5,"75":7,"76":7,"77":18,"78":6,"79":1,"80":5,"81":1,"82":6,"83":6,"84":8,"85":8,"86":8,"87":8,"88":8,"89":8,"90":8,"91":8,"92":0,"93":2,"94":0,"95":55,"96":2,"97":2},"f":{"0":29,"1":1,"2":1,"3":1,"4":0,"5":29,"6":16,"7":0,"8":0,"9":55,"10":55,"11":55,"12":55,"13":1,"14":55,"15":55,"16":2,"17":0,"18":2,"19":55,"20":55,"21":2,"22":2,"23":55,"24":55,"25":55,"26":2,"27":55,"28":2,"29":8,"30":8,"31":16,"32":16,"33":55,"34":55,"35":6,"36":6,"37":6,"38":12,"39":18,"40":6,"41":1,"42":5,"43":1,"44":6,"45":8,"46":8,"47":8,"48":8,"49":8,"50":8,"51":8,"52":8,"53":0,"54":2,"55":0,"56":55,"57":6,"58":0,"59":11,"60":10,"61":11,"62":10,"63":11,"64":10},"b":{"0":[43,12],"1":[11,1],"2":[12,12],"3":[54,1],"4":[55,55],"5":[2,0],"6":[54,1],"7":[55,55],"8":[4,12],"9":[49,6],"10":[55,12,6],"11":[49,6],"12":[55,12,6],"13":[5,1],"14":[6,6,6,6],"15":[4,2],"16":[6,5],"17":[5,7],"18":[12,12],"19":[18,13],"20":[1,1,0],"21":[6,5]},"_coverageSchema":"332fd63041d2c1bcb487cc26dd0d5f7d97098a6c","hash":"9b1e7b49c136eed6ef5c64e48748cd8578468520"}
,"/private/var/www/tmdb-client/src/components/MovieSearch/MovieSearchContainer.jsx": {"path":"/private/var/www/tmdb-client/src/components/MovieSearch/MovieSearchContainer.jsx","statementMap":{"0":{"start":{"line":15,"column":29},"end":{"line":30,"column":1}},"1":{"start":{"line":16,"column":2},"end":{"line":29,"column":4}},"2":{"start":{"line":28,"column":24},"end":{"line":28,"column":46}},"3":{"start":{"line":32,"column":27},"end":{"line":40,"column":1}},"4":{"start":{"line":33,"column":27},"end":{"line":33,"column":48}},"5":{"start":{"line":34,"column":19},"end":{"line":34,"column":30}},"6":{"start":{"line":35,"column":23},"end":{"line":35,"column":38}},"7":{"start":{"line":36,"column":25},"end":{"line":36,"column":44}},"8":{"start":{"line":37,"column":21},"end":{"line":37,"column":34}},"9":{"start":{"line":38,"column":28},"end":{"line":38,"column":50}},"10":{"start":{"line":39,"column":24},"end":{"line":39,"column":40}},"11":{"start":{"line":42,"column":24},"end":{"line":47,"column":2}},"12":{"start":{"line":42,"column":34},"end":{"line":47,"column":1}},"13":{"start":{"line":49,"column":0},"end":{"line":62,"column":2}},"14":{"start":{"line":64,"column":0},"end":{"line":70,"column":2}}},"fnMap":{"0":{"name":"(anonymous_0)","decl":{"start":{"line":15,"column":29},"end":{"line":15,"column":30}},"loc":{"start":{"line":16,"column":2},"end":{"line":29,"column":4}},"line":16},"1":{"name":"(anonymous_1)","decl":{"start":{"line":28,"column":14},"end":{"line":28,"column":15}},"loc":{"start":{"line":28,"column":24},"end":{"line":28,"column":46}},"line":28},"2":{"name":"(anonymous_2)","decl":{"start":{"line":33,"column":18},"end":{"line":33,"column":19}},"loc":{"start":{"line":33,"column":27},"end":{"line":33,"column":48}},"line":33},"3":{"name":"(anonymous_3)","decl":{"start":{"line":34,"column":13},"end":{"line":34,"column":14}},"loc":{"start":{"line":34,"column":19},"end":{"line":34,"column":30}},"line":34},"4":{"name":"(anonymous_4)","decl":{"start":{"line":35,"column":17},"end":{"line":35,"column":18}},"loc":{"start":{"line":35,"column":23},"end":{"line":35,"column":38}},"line":35},"5":{"name":"(anonymous_5)","decl":{"start":{"line":36,"column":16},"end":{"line":36,"column":17}},"loc":{"start":{"line":36,"column":25},"end":{"line":36,"column":44}},"line":36},"6":{"name":"(anonymous_6)","decl":{"start":{"line":37,"column":15},"end":{"line":37,"column":16}},"loc":{"start":{"line":37,"column":21},"end":{"line":37,"column":34}},"line":37},"7":{"name":"(anonymous_7)","decl":{"start":{"line":38,"column":19},"end":{"line":38,"column":20}},"loc":{"start":{"line":38,"column":28},"end":{"line":38,"column":50}},"line":38},"8":{"name":"(anonymous_8)","decl":{"start":{"line":39,"column":18},"end":{"line":39,"column":19}},"loc":{"start":{"line":39,"column":24},"end":{"line":39,"column":40}},"line":39},"9":{"name":"(anonymous_9)","decl":{"start":{"line":42,"column":24},"end":{"line":42,"column":25}},"loc":{"start":{"line":42,"column":34},"end":{"line":47,"column":1}},"line":42},"10":{"name":"(anonymous_10)","decl":{"start":{"line":65,"column":12},"end":{"line":65,"column":13}},"loc":{"start":{"line":65,"column":18},"end":{"line":65,"column":20}},"line":65}},"branchMap":{},"s":{"0":1,"1":0,"2":0,"3":1,"4":0,"5":0,"6":0,"7":0,"8":0,"9":0,"10":0,"11":1,"12":0,"13":1,"14":1},"f":{"0":0,"1":0,"2":0,"3":0,"4":0,"5":0,"6":0,"7":0,"8":0,"9":0,"10":0},"b":{},"_coverageSchema":"332fd63041d2c1bcb487cc26dd0d5f7d97098a6c","hash":"bedab1501998bf74b40446ddf3d3978e94a6855c"}
,"/private/var/www/tmdb-client/src/components/MovieSearch/index.js": {"path":"/private/var/www/tmdb-client/src/components/MovieSearch/index.js","statementMap":{},"fnMap":{},"branchMap":{},"s":{},"f":{},"b":{},"_coverageSchema":"332fd63041d2c1bcb487cc26dd0d5f7d97098a6c","hash":"c8a299fcf8dba71b03c86301ef7e104d939fc850"}
,"/private/var/www/tmdb-client/src/components/MovieSearch/validDateStrings.js": {"path":"/private/var/www/tmdb-client/src/components/MovieSearch/validDateStrings.js","statementMap":{},"fnMap":{},"branchMap":{},"s":{},"f":{},"b":{},"_coverageSchema":"332fd63041d2c1bcb487cc26dd0d5f7d97098a6c","hash":"432ea4161ff1097521ba2294b204c853ba00697f"}
,"/private/var/www/tmdb-client/src/components/MovieSearch/Company/Company.jsx": {"path":"/private/var/www/tmdb-client/src/components/MovieSearch/Company/Company.jsx","statementMap":{"0":{"start":{"line":5,"column":20},"end":{"line":15,"column":1}},"1":{"start":{"line":6,"column":2},"end":{"line":8,"column":3}},"2":{"start":{"line":7,"column":4},"end":{"line":7,"column":16}},"3":{"start":{"line":10,"column":2},"end":{"line":14,"column":4}},"4":{"start":{"line":17,"column":16},"end":{"line":26,"column":1}},"5":{"start":{"line":18,"column":2},"end":{"line":25,"column":8}},"6":{"start":{"line":28,"column":0},"end":{"line":31,"column":2}},"7":{"start":{"line":32,"column":0},"end":{"line":35,"column":2}}},"fnMap":{"0":{"name":"(anonymous_0)","decl":{"start":{"line":5,"column":20},"end":{"line":5,"column":21}},"loc":{"start":{"line":5,"column":31},"end":{"line":15,"column":1}},"line":5},"1":{"name":"(anonymous_1)","decl":{"start":{"line":17,"column":16},"end":{"line":17,"column":17}},"loc":{"start":{"line":18,"column":2},"end":{"line":25,"column":8}},"line":18}},"branchMap":{"0":{"loc":{"start":{"line":6,"column":2},"end":{"line":8,"column":3}},"type":"if","locations":[{"start":{"line":6,"column":2},"end":{"line":8,"column":3}},{"start":{"line":6,"column":2},"end":{"line":8,"column":3}}],"line":6}},"s":{"0":3,"1":2,"2":1,"3":1,"4":3,"5":2,"6":3,"7":3},"f":{"0":2,"1":2},"b":{"0":[1,1]},"_coverageSchema":"332fd63041d2c1bcb487cc26dd0d5f7d97098a6c","hash":"d09f57a87b60fbe287823d22ecf6c9a2a071a669"}
,"/private/var/www/tmdb-client/src/components/MovieSearch/Company/index.js": {"path":"/private/var/www/tmdb-client/src/components/MovieSearch/Company/index.js","statementMap":{},"fnMap":{},"branchMap":{},"s":{},"f":{},"b":{},"_coverageSchema":"332fd63041d2c1bcb487cc26dd0d5f7d97098a6c","hash":"2d0b60f650b72afaf1bb9f8fc8fc16eee6ddd65f"}
,"/private/var/www/tmdb-client/src/components/MovieSearch/Person/Person.jsx": {"path":"/private/var/www/tmdb-client/src/components/MovieSearch/Person/Person.jsx","statementMap":{"0":{"start":{"line":5,"column":20},"end":{"line":15,"column":1}},"1":{"start":{"line":6,"column":2},"end":{"line":8,"column":3}},"2":{"start":{"line":7,"column":4},"end":{"line":7,"column":16}},"3":{"start":{"line":10,"column":2},"end":{"line":14,"column":4}},"4":{"start":{"line":17,"column":19},"end":{"line":29,"column":1}},"5":{"start":{"line":18,"column":2},"end":{"line":28,"column":8}},"6":{"start":{"line":20,"column":6},"end":{"line":26,"column":13}},"7":{"start":{"line":31,"column":15},"end":{"line":41,"column":1}},"8":{"start":{"line":32,"column":2},"end":{"line":40,"column":8}},"9":{"start":{"line":43,"column":0},"end":{"line":49,"column":2}},"10":{"start":{"line":51,"column":0},"end":{"line":55,"column":2}}},"fnMap":{"0":{"name":"(anonymous_0)","decl":{"start":{"line":5,"column":20},"end":{"line":5,"column":21}},"loc":{"start":{"line":5,"column":31},"end":{"line":15,"column":1}},"line":5},"1":{"name":"(anonymous_1)","decl":{"start":{"line":17,"column":19},"end":{"line":17,"column":20}},"loc":{"start":{"line":18,"column":2},"end":{"line":28,"column":8}},"line":18},"2":{"name":"(anonymous_2)","decl":{"start":{"line":19,"column":15},"end":{"line":19,"column":16}},"loc":{"start":{"line":20,"column":6},"end":{"line":26,"column":13}},"line":20},"3":{"name":"(anonymous_3)","decl":{"start":{"line":31,"column":15},"end":{"line":31,"column":16}},"loc":{"start":{"line":32,"column":2},"end":{"line":40,"column":8}},"line":32}},"branchMap":{"0":{"loc":{"start":{"line":6,"column":2},"end":{"line":8,"column":3}},"type":"if","locations":[{"start":{"line":6,"column":2},"end":{"line":8,"column":3}},{"start":{"line":6,"column":2},"end":{"line":8,"column":3}}],"line":6},"1":{"loc":{"start":{"line":20,"column":6},"end":{"line":26,"column":13}},"type":"binary-expr","locations":[{"start":{"line":20,"column":6},"end":{"line":20,"column":9}},{"start":{"line":20,"column":13},"end":{"line":20,"column":22}},{"start":{"line":20,"column":26},"end":{"line":26,"column":13}}],"line":20}},"s":{"0":3,"1":4,"2":1,"3":3,"4":3,"5":4,"6":2,"7":3,"8":4,"9":3,"10":3},"f":{"0":4,"1":4,"2":2,"3":4},"b":{"0":[1,3],"1":[2,2,1]},"_coverageSchema":"332fd63041d2c1bcb487cc26dd0d5f7d97098a6c","hash":"fa3b90f9d14e7e1aba610d6b387568803c9e0e9e"}
,"/private/var/www/tmdb-client/src/components/MovieSearch/Person/index.js": {"path":"/private/var/www/tmdb-client/src/components/MovieSearch/Person/index.js","statementMap":{},"fnMap":{},"branchMap":{},"s":{},"f":{},"b":{},"_coverageSchema":"332fd63041d2c1bcb487cc26dd0d5f7d97098a6c","hash":"b875e8b9fe4a4aa6e7315f01f2f5b7a8dbe336df"}
,"/private/var/www/tmdb-client/src/components/MovieSort/MovieSort.jsx": {"path":"/private/var/www/tmdb-client/src/components/MovieSort/MovieSort.jsx","statementMap":{"0":{"start":{"line":7,"column":16},"end":{"line":48,"column":1}},"1":{"start":{"line":50,"column":18},"end":{"line":54,"column":3}},"2":{"start":{"line":51,"column":2},"end":{"line":53,"column":8}},"3":{"start":{"line":56,"column":0},"end":{"line":59,"column":2}},"4":{"start":{"line":61,"column":0},"end":{"line":64,"column":2}}},"fnMap":{"0":{"name":"(anonymous_0)","decl":{"start":{"line":50,"column":18},"end":{"line":50,"column":19}},"loc":{"start":{"line":51,"column":2},"end":{"line":53,"column":8}},"line":51},"1":{"name":"(anonymous_1)","decl":{"start":{"line":63,"column":12},"end":{"line":63,"column":13}},"loc":{"start":{"line":63,"column":18},"end":{"line":63,"column":20}},"line":63}},"branchMap":{"0":{"loc":{"start":{"line":52,"column":38},"end":{"line":52,"column":64}},"type":"binary-expr","locations":[{"start":{"line":52,"column":38},"end":{"line":52,"column":43}},{"start":{"line":52,"column":47},"end":{"line":52,"column":64}}],"line":52}},"s":{"0":2,"1":2,"2":0,"3":2,"4":2},"f":{"0":0,"1":0},"b":{"0":[0,0]},"_coverageSchema":"332fd63041d2c1bcb487cc26dd0d5f7d97098a6c","hash":"e9c10cd2b4a90425e2a1875225831c9f79898063"}
,"/private/var/www/tmdb-client/src/components/MovieSort/index.js": {"path":"/private/var/www/tmdb-client/src/components/MovieSort/index.js","statementMap":{},"fnMap":{},"branchMap":{},"s":{},"f":{},"b":{},"_coverageSchema":"332fd63041d2c1bcb487cc26dd0d5f7d97098a6c","hash":"9c66eae1f1732f3837b09eb55a29b32e0c966917"}
,"/private/var/www/tmdb-client/src/components/Radio/Radio.jsx": {"path":"/private/var/www/tmdb-client/src/components/Radio/Radio.jsx","statementMap":{"0":{"start":{"line":6,"column":25},"end":{"line":8,"column":1}},"1":{"start":{"line":7,"column":2},"end":{"line":7,"column":59}},"2":{"start":{"line":10,"column":14},"end":{"line":32,"column":1}},"3":{"start":{"line":15,"column":2},"end":{"line":31,"column":8}},"4":{"start":{"line":17,"column":6},"end":{"line":29,"column":12}},"5":{"start":{"line":25,"column":25},"end":{"line":25,"column":47}},"6":{"start":{"line":34,"column":0},"end":{"line":47,"column":2}},"7":{"start":{"line":49,"column":0},"end":{"line":53,"column":2}}},"fnMap":{"0":{"name":"(anonymous_0)","decl":{"start":{"line":6,"column":25},"end":{"line":6,"column":26}},"loc":{"start":{"line":7,"column":2},"end":{"line":7,"column":59}},"line":7},"1":{"name":"(anonymous_1)","decl":{"start":{"line":10,"column":14},"end":{"line":10,"column":15}},"loc":{"start":{"line":15,"column":2},"end":{"line":31,"column":8}},"line":15},"2":{"name":"(anonymous_2)","decl":{"start":{"line":16,"column":18},"end":{"line":16,"column":19}},"loc":{"start":{"line":17,"column":6},"end":{"line":29,"column":12}},"line":17},"3":{"name":"(anonymous_3)","decl":{"start":{"line":25,"column":19},"end":{"line":25,"column":20}},"loc":{"start":{"line":25,"column":25},"end":{"line":25,"column":47}},"line":25},"4":{"name":"(anonymous_4)","decl":{"start":{"line":52,"column":12},"end":{"line":52,"column":13}},"loc":{"start":{"line":52,"column":18},"end":{"line":52,"column":20}},"line":52}},"branchMap":{"0":{"loc":{"start":{"line":7,"column":2},"end":{"line":7,"column":59}},"type":"cond-expr","locations":[{"start":{"line":7,"column":35},"end":{"line":7,"column":52}},{"start":{"line":7,"column":55},"end":{"line":7,"column":59}}],"line":7}},"s":{"0":3,"1":9,"2":3,"3":3,"4":9,"5":1,"6":3,"7":3},"f":{"0":9,"1":3,"2":9,"3":1,"4":0},"b":{"0":[1,8]},"_coverageSchema":"332fd63041d2c1bcb487cc26dd0d5f7d97098a6c","hash":"85bfe6f7f89a562d4001f5e61ac9862882c487c7"}
,"/private/var/www/tmdb-client/src/components/Radio/index.js": {"path":"/private/var/www/tmdb-client/src/components/Radio/index.js","statementMap":{},"fnMap":{},"branchMap":{},"s":{},"f":{},"b":{},"_coverageSchema":"332fd63041d2c1bcb487cc26dd0d5f7d97098a6c","hash":"422746fcc0fbc23c70bf876c8f3c57fa4b20b6ee"}
,"/private/var/www/tmdb-client/src/components/Select/Select.jsx": {"path":"/private/var/www/tmdb-client/src/components/Select/Select.jsx","statementMap":{"0":{"start":{"line":11,"column":4},"end":{"line":11,"column":17}},"1":{"start":{"line":13,"column":4},"end":{"line":13,"column":22}},"2":{"start":{"line":14,"column":4},"end":{"line":14,"column":28}},"3":{"start":{"line":15,"column":4},"end":{"line":15,"column":29}},"4":{"start":{"line":16,"column":4},"end":{"line":16,"column":36}},"5":{"start":{"line":18,"column":4},"end":{"line":23,"column":6}},"6":{"start":{"line":25,"column":4},"end":{"line":25,"column":34}},"7":{"start":{"line":29,"column":4},"end":{"line":29,"column":67}},"8":{"start":{"line":29,"column":43},"end":{"line":29,"column":65}},"9":{"start":{"line":33,"column":4},"end":{"line":33,"column":37}},"10":{"start":{"line":37,"column":4},"end":{"line":39,"column":5}},"11":{"start":{"line":38,"column":6},"end":{"line":38,"column":13}},"12":{"start":{"line":41,"column":4},"end":{"line":44,"column":5}},"13":{"start":{"line":42,"column":6},"end":{"line":42,"column":51}},"14":{"start":{"line":43,"column":6},"end":{"line":43,"column":13}},"15":{"start":{"line":46,"column":17},"end":{"line":46,"column":65}},"16":{"start":{"line":47,"column":27},"end":{"line":47,"column":53}},"17":{"start":{"line":48,"column":25},"end":{"line":48,"column":62}},"18":{"start":{"line":50,"column":4},"end":{"line":50,"column":67}},"19":{"start":{"line":54,"column":24},"end":{"line":54,"column":45}},"20":{"start":{"line":55,"column":4},"end":{"line":57,"column":5}},"21":{"start":{"line":56,"column":6},"end":{"line":56,"column":60}},"22":{"start":{"line":59,"column":4},"end":{"line":59,"column":50}},"23":{"start":{"line":63,"column":4},"end":{"line":63,"column":23}},"24":{"start":{"line":67,"column":4},"end":{"line":67,"column":50}},"25":{"start":{"line":68,"column":4},"end":{"line":68,"column":45}},"26":{"start":{"line":72,"column":4},"end":{"line":74,"column":53}},"27":{"start":{"line":74,"column":13},"end":{"line":74,"column":51}},"28":{"start":{"line":76,"column":4},"end":{"line":94,"column":5}},"29":{"start":{"line":78,"column":8},"end":{"line":78,"column":36}},"30":{"start":{"line":79,"column":8},"end":{"line":79,"column":14}},"31":{"start":{"line":81,"column":8},"end":{"line":81,"column":32}},"32":{"start":{"line":82,"column":8},"end":{"line":82,"column":14}},"33":{"start":{"line":84,"column":8},"end":{"line":84,"column":33}},"34":{"start":{"line":85,"column":8},"end":{"line":85,"column":14}},"35":{"start":{"line":87,"column":8},"end":{"line":87,"column":32}},"36":{"start":{"line":88,"column":8},"end":{"line":88,"column":14}},"37":{"start":{"line":90,"column":8},"end":{"line":90,"column":30}},"38":{"start":{"line":91,"column":8},"end":{"line":91,"column":14}},"39":{"start":{"line":93,"column":8},"end":{"line":93,"column":54}},"40":{"start":{"line":93,"column":38},"end":{"line":93,"column":52}},"41":{"start":{"line":98,"column":4},"end":{"line":100,"column":7}},"42":{"start":{"line":104,"column":4},"end":{"line":104,"column":18}},"43":{"start":{"line":108,"column":4},"end":{"line":110,"column":7}},"44":{"start":{"line":114,"column":4},"end":{"line":114,"column":27}},"45":{"start":{"line":118,"column":4},"end":{"line":122,"column":5}},"46":{"start":{"line":119,"column":6},"end":{"line":119,"column":25}},"47":{"start":{"line":120,"column":6},"end":{"line":120,"column":30}},"48":{"start":{"line":121,"column":6},"end":{"line":121,"column":13}},"49":{"start":{"line":124,"column":4},"end":{"line":124,"column":20}},"50":{"start":{"line":128,"column":4},"end":{"line":130,"column":5}},"51":{"start":{"line":129,"column":6},"end":{"line":129,"column":72}},"52":{"start":{"line":134,"column":20},"end":{"line":134,"column":45}},"53":{"start":{"line":135,"column":4},"end":{"line":137,"column":5}},"54":{"start":{"line":136,"column":6},"end":{"line":136,"column":63}},"55":{"start":{"line":141,"column":4},"end":{"line":141,"column":23}},"56":{"start":{"line":142,"column":4},"end":{"line":144,"column":7}},"57":{"start":{"line":148,"column":4},"end":{"line":148,"column":23}},"58":{"start":{"line":150,"column":4},"end":{"line":155,"column":5}},"59":{"start":{"line":151,"column":6},"end":{"line":153,"column":55}},"60":{"start":{"line":153,"column":15},"end":{"line":153,"column":53}},"61":{"start":{"line":154,"column":6},"end":{"line":154,"column":13}},"62":{"start":{"line":157,"column":4},"end":{"line":159,"column":53}},"63":{"start":{"line":159,"column":13},"end":{"line":159,"column":51}},"64":{"start":{"line":163,"column":25},"end":{"line":163,"column":46}},"65":{"start":{"line":165,"column":4},"end":{"line":165,"column":23}},"66":{"start":{"line":167,"column":4},"end":{"line":172,"column":5}},"67":{"start":{"line":168,"column":6},"end":{"line":170,"column":55}},"68":{"start":{"line":170,"column":15},"end":{"line":170,"column":53}},"69":{"start":{"line":171,"column":6},"end":{"line":171,"column":13}},"70":{"start":{"line":174,"column":4},"end":{"line":176,"column":53}},"71":{"start":{"line":176,"column":13},"end":{"line":176,"column":51}},"72":{"start":{"line":180,"column":4},"end":{"line":180,"column":75}},"73":{"start":{"line":184,"column":4},"end":{"line":186,"column":5}},"74":{"start":{"line":185,"column":6},"end":{"line":185,"column":41}},"75":{"start":{"line":188,"column":4},"end":{"line":188,"column":50}},"76":{"start":{"line":192,"column":18},"end":{"line":192,"column":20}},"77":{"start":{"line":194,"column":4},"end":{"line":199,"column":7}},"78":{"start":{"line":195,"column":6},"end":{"line":198,"column":8}},"79":{"start":{"line":201,"column":4},"end":{"line":201,"column":19}},"80":{"start":{"line":205,"column":4},"end":{"line":205,"column":26}},"81":{"start":{"line":206,"column":4},"end":{"line":206,"column":37}},"82":{"start":{"line":210,"column":4},"end":{"line":216,"column":7}},"83":{"start":{"line":212,"column":46},"end":{"line":212,"column":78}},"84":{"start":{"line":215,"column":6},"end":{"line":215,"column":32}},"85":{"start":{"line":220,"column":4},"end":{"line":222,"column":5}},"86":{"start":{"line":221,"column":6},"end":{"line":221,"column":13}},"87":{"start":{"line":224,"column":4},"end":{"line":224,"column":39}},"88":{"start":{"line":225,"column":4},"end":{"line":225,"column":37}},"89":{"start":{"line":229,"column":4},"end":{"line":231,"column":5}},"90":{"start":{"line":230,"column":6},"end":{"line":230,"column":26}},"91":{"start":{"line":233,"column":4},"end":{"line":235,"column":5}},"92":{"start":{"line":234,"column":6},"end":{"line":234,"column":16}},"93":{"start":{"line":237,"column":4},"end":{"line":237,"column":39}},"94":{"start":{"line":242,"column":4},"end":{"line":293,"column":6}},"95":{"start":{"line":253,"column":12},"end":{"line":258,"column":14}},"96":{"start":{"line":257,"column":42},"end":{"line":257,"column":76}},"97":{"start":{"line":261,"column":26},"end":{"line":261,"column":46}},"98":{"start":{"line":265,"column":27},"end":{"line":265,"column":48}},"99":{"start":{"line":266,"column":28},"end":{"line":266,"column":50}},"100":{"start":{"line":267,"column":26},"end":{"line":267,"column":46}},"101":{"start":{"line":268,"column":25},"end":{"line":268,"column":44}},"102":{"start":{"line":277,"column":28},"end":{"line":277,"column":64}},"103":{"start":{"line":283,"column":31},"end":{"line":283,"column":52}},"104":{"start":{"line":298,"column":4},"end":{"line":298,"column":77}},"105":{"start":{"line":298,"column":36},"end":{"line":298,"column":75}},"106":{"start":{"line":302,"column":31},"end":{"line":302,"column":74}},"107":{"start":{"line":304,"column":4},"end":{"line":306,"column":5}},"108":{"start":{"line":305,"column":6},"end":{"line":305,"column":32}},"109":{"start":{"line":308,"column":4},"end":{"line":308,"column":84}},"110":{"start":{"line":308,"column":47},"end":{"line":308,"column":82}},"111":{"start":{"line":312,"column":4},"end":{"line":317,"column":5}},"112":{"start":{"line":316,"column":6},"end":{"line":316,"column":16}},"113":{"start":{"line":319,"column":4},"end":{"line":321,"column":5}},"114":{"start":{"line":320,"column":6},"end":{"line":320,"column":64}},"115":{"start":{"line":323,"column":4},"end":{"line":323,"column":61}},"116":{"start":{"line":327,"column":4},"end":{"line":329,"column":5}},"117":{"start":{"line":328,"column":6},"end":{"line":328,"column":19}},"118":{"start":{"line":331,"column":4},"end":{"line":331,"column":76}},"119":{"start":{"line":331,"column":44},"end":{"line":331,"column":67}},"120":{"start":{"line":335,"column":4},"end":{"line":339,"column":15}},"121":{"start":{"line":343,"column":4},"end":{"line":343,"column":30}},"122":{"start":{"line":345,"column":4},"end":{"line":345,"column":16}},"123":{"start":{"line":349,"column":4},"end":{"line":351,"column":5}},"124":{"start":{"line":350,"column":6},"end":{"line":350,"column":32}},"125":{"start":{"line":355,"column":4},"end":{"line":357,"column":5}},"126":{"start":{"line":356,"column":6},"end":{"line":356,"column":62}},"127":{"start":{"line":359,"column":4},"end":{"line":359,"column":43}},"128":{"start":{"line":363,"column":4},"end":{"line":368,"column":7}},"129":{"start":{"line":367,"column":6},"end":{"line":367,"column":32}},"130":{"start":{"line":372,"column":21},"end":{"line":372,"column":57}},"131":{"start":{"line":373,"column":4},"end":{"line":376,"column":7}},"132":{"start":{"line":380,"column":22},"end":{"line":380,"column":23}},"133":{"start":{"line":382,"column":4},"end":{"line":384,"column":5}},"134":{"start":{"line":383,"column":6},"end":{"line":383,"column":25}},"135":{"start":{"line":386,"column":4},"end":{"line":388,"column":5}},"136":{"start":{"line":387,"column":6},"end":{"line":387,"column":82}},"137":{"start":{"line":390,"column":4},"end":{"line":390,"column":37}},"138":{"start":{"line":394,"column":4},"end":{"line":396,"column":5}},"139":{"start":{"line":395,"column":6},"end":{"line":395,"column":36}},"140":{"start":{"line":400,"column":4},"end":{"line":400,"column":32}},"141":{"start":{"line":404,"column":4},"end":{"line":406,"column":5}},"142":{"start":{"line":405,"column":6},"end":{"line":405,"column":13}},"143":{"start":{"line":408,"column":27},"end":{"line":408,"column":75}},"144":{"start":{"line":409,"column":23},"end":{"line":409,"column":64}},"145":{"start":{"line":410,"column":25},"end":{"line":410,"column":42}},"146":{"start":{"line":411,"column":29},"end":{"line":411,"column":50}},"147":{"start":{"line":412,"column":22},"end":{"line":412,"column":56}},"148":{"start":{"line":414,"column":4},"end":{"line":416,"column":5}},"149":{"start":{"line":415,"column":6},"end":{"line":415,"column":95}},"150":{"start":{"line":418,"column":4},"end":{"line":420,"column":5}},"151":{"start":{"line":419,"column":6},"end":{"line":419,"column":95}},"152":{"start":{"line":424,"column":4},"end":{"line":424,"column":30}},"153":{"start":{"line":428,"column":4},"end":{"line":428,"column":35}},"154":{"start":{"line":432,"column":4},"end":{"line":436,"column":5}},"155":{"start":{"line":433,"column":6},"end":{"line":435,"column":8}},"156":{"start":{"line":434,"column":26},"end":{"line":434,"column":71}},"157":{"start":{"line":438,"column":4},"end":{"line":438,"column":67}},"158":{"start":{"line":442,"column":28},"end":{"line":442,"column":60}},"159":{"start":{"line":444,"column":4},"end":{"line":446,"column":5}},"160":{"start":{"line":445,"column":6},"end":{"line":445,"column":18}},"161":{"start":{"line":448,"column":4},"end":{"line":464,"column":6}},"162":{"start":{"line":454,"column":39},"end":{"line":454,"column":78}},"163":{"start":{"line":455,"column":37},"end":{"line":455,"column":74}},"164":{"start":{"line":457,"column":10},"end":{"line":457,"column":57}},"165":{"start":{"line":461,"column":32},"end":{"line":461,"column":57}},"166":{"start":{"line":468,"column":0},"end":{"line":495,"column":2}},"167":{"start":{"line":497,"column":0},"end":{"line":511,"column":2}}},"fnMap":{"0":{"name":"(anonymous_0)","decl":{"start":{"line":10,"column":2},"end":{"line":10,"column":3}},"loc":{"start":{"line":10,"column":21},"end":{"line":26,"column":3}},"line":10},"1":{"name":"(anonymous_1)","decl":{"start":{"line":28,"column":2},"end":{"line":28,"column":3}},"loc":{"start":{"line":28,"column":27},"end":{"line":30,"column":3}},"line":28},"2":{"name":"(anonymous_2)","decl":{"start":{"line":29,"column":38},"end":{"line":29,"column":39}},"loc":{"start":{"line":29,"column":43},"end":{"line":29,"column":65}},"line":29},"3":{"name":"(anonymous_3)","decl":{"start":{"line":32,"column":2},"end":{"line":32,"column":3}},"loc":{"start":{"line":32,"column":19},"end":{"line":34,"column":3}},"line":32},"4":{"name":"(anonymous_4)","decl":{"start":{"line":36,"column":2},"end":{"line":36,"column":3}},"loc":{"start":{"line":36,"column":30},"end":{"line":51,"column":3}},"line":36},"5":{"name":"(anonymous_5)","decl":{"start":{"line":53,"column":2},"end":{"line":53,"column":3}},"loc":{"start":{"line":53,"column":23},"end":{"line":60,"column":3}},"line":53},"6":{"name":"(anonymous_6)","decl":{"start":{"line":62,"column":2},"end":{"line":62,"column":3}},"loc":{"start":{"line":62,"column":18},"end":{"line":64,"column":3}},"line":62},"7":{"name":"(anonymous_7)","decl":{"start":{"line":66,"column":2},"end":{"line":66,"column":3}},"loc":{"start":{"line":66,"column":19},"end":{"line":69,"column":3}},"line":66},"8":{"name":"(anonymous_8)","decl":{"start":{"line":71,"column":2},"end":{"line":71,"column":3}},"loc":{"start":{"line":71,"column":20},"end":{"line":95,"column":3}},"line":71},"9":{"name":"(anonymous_9)","decl":{"start":{"line":74,"column":7},"end":{"line":74,"column":8}},"loc":{"start":{"line":74,"column":13},"end":{"line":74,"column":51}},"line":74},"10":{"name":"(anonymous_10)","decl":{"start":{"line":97,"column":2},"end":{"line":97,"column":3}},"loc":{"start":{"line":97,"column":11},"end":{"line":101,"column":3}},"line":97},"11":{"name":"(anonymous_11)","decl":{"start":{"line":103,"column":2},"end":{"line":103,"column":3}},"loc":{"start":{"line":103,"column":17},"end":{"line":105,"column":3}},"line":103},"12":{"name":"(anonymous_12)","decl":{"start":{"line":107,"column":2},"end":{"line":107,"column":3}},"loc":{"start":{"line":107,"column":13},"end":{"line":111,"column":3}},"line":107},"13":{"name":"(anonymous_13)","decl":{"start":{"line":113,"column":2},"end":{"line":113,"column":3}},"loc":{"start":{"line":113,"column":19},"end":{"line":115,"column":3}},"line":113},"14":{"name":"(anonymous_14)","decl":{"start":{"line":117,"column":2},"end":{"line":117,"column":3}},"loc":{"start":{"line":117,"column":16},"end":{"line":125,"column":3}},"line":117},"15":{"name":"(anonymous_15)","decl":{"start":{"line":127,"column":2},"end":{"line":127,"column":3}},"loc":{"start":{"line":127,"column":25},"end":{"line":131,"column":3}},"line":127},"16":{"name":"(anonymous_16)","decl":{"start":{"line":133,"column":2},"end":{"line":133,"column":3}},"loc":{"start":{"line":133,"column":21},"end":{"line":138,"column":3}},"line":133},"17":{"name":"(anonymous_17)","decl":{"start":{"line":140,"column":2},"end":{"line":140,"column":3}},"loc":{"start":{"line":140,"column":22},"end":{"line":145,"column":3}},"line":140},"18":{"name":"(anonymous_18)","decl":{"start":{"line":147,"column":2},"end":{"line":147,"column":3}},"loc":{"start":{"line":147,"column":19},"end":{"line":160,"column":3}},"line":147},"19":{"name":"(anonymous_19)","decl":{"start":{"line":153,"column":9},"end":{"line":153,"column":10}},"loc":{"start":{"line":153,"column":15},"end":{"line":153,"column":53}},"line":153},"20":{"name":"(anonymous_20)","decl":{"start":{"line":159,"column":7},"end":{"line":159,"column":8}},"loc":{"start":{"line":159,"column":13},"end":{"line":159,"column":51}},"line":159},"21":{"name":"(anonymous_21)","decl":{"start":{"line":162,"column":2},"end":{"line":162,"column":3}},"loc":{"start":{"line":162,"column":21},"end":{"line":177,"column":3}},"line":162},"22":{"name":"(anonymous_22)","decl":{"start":{"line":170,"column":9},"end":{"line":170,"column":10}},"loc":{"start":{"line":170,"column":15},"end":{"line":170,"column":53}},"line":170},"23":{"name":"(anonymous_23)","decl":{"start":{"line":176,"column":7},"end":{"line":176,"column":8}},"loc":{"start":{"line":176,"column":13},"end":{"line":176,"column":51}},"line":176},"24":{"name":"(anonymous_24)","decl":{"start":{"line":179,"column":2},"end":{"line":179,"column":3}},"loc":{"start":{"line":179,"column":19},"end":{"line":181,"column":3}},"line":179},"25":{"name":"(anonymous_25)","decl":{"start":{"line":183,"column":2},"end":{"line":183,"column":3}},"loc":{"start":{"line":183,"column":23},"end":{"line":189,"column":3}},"line":183},"26":{"name":"(anonymous_26)","decl":{"start":{"line":191,"column":2},"end":{"line":191,"column":3}},"loc":{"start":{"line":191,"column":25},"end":{"line":202,"column":3}},"line":191},"27":{"name":"(anonymous_27)","decl":{"start":{"line":194,"column":36},"end":{"line":194,"column":37}},"loc":{"start":{"line":194,"column":47},"end":{"line":199,"column":5}},"line":194},"28":{"name":"(anonymous_28)","decl":{"start":{"line":204,"column":2},"end":{"line":204,"column":3}},"loc":{"start":{"line":204,"column":32},"end":{"line":207,"column":3}},"line":204},"29":{"name":"(anonymous_29)","decl":{"start":{"line":209,"column":2},"end":{"line":209,"column":3}},"loc":{"start":{"line":209,"column":30},"end":{"line":217,"column":3}},"line":209},"30":{"name":"(anonymous_30)","decl":{"start":{"lin
[...]
us_1)","decl":{"start":{"line":8,"column":2},"end":{"line":8,"column":3}},"loc":{"start":{"line":8,"column":17},"end":{"line":30,"column":3}},"line":8},"2":{"name":"(anonymous_2)","decl":{"start":{"line":13,"column":32},"end":{"line":13,"column":33}},"loc":{"start":{"line":13,"column":46},"end":{"line":29,"column":5}},"line":13},"3":{"name":"(anonymous_3)","decl":{"start":{"line":32,"column":2},"end":{"line":32,"column":3}},"loc":{"start":{"line":32,"column":28},"end":{"line":34,"column":3}},"line":32}},"branchMap":{"0":{"loc":{"start":{"line":9,"column":4},"end":{"line":11,"column":5}},"type":"if","locations":[{"start":{"line":9,"column":4},"end":{"line":11,"column":5}},{"start":{"line":9,"column":4},"end":{"line":11,"column":5}}],"line":9},"1":{"loc":{"start":{"line":9,"column":8},"end":{"line":9,"column":53}},"type":"binary-expr","locations":[{"start":{"line":9,"column":8},"end":{"line":9,"column":33}},{"start":{"line":9,"column":37},"end":{"line":9,"column":53}}],"line":9},"2":{"loc":{"start":{"line":14,"column":6},"end":{"line":19,"column":7}},"type":"if","locations":[{"start":{"line":14,"column":6},"end":{"line":19,"column":7}},{"start":{"line":14,"column":6},"end":{"line":19,"column":7}}],"line":14},"3":{"loc":{"start":{"line":15,"column":8},"end":{"line":16,"column":50}},"type":"binary-expr","locations":[{"start":{"line":15,"column":8},"end":{"line":15,"column":41}},{"start":{"line":16,"column":11},"end":{"line":16,"column":50}}],"line":15},"4":{"loc":{"start":{"line":21,"column":6},"end":{"line":26,"column":7}},"type":"if","locations":[{"start":{"line":21,"column":6},"end":{"line":26,"column":7}},{"start":{"line":21,"column":6},"end":{"line":26,"column":7}}],"line":21},"5":{"loc":{"start":{"line":22,"column":8},"end":{"line":23,"column":50}},"type":"binary-expr","locations":[{"start":{"line":22,"column":8},"end":{"line":22,"column":41}},{"start":{"line":23,"column":11},"end":{"line":23,"column":50}}],"line":22}},"s":{"0":3,"1":549,"2":21,"3":3,"4":18,"5":3294,"6":0,"7":3294,"8":5,"9":3289,"10":6584},"f":{"0":549,"1":21,"2":3294,"3":6584},"b":{"0":[3,18],"1":[21,19],"2":[0,3294],"3":[3294,3294],"4":[5,3289],"5":[3294,3290]},"_coverageSchema":"332fd63041d2c1bcb487cc26dd0d5f7d97098a6c","hash":"30cb54bc0cb7678f9eb88e71eb9973dc323f7985"}
,"/private/var/www/tmdb-client/src/services/modal/Modal.js": {"path":"/private/var/www/tmdb-client/src/services/modal/Modal.js","statementMap":{"0":{"start":{"line":3,"column":4},"end":{"line":5,"column":5}},"1":{"start":{"line":4,"column":6},"end":{"line":4,"column":77}},"2":{"start":{"line":7,"column":4},"end":{"line":7,"column":17}},"3":{"start":{"line":8,"column":4},"end":{"line":8,"column":31}},"4":{"start":{"line":9,"column":4},"end":{"line":9,"column":27}},"5":{"start":{"line":13,"column":4},"end":{"line":13,"column":26}},"6":{"start":{"line":17,"column":4},"end":{"line":17,"column":19}},"7":{"start":{"line":21,"column":4},"end":{"line":21,"column":24}}},"fnMap":{"0":{"name":"(anonymous_0)","decl":{"start":{"line":2,"column":2},"end":{"line":2,"column":3}},"loc":{"start":{"line":2,"column":50},"end":{"line":10,"column":3}},"line":2},"1":{"name":"(anonymous_1)","decl":{"start":{"line":12,"column":2},"end":{"line":12,"column":3}},"loc":{"start":{"line":12,"column":17},"end":{"line":14,"column":3}},"line":12},"2":{"name":"(anonymous_2)","decl":{"start":{"line":16,"column":2},"end":{"line":16,"column":3}},"loc":{"start":{"line":16,"column":10},"end":{"line":18,"column":3}},"line":16},"3":{"name":"(anonymous_3)","decl":{"start":{"line":20,"column":2},"end":{"line":20,"column":3}},"loc":{"start":{"line":20,"column":15},"end":{"line":22,"column":3}},"line":20}},"branchMap":{"0":{"loc":{"start":{"line":2,"column":18},"end":{"line":2,"column":34}},"type":"default-arg","locations":[{"start":{"line":2,"column":30},"end":{"line":2,"column":34}}],"line":2},"1":{"loc":{"start":{"line":2,"column":36},"end":{"line":2,"column":48}},"type":"default-arg","locations":[{"start":{"line":2,"column":46},"end":{"line":2,"column":48}}],"line":2},"2":{"loc":{"start":{"line":3,"column":4},"end":{"line":5,"column":5}},"type":"if","locations":[{"start":{"line":3,"column":4},"end":{"line":5,"column":5}},{"start":{"line":3,"column":4},"end":{"line":5,"column":5}}],"line":3}},"s":{"0":12,"1":1,"2":11,"3":11,"4":11,"5":2,"6":12,"7":1},"f":{"0":12,"1":2,"2":12,"3":1},"b":{"0":[1],"1":[11],"2":[1,11]},"_coverageSchema":"332fd63041d2c1bcb487cc26dd0d5f7d97098a6c","hash":"afc81d353f2376d036f21aa106070b0eb56a4035"}
,"/private/var/www/tmdb-client/src/services/modal/ModalService.js": {"path":"/private/var/www/tmdb-client/src/services/modal/ModalService.js","statementMap":{"0":{"start":{"line":5,"column":21},"end":{"line":5,"column":29}},"1":{"start":{"line":9,"column":4},"end":{"line":9,"column":43}},"2":{"start":{"line":10,"column":4},"end":{"line":10,"column":21}},"3":{"start":{"line":14,"column":4},"end":{"line":14,"column":58}},"4":{"start":{"line":18,"column":4},"end":{"line":18,"column":43}},"5":{"start":{"line":22,"column":4},"end":{"line":22,"column":59}},"6":{"start":{"line":26,"column":20},"end":{"line":26,"column":24}},"7":{"start":{"line":28,"column":4},"end":{"line":30,"column":5}},"8":{"start":{"line":29,"column":6},"end":{"line":29,"column":33}},"9":{"start":{"line":32,"column":18},"end":{"line":32,"column":55}},"10":{"start":{"line":34,"column":4},"end":{"line":34,"column":28}},"11":{"start":{"line":35,"column":4},"end":{"line":35,"column":20}},"12":{"start":{"line":37,"column":4},"end":{"line":37,"column":17}},"13":{"start":{"line":41,"column":4},"end":{"line":41,"column":87}},"14":{"start":{"line":41,"column":46},"end":{"line":41,"column":85}},"15":{"start":{"line":43,"column":4},"end":{"line":43,"column":20}},"16":{"start":{"line":47,"column":4},"end":{"line":47,"column":23}}},"fnMap":{"0":{"name":"(anonymous_0)","decl":{"start":{"line":8,"column":2},"end":{"line":8,"column":3}},"loc":{"start":{"line":8,"column":16},"end":{"line":11,"column":3}},"line":8},"1":{"name":"(anonymous_1)","decl":{"start":{"line":13,"column":2},"end":{"line":13,"column":3}},"loc":{"start":{"line":13,"column":30},"end":{"line":15,"column":3}},"line":13},"2":{"name":"(anonymous_2)","decl":{"start":{"line":17,"column":2},"end":{"line":17,"column":3}},"loc":{"start":{"line":17,"column":23},"end":{"line":19,"column":3}},"line":17},"3":{"name":"(anonymous_3)","decl":{"start":{"line":21,"column":2},"end":{"line":21,"column":3}},"loc":{"start":{"line":21,"column":13},"end":{"line":23,"column":3}},"line":21},"4":{"name":"(anonymous_4)","decl":{"start":{"line":25,"column":2},"end":{"line":25,"column":3}},"loc":{"start":{"line":25,"column":37},"end":{"line":38,"column":3}},"line":25},"5":{"name":"(anonymous_5)","decl":{"start":{"line":40,"column":2},"end":{"line":40,"column":3}},"loc":{"start":{"line":40,"column":29},"end":{"line":44,"column":3}},"line":40},"6":{"name":"(anonymous_6)","decl":{"start":{"line":41,"column":37},"end":{"line":41,"column":38}},"loc":{"start":{"line":41,"column":46},"end":{"line":41,"column":85}},"line":41},"7":{"name":"(anonymous_7)","decl":{"start":{"line":46,"column":2},"end":{"line":46,"column":3}},"loc":{"start":{"line":46,"column":14},"end":{"line":48,"column":3}},"line":46}},"branchMap":{"0":{"loc":{"start":{"line":28,"column":4},"end":{"line":30,"column":5}},"type":"if","locations":[{"start":{"line":28,"column":4},"end":{"line":30,"column":5}},{"start":{"line":28,"column":4},"end":{"line":30,"column":5}}],"line":28}},"s":{"0":1,"1":5,"2":5,"3":2,"4":1,"5":13,"6":9,"7":9,"8":1,"9":9,"10":9,"11":9,"12":9,"13":4,"14":5,"15":4,"16":15},"f":{"0":5,"1":2,"2":1,"3":13,"4":9,"5":4,"6":5,"7":15},"b":{"0":[1,8]},"_coverageSchema":"332fd63041d2c1bcb487cc26dd0d5f7d97098a6c","hash":"44d4eb6bb504798321382c94e4986854e3850488"}
,"/private/var/www/tmdb-client/src/services/movie/constants.js": {"path":"/private/var/www/tmdb-client/src/services/movie/constants.js","statementMap":{"0":{"start":{"line":3,"column":23},"end":{"line":3,"column":59}},"1":{"start":{"line":4,"column":23},"end":{"line":4,"column":59}},"2":{"start":{"line":5,"column":28},"end":{"line":5,"column":69}},"3":{"start":{"line":6,"column":26},"end":{"line":6,"column":65}},"4":{"start":{"line":7,"column":35},"end":{"line":7,"column":83}},"5":{"start":{"line":8,"column":33},"end":{"line":8,"column":79}},"6":{"start":{"line":9,"column":36},"end":{"line":9,"column":85}},"7":{"start":{"line":10,"column":25},"end":{"line":10,"column":63}},"8":{"start":{"line":11,"column":25},"end":{"line":11,"column":57}}},"fnMap":{},"branchMap":{},"s":{"0":4,"1":4,"2":4,"3":4,"4":4,"5":4,"6":4,"7":4,"8":4},"f":{},"b":{},"_coverageSchema":"332fd63041d2c1bcb487cc26dd0d5f7d97098a6c","hash":"40106f6eeb6c58bd21e5767737e9979f1ada153c"}
,"/private/var/www/tmdb-client/src/services/movie/index.js": {"path":"/private/var/www/tmdb-client/src/services/movie/index.js","statementMap":{},"fnMap":{},"branchMap":{},"s":{},"f":{},"b":{},"_coverageSchema":"332fd63041d2c1bcb487cc26dd0d5f7d97098a6c","hash":"4969d78e36efc88d32ff261b0a63f5f0e30f10b0"}
,"/private/var/www/tmdb-client/src/services/movie/movie.js": {"path":"/private/var/www/tmdb-client/src/services/movie/movie.js","statementMap":{"0":{"start":{"line":15,"column":20},"end":{"line":15,"column":89}},"1":{"start":{"line":15,"column":44},"end":{"line":15,"column":88}},"2":{"start":{"line":16,"column":15},"end":{"line":16,"column":59}},"3":{"start":{"line":16,"column":22},"end":{"line":16,"column":59}},"4":{"start":{"line":18,"column":20},"end":{"line":21,"column":1}},"5":{"start":{"line":19,"column":15},"end":{"line":19,"column":28}},"6":{"start":{"line":20,"column":2},"end":{"line":20,"column":14}},"7":{"start":{"line":25,"column":4},"end":{"line":26,"column":47}},"8":{"start":{"line":26,"column":24},"end":{"line":26,"column":45}},"9":{"start":{"line":30,"column":4},"end":{"line":31,"column":47}},"10":{"start":{"line":31,"column":24},"end":{"line":31,"column":45}},"11":{"start":{"line":35,"column":4},"end":{"line":36,"column":47}},"12":{"start":{"line":36,"column":24},"end":{"line":36,"column":45}},"13":{"start":{"line":40,"column":4},"end":{"line":41,"column":47}},"14":{"start":{"line":41,"column":24},"end":{"line":41,"column":45}},"15":{"start":{"line":45,"column":4},"end":{"line":46,"column":47}},"16":{"start":{"line":46,"column":24},"end":{"line":46,"column":45}},"17":{"start":{"line":50,"column":4},"end":{"line":51,"column":47}},"18":{"start":{"line":51,"column":24},"end":{"line":51,"column":45}}},"fnMap":{"0":{"name":"(anonymous_0)","decl":{"start":{"line":15,"column":20},"end":{"line":15,"column":21}},"loc":{"start":{"line":15,"column":44},"end":{"line":15,"column":88}},"line":15},"1":{"name":"(anonymous_1)","decl":{"start":{"line":16,"column":15},"end":{"line":16,"column":16}},"loc":{"start":{"line":16,"column":22},"end":{"line":16,"column":59}},"line":16},"2":{"name":"(anonymous_2)","decl":{"start":{"line":18,"column":20},"end":{"line":18,"column":21}},"loc":{"start":{"line":18,"column":34},"end":{"line":21,"column":1}},"line":18},"3":{"name":"(anonymous_3)","decl":{"start":{"line":26,"column":12},"end":{"line":26,"column":13}},"loc":{"start":{"line":26,"column":24},"end":{"line":26,"column":45}},"line":26},"4":{"name":"(anonymous_4)","decl":{"start":{"line":31,"column":12},"end":{"line":31,"column":13}},"loc":{"start":{"line":31,"column":24},"end":{"line":31,"column":45}},"line":31},"5":{"name":"(anonymous_5)","decl":{"start":{"line":36,"column":12},"end":{"line":36,"column":13}},"loc":{"start":{"line":36,"column":24},"end":{"line":36,"column":45}},"line":36},"6":{"name":"(anonymous_6)","decl":{"start":{"line":41,"column":12},"end":{"line":41,"column":13}},"loc":{"start":{"line":41,"column":24},"end":{"line":41,"column":45}},"line":41},"7":{"name":"(anonymous_7)","decl":{"start":{"line":46,"column":12},"end":{"line":46,"column":13}},"loc":{"start":{"line":46,"column":24},"end":{"line":46,"column":45}},"line":46},"8":{"name":"(anonymous_8)","decl":{"start":{"line":51,"column":12},"end":{"line":51,"column":13}},"loc":{"start":{"line":51,"column":24},"end":{"line":51,"column":45}},"line":51}},"branchMap":{"0":{"loc":{"start":{"line":15,"column":28},"end":{"line":15,"column":38}},"type":"default-arg","locations":[{"start":{"line":15,"column":35},"end":{"line":15,"column":38}}],"line":15},"1":{"loc":{"start":{"line":15,"column":44},"end":{"line":15,"column":88}},"type":"cond-expr","locations":[{"start":{"line":15,"column":52},"end":{"line":15,"column":81}},{"start":{"line":15,"column":84},"end":{"line":15,"column":88}}],"line":15},"2":{"loc":{"start":{"line":24,"column":11},"end":{"line":24,"column":23}},"type":"default-arg","locations":[{"start":{"line":24,"column":21},"end":{"line":24,"column":23}}],"line":24},"3":{"loc":{"start":{"line":39,"column":17},"end":{"line":39,"column":29}},"type":"default-arg","locations":[{"start":{"line":39,"column":25},"end":{"line":39,"column":29}}],"line":39},"4":{"loc":{"start":{"line":44,"column":15},"end":{"line":44,"column":27}},"type":"default-arg","locations":[{"start":{"line":44,"column":23},"end":{"line":44,"column":27}}],"line":44},"5":{"loc":{"start":{"line":49,"column":18},"end":{"line":49,"column":30}},"type":"default-arg","locations":[{"start":{"line":49,"column":26},"end":{"line":49,"column":30}}],"line":49}},"s":{"0":4,"1":7,"2":4,"3":8,"4":4,"5":7,"6":7,"7":2,"8":2,"9":1,"10":1,"11":1,"12":1,"13":1,"14":1,"15":1,"16":1,"17":1,"18":1},"f":{"0":7,"1":8,"2":7,"3":2,"4":1,"5":1,"6":1,"7":1,"8":1},"b":{"0":[3],"1":[1,6],"2":[1],"3":[0],"4":[0],"5":[0]},"_coverageSchema":"332fd63041d2c1bcb487cc26dd0d5f7d97098a6c","hash":"c8f15f4ac43efdf349612af630c33a1fcb155d7b"}
,"/private/var/www/tmdb-client/src/services/observable/Observable.js": {"path":"/private/var/www/tmdb-client/src/services/observable/Observable.js","statementMap":{"0":{"start":{"line":9,"column":4},"end":{"line":9,"column":23}},"1":{"start":{"line":10,"column":4},"end":{"line":10,"column":25}},"2":{"start":{"line":11,"column":4},"end":{"line":11,"column":29}},"3":{"start":{"line":13,"column":4},"end":{"line":15,"column":5}},"4":{"start":{"line":14,"column":6},"end":{"line":14,"column":64}},"5":{"start":{"line":17,"column":4},"end":{"line":17,"column":24}},"6":{"start":{"line":21,"column":4},"end":{"line":22,"column":54}},"7":{"start":{"line":22,"column":26},"end":{"line":22,"column":52}},"8":{"start":{"line":26,"column":4},"end":{"line":26,"column":29}},"9":{"start":{"line":30,"column":4},"end":{"line":32,"column":6}},"10":{"start":{"line":31,"column":6},"end":{"line":31,"column":31}},"11":{"start":{"line":36,"column":4},"end":{"line":36,"column":45}},"12":{"start":{"line":40,"column":22},"end":{"line":40,"column":43}},"13":{"start":{"line":41,"column":4},"end":{"line":41,"column":65}},"14":{"start":{"line":41,"column":37},"end":{"line":41,"column":61}},"15":{"start":{"line":42,"column":4},"end":{"line":42,"column":24}},"16":{"start":{"line":44,"column":4},"end":{"line":44,"column":16}},"17":{"start":{"line":48,"column":4},"end":{"line":48,"column":74}},"18":{"start":{"line":48,"column":45},"end":{"line":48,"column":72}},"19":{"start":{"line":49,"column":4},"end":{"line":49,"column":16}},"20":{"start":{"line":53,"column":4},"end":{"line":53,"column":63}},"21":{"start":{"line":54,"column":4},"end":{"line":54,"column":16}},"22":{"start":{"line":58,"column":4},"end":{"line":58,"column":25}}},"fnMap":{"0":{"name":"(anonymous_0)","decl":{"start":{"line":8,"column":2},"end":{"line":8,"column":3}},"loc":{"start":{"line":8,"column":24},"end":{"line":18,"column":3}},"line":8},"1":{"name":"(anonymous_1)","decl":{"start":{"line":20,"column":2},"end":{"line":20,"column":3}},"loc":{"start":{"line":20,"column":17},"end":{"line":23,"column":3}},"line":20},"2":{"name":"(anonymous_2)","decl":{"start":{"line":22,"column":14},"end":{"line":22,"column":15}},"loc":{"start":{"line":22,"column":26},"end":{"line":22,"column":52}},"line":22},"3":{"name":"(anonymous_3)","decl":{"start":{"line":25,"column":2},"end":{"line":25,"column":3}},"loc":{"start":{"line":25,"column":24},"end":{"line":27,"column":3}},"line":25},"4":{"name":"(anonymous_4)","decl":{"start":{"line":29,"column":2},"end":{"line":29,"column":3}},"loc":{"start":{"line":29,"column":26},"end":{"line":33,"column":3}},"line":29},"5":{"name":"(anonymous_5)","decl":{"start":{"line":30,"column":11},"end":{"line":30,"column":12}},"loc":{"start":{"line":30,"column":26},"end":{"line":32,"column":5}},"line":30},"6":{"name":"(anonymous_6)","decl":{"start":{"line":35,"column":2},"end":{"line":35,"column":3}},"loc":{"start":{"line":35,"column":15},"end":{"line":37,"column":3}},"line":35},"7":{"name":"(anonymous_7)","decl":{"start":{"line":39,"column":2},"end":{"line":39,"column":3}},"loc":{"start":{"line":39,"column":13},"end":{"line":45,"column":3}},"line":39},"8":{"name":"(anonymous_8)","decl":{"start":{"line":41,"column":24},"end":{"line":41,"column":25}},"loc":{"start":{"line":41,"column":35},"end":{"line":41,"column":63}},"line":41},"9":{"name":"(anonymous_9)","decl":{"start":{"line":47,"column":2},"end":{"line":47,"column":3}},"loc":{"start":{"line":47,"column":17},"end":{"line":50,"column":3}},"line":47},"10":{"name":"(anonymous_10)","decl":{"start":{"line":48,"column":39},"end":{"line":48,"column":40}},"loc":{"start":{"line":48,"column":45},"end":{"line":48,"column":72}},"line":48},"11":{"name":"(anonymous_11)","decl":{"start":{"line":52,"column":2},"end":{"line":52,"column":3}},"loc":{"start":{"line":52,"column":35},"end":{"line":55,"column":3}},"line":52},"12":{"name":"(anonymous_12)","decl":{"start":{"line":57,"column":2},"end":{"line":57,"column":3}},"loc":{"start":{"line":57,"column":21},"end":{"line":59,"column":3}},"line":57}},"branchMap":{"0":{"loc":{"start":{"line":13,"column":4},"end":{"line":15,"column":5}},"type":"if","locations":[{"start":{"line":13,"column":4},"end":{"line":15,"column":5}},{"start":{"line":13,"column":4},"end":{"line":15,"column":5}}],"line":13}},"s":{"0":5,"1":5,"2":5,"3":5,"4":1,"5":4,"6":4,"7":4,"8":4,"9":1,"10":1,"11":1,"12":1,"13":1,"14":1,"15":1,"16":1,"17":1,"18":1,"19":1,"20":1,"21":1,"22":1},"f":{"0":5,"1":4,"2":4,"3":4,"4":1,"5":1,"6":1,"7":1,"8":1,"9":1,"10":1,"11":1,"12":1},"b":{"0":[1,4]},"_coverageSchema":"332fd63041d2c1bcb487cc26dd0d5f7d97098a6c","hash":"80aacf63c8986fa0f787ea05469064e45385d1fd"}
,"/private/var/www/tmdb-client/src/services/observable/index.js": {"path":"/private/var/www/tmdb-client/src/services/observable/index.js","statementMap":{},"fnMap":{},"branchMap":{},"s":{},"f":{},"b":{},"_coverageSchema":"332fd63041d2c1bcb487cc26dd0d5f7d97098a6c","hash":"066c5e82c31f0c3e19d4dbb4d48a71f5bfc15c28"}
,"/private/var/www/tmdb-client/src/services/translate/index.js": {"path":"/private/var/www/tmdb-client/src/services/translate/index.js","statementMap":{"0":{"start":{"line":4,"column":0},"end":{"line":4,"column":19}},"1":{"start":{"line":5,"column":0},"end":{"line":5,"column":26}},"2":{"start":{"line":6,"column":0},"end":{"line":6,"column":33}},"3":{"start":{"line":9,"column":2},"end":{"line":9,"column":21}}},"fnMap":{"0":{"name":"t","decl":{"start":{"line":8,"column":16},"end":{"line":8,"column":17}},"loc":{"start":{"line":8,"column":23},"end":{"line":10,"column":1}},"line":8}},"branchMap":{},"s":{"0":4,"1":4,"2":4,"3":57},"f":{"0":57},"b":{},"_coverageSchema":"332fd63041d2c1bcb487cc26dd0d5f7d97098a6c","hash":"ec05f5a59a9b547296956e024f6a84c77090fdae"}
,"/private/var/www/tmdb-client/src/translations/en.js": {"path":"/private/var/www/tmdb-client/src/translations/en.js","statementMap":{},"fnMap":{},"branchMap":{},"s":{},"f":{},"b":{},"_coverageSchema":"332fd63041d2c1bcb487cc26dd0d5f7d97098a6c","hash":"7adc0a518528a745802af11a6d7607f837367261"}
,"/private/var/www/tmdb-client/src/translations/index.js": {"path":"/private/var/www/tmdb-client/src/translations/index.js","statementMap":{},"fnMap":{},"branchMap":{},"s":{},"f":{},"b":{},"_coverageSchema":"332fd63041d2c1bcb487cc26dd0d5f7d97098a6c","hash":"43f236ef4612d571d49418b6756fe7f76382058d"}
}
