TN:
SF:/private/var/www/tmdb-client/src/actions/index.js
FNF:0
FNH:0
DA:3,1
LF:1
LH:1
BRF:0
BRH:0
end_of_record
TN:
SF:/private/var/www/tmdb-client/src/actions/movies.js
FN:15,(anonymous_0)
FN:17,(anonymous_1)
FN:18,(anonymous_2)
FN:20,(anonymous_3)
FN:21,(anonymous_4)
FN:23,(anonymous_5)
FN:24,(anonymous_6)
FN:25,(anonymous_7)
FN:39,(anonymous_8)
FN:39,(anonymous_9)
FN:40,(anonymous_10)
FN:49,(anonymous_11)
FN:49,(anonymous_12)
FN:50,(anonymous_13)
FN:59,(anonymous_14)
FN:63,(anonymous_15)
FN:63,(anonymous_16)
FN:64,(anonymous_17)
FN:73,(anonymous_18)
FN:77,(anonymous_19)
FN:77,(anonymous_20)
FN:78,(anonymous_21)
FN:87,(anonymous_22)
FN:91,(anonymous_23)
FN:91,(anonymous_24)
FN:92,(anonymous_25)
FNF:26
FNH:26
FNDA:1,(anonymous_0)
FNDA:3,(anonymous_1)
FNDA:1,(anonymous_2)
FNDA:3,(anonymous_3)
FNDA:1,(anonymous_4)
FNDA:2,(anonymous_5)
FNDA:2,(anonymous_6)
FNDA:2,(anonymous_7)
FNDA:1,(anonymous_8)
FNDA:1,(anonymous_9)
FNDA:1,(anonymous_10)
FNDA:1,(anonymous_11)
FNDA:1,(anonymous_12)
FNDA:1,(anonymous_13)
FNDA:1,(anonymous_14)
FNDA:1,(anonymous_15)
FNDA:1,(anonymous_16)
FNDA:1,(anonymous_17)
FNDA:1,(anonymous_18)
FNDA:1,(anonymous_19)
FNDA:1,(anonymous_20)
FNDA:1,(anonymous_21)
FNDA:1,(anonymous_22)
FNDA:1,(anonymous_23)
FNDA:1,(anonymous_24)
FNDA:1,(anonymous_25)
DA:15,2
DA:16,1
DA:17,3
DA:18,2
DA:19,1
DA:20,3
DA:21,2
DA:23,2
DA:24,2
DA:26,2
DA:28,2
DA:36,2
DA:39,2
DA:41,1
DA:46,1
DA:49,2
DA:51,1
DA:56,1
DA:59,2
DA:63,2
DA:65,1
DA:70,1
DA:73,2
DA:77,2
DA:79,1
DA:84,1
DA:87,2
DA:91,2
DA:93,1
DA:109,1
DA:112,2
LF:31
LH:31
BRDA:20,0,0,3
BRDA:20,0,1,2
BRDA:23,1,0,1
BRDA:30,2,0,1
BRDA:30,2,1,1
BRF:5
BRH:5
end_of_record
TN:
SF:/private/var/www/tmdb-client/src/actions/types.js
FNF:0
FNH:0
DA:1,3
DA:2,3
DA:3,3
DA:4,3
DA:5,3
DA:6,3
DA:7,3
DA:8,3
DA:9,3
LF:9
LH:9
BRF:0
BRH:0
end_of_record
TN:
SF:/private/var/www/tmdb-client/src/components/LoadMore/LoadMore.jsx
FN:6,(anonymous_0)
FN:8,(anonymous_1)
FN:23,(anonymous_2)
FNF:3
FNH:0
FNDA:0,(anonymous_0)
FNDA:0,(anonymous_1)
FNDA:0,(anonymous_2)
DA:6,1
DA:7,0
DA:8,0
DA:14,1
DA:21,1
LF:5
LH:3
BRDA:9,0,0,0
BRDA:9,0,1,0
BRF:2
BRH:0
end_of_record
TN:
SF:/private/var/www/tmdb-client/src/components/LoadMore/index.js
FNF:0
FNH:0
LF:0
LH:0
BRF:0
BRH:0
end_of_record
TN:
SF:/private/var/www/tmdb-client/src/components/Loader/Loader.jsx
FN:7,(anonymous_0)
FNF:1
FNH:0
FNDA:0,(anonymous_0)
DA:7,3
DA:8,0
DA:13,3
DA:17,3
LF:4
LH:3
BRF:0
BRH:0
end_of_record
TN:
SF:/private/var/www/tmdb-client/src/components/Loader/index.js
FNF:0
FNH:0
LF:0
LH:0
BRF:0
BRH:0
end_of_record
TN:
SF:/private/var/www/tmdb-client/src/components/Movie/Movie.jsx
FN:9,(anonymous_0)
FN:15,(anonymous_1)
FN:19,(anonymous_2)
FN:34,(anonymous_3)
FN:46,(anonymous_4)
FN:49,(anonymous_5)
FN:95,(anonymous_6)
FNF:7
FNH:5
FNDA:5,(anonymous_0)
FNDA:1,(anonymous_1)
FNDA:5,(anonymous_2)
FNDA:5,(anonymous_3)
FNDA:0,(anonymous_4)
FNDA:1,(anonymous_5)
FNDA:0,(anonymous_6)
DA:10,5
DA:12,5
DA:16,1
DA:20,5
DA:21,4
DA:29,1
DA:35,5
DA:46,0
DA:49,1
DA:74,3
DA:86,3
LF:11
LH:10
BRDA:16,0,0,1
BRDA:16,0,1,1
BRDA:20,1,0,4
BRDA:20,1,1,1
BRDA:52,2,0,5
BRDA:52,2,1,1
BRDA:57,3,0,5
BRDA:57,3,1,0
BRDA:63,4,0,5
BRDA:63,4,1,0
BRF:10
BRH:8
end_of_record
TN:
SF:/private/var/www/tmdb-client/src/components/Movie/index.js
FNF:0
FNH:0
LF:0
LH:0
BRF:0
BRH:0
end_of_record
TN:
SF:/private/var/www/tmdb-client/src/components/MovieDetails/MovieDetails.jsx
FN:8,(anonymous_0)
FN:16,(anonymous_1)
FN:27,(anonymous_2)
FNF:3
FNH:3
FNDA:32,(anonymous_0)
FNDA:2,(anonymous_1)
FNDA:8,(anonymous_2)
DA:8,2
DA:9,32
DA:10,31
DA:13,1
DA:17,2
DA:27,2
DA:38,8
DA:74,2
DA:76,2
LF:9
LH:9
BRDA:9,0,0,31
BRDA:9,0,1,1
BRDA:39,1,0,8
BRDA:39,1,1,1
BRDA:47,2,0,8
BRDA:47,2,1,1
BRDA:55,3,0,8
BRDA:55,3,1,1
BRF:8
BRH:8
end_of_record
TN:
SF:/private/var/www/tmdb-client/src/components/MovieDetails/index.js
FNF:0
FNH:0
LF:0
LH:0
BRF:0
BRH:0
end_of_record
TN:
SF:/private/var/www/tmdb-client/src/components/MovieDetails/types.js
FNF:0
FNH:0
DA:3,2
DA:8,2
DA:13,2
LF:3
LH:3
BRF:0
BRH:0
end_of_record
TN:
SF:/private/var/www/tmdb-client/src/components/MovieList/MovieList.jsx
FN:10,(anonymous_0)
FN:11,(anonymous_1)
FN:22,(anonymous_2)
FN:27,(anonymous_3)
FN:39,(anonymous_4)
FN:66,(anonymous_5)
FNF:6
FNH:5
FNDA:3,(anonymous_0)
FNDA:1,(anonymous_1)
FNDA:1,(anonymous_2)
FNDA:3,(anonymous_3)
FNDA:3,(anonymous_4)
FNDA:0,(anonymous_5)
DA:11,3
DA:12,1
DA:22,1
DA:28,3
DA:29,2
DA:32,1
DA:40,3
DA:55,2
DA:62,2
LF:9
LH:9
BRDA:28,0,0,2
BRDA:28,0,1,1
BRF:2
BRH:2
end_of_record
TN:
SF:/private/var/www/tmdb-client/src/components/MovieList/index.js
FNF:0
FNH:0
LF:0
LH:0
BRF:0
BRH:0
end_of_record
TN:
SF:/private/var/www/tmdb-client/src/components/MovieSearch/MovieSearch.jsx
FN:18,(anonymous_0)
FN:35,(anonymous_1)
FN:39,(anonymous_2)
FN:42,(anonymous_3)
FN:43,(anonymous_4)
FN:46,(anonymous_5)
FN:47,(anonymous_6)
FN:52,(anonymous_7)
FN:55,(anonymous_8)
FN:60,(anonymous_9)
FN:73,(anonymous_10)
FN:86,(anonymous_11)
FN:95,(anonymous_12)
FN:105,(anonymous_13)
FN:112,(anonymous_14)
FN:120,(anonymous_15)
FN:127,(anonymous_16)
FN:134,(anonymous_17)
FN:137,(anonymous_18)
FN:140,(anonymous_19)
FN:148,(anonymous_20)
FN:155,(anonymous_21)
FN:164,(anonymous_22)
FN:167,(anonymous_23)
FN:177,(anonymous_24)
FN:187,(anonymous_25)
FN:191,(anonymous_26)
FN:195,(anonymous_27)
FN:199,(anonymous_28)
FN:203,(anonymous_29)
FN:207,(anonymous_30)
FN:215,(anonymous_31)
FN:222,(anonymous_32)
FN:235,(anonymous_33)
FN:260,(anonymous_34)
FN:286,(anonymous_35)
FN:312,(anonymous_36)
FN:322,(anonymous_37)
FN:325,(anonymous_38)
FN:335,(anonymous_39)
FN:339,(anonymous_40)
FN:341,(anonymous_41)
FN:345,(anonymous_42)
FN:347,(anonymous_43)
FN:355,(anonymous_44)
FN:362,(anonymous_45)
FN:364,(anonymous_46)
FN:365,(anonymous_47)
FN:366,(anonymous_48)
FN:367,(anonymous_49)
FN:368,(anonymous_50)
FN:369,(anonymous_51)
FN:370,(anonymous_52)
FN:375,(anonymous_53)
FN:379,(anonymous_54)
FN:383,(anonymous_55)
FN:391,(anonymous_56)
FN:431,(anonymous_57)
FN:432,(anonymous_58)
FN:433,(anonymous_59)
FN:434,(anonymous_60)
FN:435,(anonymous_61)
FN:436,(anonymous_62)
FN:437,(anonymous_63)
FN:438,(anonymous_64)
FNF:65
FNH:58
FNDA:29,(anonymous_0)
FNDA:1,(anonymous_1)
FNDA:1,(anonymous_2)
FNDA:1,(anonymous_3)
FNDA:0,(anonymous_4)
FNDA:29,(anonymous_5)
FNDA:16,(anonymous_6)
FNDA:0,(anonymous_7)
FNDA:0,(anonymous_8)
FNDA:55,(anonymous_9)
FNDA:55,(anonymous_10)
FNDA:55,(anonymous_11)
FNDA:55,(anonymous_12)
FNDA:1,(anonymous_13)
FNDA:55,(anonymous_14)
FNDA:55,(anonymous_15)
FNDA:2,(anonymous_16)
FNDA:0,(anonymous_17)
FNDA:2,(anonymous_18)
FNDA:55,(anonymous_19)
FNDA:55,(anonymous_20)
FNDA:2,(anonymous_21)
FNDA:2,(anonymous_22)
FNDA:55,(anonymous_23)
FNDA:55,(anonymous_24)
FNDA:55,(anonymous_25)
FNDA:2,(anonymous_26)
FNDA:55,(anonymous_27)
FNDA:2,(anonymous_28)
FNDA:8,(anonymous_29)
FNDA:8,(anonymous_30)
FNDA:16,(anonymous_31)
FNDA:16,(anonymous_32)
FNDA:55,(anonymous_33)
FNDA:55,(anonymous_34)
FNDA:6,(anonymous_35)
FNDA:6,(anonymous_36)
FNDA:6,(anonymous_37)
FNDA:12,(anonymous_38)
FNDA:18,(anonymous_39)
FNDA:6,(anonymous_40)
FNDA:1,(anonymous_41)
FNDA:5,(anonymous_42)
FNDA:1,(anonymous_43)
FNDA:6,(anonymous_44)
FNDA:8,(anonymous_45)
FNDA:8,(anonymous_46)
FNDA:8,(anonymous_47)
FNDA:8,(anonymous_48)
FNDA:8,(anonymous_49)
FNDA:8,(anonymous_50)
FNDA:8,(anonymous_51)
FNDA:8,(anonymous_52)
FNDA:0,(anonymous_53)
FNDA:2,(anonymous_54)
FNDA:0,(anonymous_55)
FNDA:55,(anonymous_56)
FNDA:6,(anonymous_57)
FNDA:0,(anonymous_58)
FNDA:11,(anonymous_59)
FNDA:10,(anonymous_60)
FNDA:11,(anonymous_61)
FNDA:10,(anonymous_62)
FNDA:11,(anonymous_63)
FNDA:10,(anonymous_64)
DA:19,29
DA:21,29
DA:28,29
DA:29,29
DA:30,29
DA:32,29
DA:36,1
DA:40,1
DA:41,1
DA:42,1
DA:43,0
DA:47,29
DA:53,0
DA:56,0
DA:61,55
DA:74,55
DA:87,55
DA:96,55
DA:97,43
DA:99,12
DA:101,12
DA:102,11
DA:105,1
DA:113,55
DA:121,55
DA:122,54
DA:125,1
DA:127,2
DA:134,0
DA:137,2
DA:141,55
DA:149,55
DA:150,54
DA:153,1
DA:155,2
DA:164,2
DA:168,55
DA:178,55
DA:188,55
DA:191,2
DA:196,55
DA:199,2
DA:204,8
DA:208,8
DA:209,8
DA:210,8
DA:211,8
DA:216,16
DA:218,16
DA:219,16
DA:223,16
DA:224,4
DA:225,4
DA:226,4
DA:227,4
DA:230,12
DA:231,12
DA:232,12
DA:236,55
DA:240,49
DA:243,6
DA:261,55
DA:266,49
DA:269,6
DA:287,6
DA:293,5
DA:296,1
DA:313,6
DA:322,6
DA:326,12
DA:327,5
DA:330,7
DA:332,7
DA:336,18
DA:340,6
DA:341,1
DA:346,5
DA:347,1
DA:356,6
DA:358,6
DA:363,8
DA:364,8
DA:365,8
DA:366,8
DA:367,8
DA:368,8
DA:369,8
DA:370,8
DA:376,0
DA:380,2
DA:384,0
DA:392,55
DA:411,2
DA:426,2
LF:94
LH:88
BRDA:96,0,0,43
BRDA:96,0,1,12
BRDA:101,1,0,11
BRDA:101,1,1,1
BRDA:101,2,0,12
BRDA:101,2,1,12
BRDA:121,3,0,54
BRDA:121,3,1,1
BRDA:121,4,0,55
BRDA:121,4,1,55
BRDA:134,5,0,2
BRDA:134,5,1,0
BRDA:149,6,0,54
BRDA:149,6,1,1
BRDA:149,7,0,55
BRDA:149,7,1,55
BRDA:223,8,0,4
BRDA:223,8,1,12
BRDA:236,9,0,49
BRDA:236,9,1,6
BRDA:237,10,0,55
BRDA:237,10,1,12
BRDA:237,10,2,6
BRDA:261,11,0,49
BRDA:261,11,1,6
BRDA:262,12,0,55
BRDA:262,12,1,12
BRDA:262,12,2,6
BRDA:287,13,0,5
BRDA:287,13,1,1
BRDA:288,14,0,6
BRDA:288,14,1,6
BRDA:288,14,2,6
BRDA:288,14,3,6
BRDA:314,15,0,4
BRDA:314,15,1,2
BRDA:314,16,0,6
BRDA:314,16,1,5
BRDA:326,17,0,5
BRDA:326,17,1,7
BRDA:326,18,0,12
BRDA:326,18,1,12
BRDA:336,19,0,18
BRDA:336,19,1,13
BRDA:348,20,0,1
BRDA:348,20,1,1
BRDA:348,20,2,0
BRDA:358,21,0,6
BRDA:358,21,1,5
BRF:49
BRH:47
end_of_record
TN:
SF:/private/var/www/tmdb-client/src/components/MovieSearch/MovieSearchContainer.jsx
FN:15,(anonymous_0)
FN:28,(anonymous_1)
FN:33,(anonymous_2)
FN:34,(anonymous_3)
FN:35,(anonymous_4)
FN:36,(anonymous_5)
FN:37,(anonymous_6)
FN:38,(anonymous_7)
FN:39,(anonymous_8)
FN:42,(anonymous_9)
FN:65,(anonymous_10)
FNF:11
FNH:0
FNDA:0,(anonymous_0)
FNDA:0,(anonymous_1)
FNDA:0,(anonymous_2)
FNDA:0,(anonymous_3)
FNDA:0,(anonymous_4)
FNDA:0,(anonymous_5)
FNDA:0,(anonymous_6)
FNDA:0,(anonymous_7)
FNDA:0,(anonymous_8)
FNDA:0,(anonymous_9)
FNDA:0,(anonymous_10)
DA:15,1
DA:16,0
DA:28,0
DA:32,1
DA:33,0
DA:34,0
DA:35,0
DA:36,0
DA:37,0
DA:38,0
DA:39,0
DA:42,1
DA:49,1
DA:64,1
LF:14
LH:5
BRF:0
BRH:0
end_of_record
TN:
SF:/private/var/www/tmdb-client/src/components/MovieSearch/index.js
FNF:0
FNH:0
LF:0
LH:0
BRF:0
BRH:0
end_of_record
TN:
SF:/private/var/www/tmdb-client/src/components/MovieSearch/validDateStrings.js
FNF:0
FNH:0
LF:0
LH:0
BRF:0
BRH:0
end_of_record
TN:
SF:/private/var/www/tmdb-client/src/components/MovieSearch/Company/Company.jsx
FN:5,(anonymous_0)
FN:17,(anonymous_1)
FNF:2
FNH:2
FNDA:2,(anonymous_0)
FNDA:2,(anonymous_1)
DA:5,3
DA:6,2
DA:7,1
DA:10,1
DA:17,3
DA:18,2
DA:28,3
DA:32,3
LF:8
LH:8
BRDA:6,0,0,1
BRDA:6,0,1,1
BRF:2
BRH:2
end_of_record
TN:
SF:/private/var/www/tmdb-client/src/components/MovieSearch/Company/index.js
FNF:0
FNH:0
LF:0
LH:0
BRF:0
BRH:0
end_of_record
TN:
SF:/private/var/www/tmdb-client/src/components/MovieSearch/Person/Person.jsx
FN:5,(anonymous_0)
FN:17,(anonymous_1)
FN:19,(anonymous_2)
FN:31,(anonymous_3)
FNF:4
FNH:4
FNDA:4,(anonymous_0)
FNDA:4,(anonymous_1)
FNDA:2,(anonymous_2)
FNDA:4,(anonymous_3)
DA:5,3
DA:6,4
DA:7,1
DA:10,3
DA:17,3
DA:18,4
DA:20,2
DA:31,3
DA:32,4
DA:43,3
DA:51,3
LF:11
LH:11
BRDA:6,0,0,1
BRDA:6,0,1,3
BRDA:20,1,0,2
BRDA:20,1,1,2
BRDA:20,1,2,1
BRF:5
BRH:5
end_of_record
TN:
SF:/private/var/www/tmdb-client/src/components/MovieSearch/Person/index.js
FNF:0
FNH:0
LF:0
LH:0
BRF:0
BRH:0
end_of_record
TN:
SF:/private/var/www/tmdb-client/src/components/MovieSort/MovieSort.jsx
FN:50,(anonymous_0)
FN:63,(anonymous_1)
FNF:2
FNH:0
FNDA:0,(anonymous_0)
FNDA:0,(anonymous_1)
DA:7,2
DA:50,2
DA:51,0
DA:56,2
DA:61,2
LF:5
LH:4
BRDA:52,0,0,0
BRDA:52,0,1,0
BRF:2
BRH:0
end_of_record
TN:
SF:/private/var/www/tmdb-client/src/components/MovieSort/index.js
FNF:0
FNH:0
LF:0
LH:0
BRF:0
BRH:0
end_of_record
TN:
SF:/private/var/www/tmdb-client/src/components/Radio/Radio.jsx
FN:6,(anonymous_0)
FN:10,(anonymous_1)
FN:16,(anonymous_2)
FN:25,(anonymous_3)
FN:52,(anonymous_4)
FNF:5
FNH:4
FNDA:9,(anonymous_0)
FNDA:3,(anonymous_1)
FNDA:9,(anonymous_2)
FNDA:1,(anonymous_3)
FNDA:0,(anonymous_4)
DA:6,3
DA:7,9
DA:10,3
DA:15,3
DA:17,9
DA:25,1
DA:34,3
DA:49,3
LF:8
LH:8
BRDA:7,0,0,1
BRDA:7,0,1,8
BRF:2
BRH:2
end_of_record
TN:
SF:/private/var/www/tmdb-client/src/components/Radio/index.js
FNF:0
FNH:0
LF:0
LH:0
BRF:0
BRH:0
end_of_record
TN:
SF:/private/var/www/tmdb-client/src/components/Select/Select.jsx
FN:10,(anonymous_0)
FN:28,(anonymous_1)
FN:29,(anonymous_2)
FN:32,(anonymous_3)
FN:36,(anonymous_4)
FN:53,(anonymous_5)
FN:62,(anonymous_6)
FN:66,(anonymous_7)
FN:71,(anonymous_8)
FN:74,(anonymous_9)
FN:97,(anonymous_10)
FN:103,(anonymous_11)
FN:107,(anonymous_12)
FN:113,(anonymous_13)
FN:117,(anonymous_14)
FN:127,(anonymous_15)
FN:133,(anonymous_16)
FN:140,(anonymous_17)
FN:147,(anonymous_18)
FN:153,(anonymous_19)
FN:159,(anonymous_20)
FN:162,(anonymous_21)
FN:170,(anonymous_22)
FN:176,(anonymous_23)
FN:179,(anonymous_24)
FN:183,(anonymous_25)
FN:191,(anonymous_26)
FN:194,(anonymous_27)
FN:204,(anonymous_28)
FN:209,(anonymous_29)
FN:212,(anonymous_30)
FN:214,(anonymous_31)
FN:219,(anonymous_32)
FN:228,(anonymous_33)
FN:241,(anonymous_34)
FN:252,(anonymous_35)
FN:257,(anonymous_36)
FN:261,(anonymous_37)
FN:265,(anonymous_38)
FN:266,(anonymous_39)
FN:267,(anonymous_40)
FN:268,(anonymous_41)
FN:277,(anonymous_42)
FN:283,(anonymous_43)
FN:297,(anonymous_44)
FN:298,(anonymous_45)
FN:301,(anonymous_46)
FN:308,(anonymous_47)
FN:311,(anonymous_48)
FN:326,(anonymous_49)
FN:331,(anonymous_50)
FN:334,(anonymous_51)
FN:342,(anonymous_52)
FN:348,(anonymous_53)
FN:354,(anonymous_54)
FN:362,(anonymous_55)
FN:366,(anonymous_56)
FN:371,(anonymous_57)
FN:379,(anonymous_58)
FN:393,(anonymous_59)
FN:399,(anonymous_60)
FN:403,(anonymous_61)
FN:423,(anonymous_62)
FN:427,(anonymous_63)
FN:431,(anonymous_64)
FN:434,(anonymous_65)
FN:441,(anonymous_66)
FN:454,(anonymous_67)
FN:455,(anonymous_68)
FN:456,(anonymous_69)
FN:461,(anonymous_70)
FN:501,(anonymous_71)
FN:503,(anonymous_72)
FN:504,(anonymous_73)
FN:505,(anonymous_74)
FN:506,(anonymous_75)
FNF:76
FNH:71
FNDA:36,(anonymous_0)
FNDA:36,(anonymous_1)
FNDA:0,(anonymous_2)
FNDA:0,(anonymous_3)
FNDA:82,(anonymous_4)
FNDA:28,(anonymous_5)
FNDA:130,(anonymous_6)
FNDA:1,(anonymous_7)
FNDA:25,(anonymous_8)
FNDA:25,(anonymous_9)
FNDA:2,(anonymous_10)
FNDA:1,(anonymous_11)
FNDA:3,(anonymous_12)
FNDA:19,(anonymous_13)
FNDA:4,(anonymous_14)
FNDA:4,(anonymous_15)
FNDA:7,(anonymous_16)
FNDA:2,(anonymous_17)
FNDA:2,(anonymous_18)
FNDA:1,(anonymous_19)
FNDA:1,(anonymous_20)
FNDA:9,(anonymous_21)
FNDA:2,(anonymous_22)
FNDA:7,(anonymous_23)
FNDA:37,(anonymous_24)
FNDA:7,(anonymous_25)
FNDA:40,(anonymous_26)
FNDA:14,(anonymous_27)
FNDA:3,(anonymous_28)
FNDA:6,(anonymous_29)
FNDA:12,(anonymous_30)
FNDA:6,(anonymous_31)
FNDA:130,(anonymous_32)
FNDA:84,(anonymous_33)
FNDA:84,(anonymous_34)
FNDA:51,(anonymous_35)
FNDA:3,(anonymous_36)
FNDA:130,(anonymous_37)
FNDA:1,(anonymous_38)
FNDA:25,(anonymous_39)
FNDA:1,(anonymous_40)
FNDA:2,(anonymous_41)
FNDA:130,(anonymous_42)
FNDA:16,(anonymous_43)
FNDA:72,(anonymous_44)
FNDA:164,(anonymous_45)
FNDA:71,(anonymous_46)
FNDA:7,(anonymous_47)
FNDA:70,(anonymous_48)
FNDA:3,(anonymous_49)
FNDA:9,(anonymous_50)
FNDA:7,(anonymous_51)
FNDA:15,(anonymous_52)
FNDA:22,(anonymous_53)
FNDA:195,(anonymous_54)
FNDA:22,(anonymous_55)
FNDA:22,(anonymous_56)
FNDA:99,(anonymous_57)
FNDA:198,(anonymous_58)
FNDA:99,(anonymous_59)
FNDA:41,(anonymous_60)
FNDA:36,(anonymous_61)
FNDA:0,(anonymous_62)
FNDA:0,(anonymous_63)
FNDA:51,(anonymous_64)
FNDA:12,(anonymous_65)
FNDA:54,(anonymous_66)
FNDA:198,(anonymous_67)
FNDA:99,(anonymous_68)
FNDA:99,(anonymous_69)
FNDA:15,(anonymous_70)
FNDA:0,(anonymous_71)
FNDA:22,(anonymous_72)
FNDA:44,(anonymous_73)
FNDA:50,(anonymous_74)
FNDA:99,(anonymous_75)
DA:11,36
DA:13,36
DA:14,36
DA:15,36
DA:16,36
DA:18,36
DA:25,36
DA:29,36
DA:33,0
DA:37,82
DA:38,0
DA:41,82
DA:42,33
DA:43,33
DA:46,49
DA:47,49
DA:48,49
DA:50,49
DA:54,28
DA:55,28
DA:56,0
DA:59,28
DA:63,130
DA:67,1
DA:68,1
DA:72,25
DA:74,25
DA:76,25
DA:78,4
DA:79,4
DA:81,7
DA:82,7
DA:84,2
DA:85,2
DA:87,9
DA:88,9
DA:90,2
DA:91,2
DA:93,1
DA:98,2
DA:104,1
DA:108,3
DA:114,19
DA:118,4
DA:119,1
DA:120,1
DA:121,1
DA:124,3
DA:128,4
DA:129,3
DA:134,7
DA:135,7
DA:136,7
DA:141,2
DA:142,2
DA:148,2
DA:150,2
DA:151,1
DA:153,1
DA:154,1
DA:157,1
DA:159,1
DA:163,9
DA:165,9
DA:167,9
DA:168,2
DA:170,2
DA:171,2
DA:174,7
DA:176,7
DA:180,37
DA:184,7
DA:185,3
DA:188,4
DA:192,40
DA:194,40
DA:195,14
DA:201,40
DA:205,3
DA:206,3
DA:210,6
DA:212,12
DA:215,6
DA:220,130
DA:221,48
DA:224,82
DA:225,82
DA:229,84
DA:230,1
DA:233,83
DA:234,30
DA:237,53
DA:242,84
DA:253,51
DA:257,3
DA:261,130
DA:265,1
DA:266,25
DA:267,1
DA:268,2
DA:277,130
DA:283,16
DA:298,164
DA:302,71
DA:304,71
DA:305,69
DA:308,7
DA:312,70
DA:316,2
DA:319,68
DA:320,1
DA:323,67
DA:327,3
DA:328,0
DA:331,9
DA:335,7
DA:343,15
DA:345,15
DA:349,22
DA:350,22
DA:355,195
DA:356,9
DA:359,186
DA:363,22
DA:367,22
DA:372,99
DA:373,99
DA:380,198
DA:382,198
DA:383,24
DA:386,174
DA:387,2
DA:390,174
DA:394,99
DA:395,41
DA:400,41
DA:404,36
DA:405,17
DA:408,19
DA:409,19
DA:410,19
DA:411,19
DA:412,19
DA:414,19
DA:415,0
DA:418,19
DA:419,0
DA:424,0
DA:428,0
DA:432,51
DA:433,9
DA:434,12
DA:438,42
DA:442,54
DA:444,54
DA:445,9
DA:448,45
DA:454,198
DA:455,99
DA:457,99
DA:461,15
DA:468,3
DA:497,3
LF:163
LH:155
BRDA:37,0,0,0
BRDA:37,0,1,82
BRDA:37,1,0,82
BRDA:37,1,1,82
BRDA:41,2,0,33
BRDA:41,2,1,49
BRDA:55,3,0,0
BRDA:55,3,1,28
BRDA:55,4,0,28
BRDA:55,4,1,26
BRDA:76,5,0,4
BRDA:76,5,1,7
BRDA:76,5,2,2
BRDA:76,5,3,9
BRDA:76,5,4,2
BRDA:76,5,5,1
BRDA:93,6,0,1
BRDA:93,6,1,0
BRDA:118,7,0,1
BRDA:118,7,1,3
BRDA:128,8,0,3
BRDA:128,8,1,1
BRDA:128,9,0,4
BRDA:128,9,1,3
BRDA:135,10,0,7
BRDA:135,10,1,0
BRDA:135,11,0,7
BRDA:135,11,1,7
BRDA:150,12,0,1
BRDA:150,12,1,1
BRDA:167,13,0,2
BRDA:167,13,1,7
BRDA:180,14,0,37
BRDA:180,14,1,34
BRDA:184,15,0,3
BRDA:184,15,1,4
BRDA:220,16,0,48
BRDA:220,16,1,82
BRDA:229,17,0,1
BRDA:229,17,1,83
BRDA:233,18,0,30
BRDA:233,18,1,53
BRDA:252,19,0,84
BRDA:252,19,1,30
BRDA:285,20,0,84
BRDA:285,20,1,51
BRDA:297,21,0,0
BRDA:297,22,0,1
BRDA:301,23,0,0
BRDA:301,24,0,68
BRDA:304,25,0,69
BRDA:304,25,1,2
BRDA:312,26,0,2
BRDA:312,26,1,68
BRDA:313,27,0,70
BRDA:313,27,1,70
BRDA:313,27,2,3
BRDA:319,28,0,1
BRDA:319,28,1,67
BRDA:327,29,0,0
BRDA:327,29,1,3
BRDA:349,30,0,22
BRDA:349,30,1,0
BRDA:354,31,0,31
BRDA:355,32,0,9
BRDA:355,32,1,186
BRDA:382,33,0,24
BRDA:382,33,1,174
BRDA:394,34,0,41
BRDA:394,34,1,58
BRDA:394,35,0,99
BRDA:394,35,1,41
BRDA:404,36,0,17
BRDA:404,36,1,19
BRDA:404,37,0,36
BRDA:404,37,1,36
BRDA:414,38,0,0
BRDA:414,38,1,19
BRDA:418,39,0,0
BRDA:418,39,1,19
BRDA:432,40,0,9
BRDA:432,40,1,42
BRDA:434,41,0,12
BRDA:434,41,1,12
BRDA:444,42,0,9
BRDA:444,42,1,45
BRDA:444,43,0,54
BRDA:444,43,1,9
BRDA:450,44,0,45
BRDA:450,44,1,44
BRDA:451,45,0,45
BRDA:451,45,1,44
BRF:92
BRH:82
end_of_record
TN:
SF:/private/var/www/tmdb-client/src/components/Select/index.js
FNF:0
FNH:0
LF:0
LH:0
BRF:0
BRH:0
end_of_record
TN:
SF:/private/var/www/tmdb-client/src/components/Select/Option/Option.jsx
FN:6,(anonymous_0)
FN:8,(anonymous_1)
FN:10,(anonymous_2)
FN:31,(anonymous_3)
FN:32,(anonymous_4)
FN:33,(anonymous_5)
FNF:6
FNH:3
FNDA:99,(anonymous_0)
FNDA:158,(anonymous_1)
FNDA:15,(anonymous_2)
FNDA:0,(anonymous_3)
FNDA:0,(anonymous_4)
FNDA:0,(anonymous_5)
DA:6,4
DA:7,99
DA:8,158
DA:10,15
DA:17,4
DA:29,4
LF:6
LH:6
BRDA:8,0,0,158
BRDA:8,0,1,99
BRDA:13,1,0,99
BRDA:13,1,1,99
BRDA:13,1,2,98
BRF:5
BRH:5
end_of_record
TN:
SF:/private/var/www/tmdb-client/src/components/Select/Option/index.js
FNF:0
FNH:0
LF:0
LH:0
BRF:0
BRH:0
end_of_record
TN:
SF:/private/var/www/tmdb-client/src/components/Select/OptionGroup/OptionGroup.jsx
FN:7,(anonymous_0)
FN:19,(anonymous_1)
FN:31,(anonymous_2)
FN:87,(anonymous_3)
FN:91,(anonymous_4)
FN:92,(anonymous_5)
FNF:6
FNH:3
FNDA:46,(anonymous_0)
FNDA:101,(anonymous_1)
FNDA:46,(anonymous_2)
FNDA:0,(anonymous_3)
FNDA:0,(anonymous_4)
FNDA:0,(anonymous_5)
DA:7,4
DA:15,46
DA:16,1
DA:19,45
DA:20,101
DA:31,4
DA:43,46
DA:68,4
DA:84,4
LF:9
LH:9
BRDA:15,0,0,1
BRDA:15,0,1,45
BRDA:21,1,0,101
BRDA:21,1,1,0
BRDA:22,2,0,101
BRDA:22,2,1,0
BRDA:44,3,0,46
BRDA:44,3,1,8
BRF:8
BRH:6
end_of_record
TN:
SF:/private/var/www/tmdb-client/src/components/Select/OptionGroup/index.js
FNF:0
FNH:0
LF:0
LH:0
BRF:0
BRH:0
end_of_record
TN:
SF:/private/var/www/tmdb-client/src/components/Select/Value/Value.jsx
FN:6,(anonymous_0)
FN:11,(anonymous_1)
FN:27,(anonymous_2)
FN:28,(anonymous_3)
FNF:4
FNH:2
FNDA:51,(anonymous_0)
FNDA:3,(anonymous_1)
FNDA:0,(anonymous_2)
FNDA:0,(anonymous_3)
DA:6,3
DA:7,51
DA:11,3
DA:17,3
DA:26,3
LF:5
LH:5
BRF:0
BRH:0
end_of_record
TN:
SF:/private/var/www/tmdb-client/src/components/Select/Value/index.js
FNF:0
FNH:0
LF:0
LH:0
BRF:0
BRH:0
end_of_record
TN:
SF:/private/var/www/tmdb-client/src/mocks/ObservableMock.js
FN:6,(anonymous_0)
FN:9,(anonymous_1)
FN:10,(anonymous_2)
FN:13,(anonymous_3)
FN:15,(anonymous_4)
FN:16,(anonymous_5)
FN:20,(anonymous_6)
FNF:7
FNH:7
FNDA:1,(anonymous_0)
FNDA:1,(anonymous_1)
FNDA:1,(anonymous_2)
FNDA:1,(anonymous_3)
FNDA:1,(anonymous_4)
FNDA:1,(anonymous_5)
FNDA:1,(anonymous_6)
DA:1,1
DA:5,4
DA:6,1
DA:8,4
DA:9,1
DA:11,1
DA:15,1
DA:16,1
DA:20,1
LF:9
LH:9
BRF:0
BRH:0
end_of_record
TN:
SF:/private/var/www/tmdb-client/src/mocks/fileMock.js
FNF:0
FNH:0
LF:0
LH:0
BRF:0
BRH:0
end_of_record
TN:
SF:/private/var/www/tmdb-client/src/pages/Movies/Movies.jsx
FN:12,(anonymous_0)
FN:33,(anonymous_1)
FN:37,(anonymous_2)
FN:41,(anonymous_3)
FN:42,(anonymous_4)
FN:45,(anonymous_5)
FN:63,(anonymous_6)
FN:70,(anonymous_7)
FN:75,(anonymous_8)
FN:82,(anonymous_9)
FN:87,(anonymous_10)
FN:94,(anonymous_11)
FN:99,(anonymous_12)
FN:106,(anonymous_13)
FN:111,(anonymous_14)
FN:114,(anonymous_15)
FN:125,(anonymous_16)
FN:128,(anonymous_17)
FN:139,(anonymous_18)
FN:140,(anonymous_19)
FN:143,(anonymous_20)
FN:144,(anonymous_21)
FN:147,(anonymous_22)
FN:152,(anonymous_23)
FN:153,(anonymous_24)
FN:154,(anonymous_25)
FN:186,(anonymous_26)
FN:190,(anonymous_27)
FNF:28
FNH:28
FNDA:20,(anonymous_0)
FNDA:1,(anonymous_1)
FNDA:14,(anonymous_2)
FNDA:13,(anonymous_3)
FNDA:1,(anonymous_4)
FNDA:13,(anonymous_5)
FNDA:13,(anonymous_6)
FNDA:3,(anonymous_7)
FNDA:13,(anonymous_8)
FNDA:3,(anonymous_9)
FNDA:13,(anonymous_10)
FNDA:3,(anonymous_11)
FNDA:13,(anonymous_12)
FNDA:3,(anonymous_13)
FNDA:13,(anonymous_14)
FNDA:6,(anonymous_15)
FNDA:13,(anonymous_16)
FNDA:6,(anonymous_17)
FNDA:12,(anonymous_18)
FNDA:12,(anonymous_19)
FNDA:1,(anonymous_20)
FNDA:1,(anonymous_21)
FNDA:3,(anonymous_22)
FNDA:2,(anonymous_23)
FNDA:1,(anonymous_24)
FNDA:1,(anonymous_25)
FNDA:1,(anonymous_26)
FNDA:66,(anonymous_27)
DA:13,20
DA:15,20
DA:16,20
DA:17,20
DA:19,20
DA:34,1
DA:38,14
DA:40,14
DA:41,13
DA:42,1
DA:46,13
DA:48,13
DA:60,13
DA:64,13
DA:65,12
DA:68,1
DA:70,3
DA:76,13
DA:77,12
DA:80,1
DA:82,3
DA:88,13
DA:89,12
DA:92,1
DA:94,3
DA:100,13
DA:101,12
DA:104,1
DA:106,3
DA:112,13
DA:114,13
DA:115,6
DA:116,3
DA:119,3
DA:122,13
DA:126,13
DA:128,13
DA:129,6
DA:130,3
DA:133,3
DA:136,13
DA:140,12
DA:144,1
DA:148,3
DA:149,1
DA:152,2
DA:153,2
DA:154,1
DA:165,1
DA:167,1
DA:184,1
DA:186,1
DA:191,66
DA:216,1
DA:224,1
LF:55
LH:55
BRDA:37,0,0,1
BRDA:37,1,0,13
BRDA:56,2,0,13
BRDA:56,2,1,1
BRDA:56,2,2,12
BRDA:64,3,0,12
BRDA:64,3,1,1
BRDA:76,4,0,12
BRDA:76,4,1,1
BRDA:88,5,0,12
BRDA:88,5,1,1
BRDA:100,6,0,12
BRDA:100,6,1,1
BRDA:111,7,0,11
BRDA:115,8,0,3
BRDA:115,8,1,3
BRDA:115,9,0,6
BRDA:115,9,1,4
BRDA:115,9,2,3
BRDA:125,10,0,11
BRDA:129,11,0,3
BRDA:129,11,1,3
BRDA:129,12,0,6
BRDA:129,12,1,4
BRDA:129,12,2,3
BRDA:148,13,0,1
BRDA:148,13,1,2
BRDA:148,14,0,3
BRDA:148,14,1,2
BRDA:172,15,0,1
BRDA:172,15,1,0
BRDA:203,16,0,66
BRDA:203,16,1,5
BRF:33
BRH:32
end_of_record
TN:
SF:/private/var/www/tmdb-client/src/reducers/movies.js
FN:35,moviesReducer
FNF:1
FNH:1
FNDA:10,moviesReducer
DA:13,1
DA:36,10
DA:38,1
DA:45,1
DA:49,1
DA:53,1
DA:57,1
DA:61,1
DA:65,1
DA:69,1
DA:73,1
DA:77,1
LF:12
LH:12
BRDA:35,0,0,0
BRDA:36,1,0,1
BRDA:36,1,1,1
BRDA:36,1,2,1
BRDA:36,1,3,1
BRDA:36,1,4,1
BRDA:36,1,5,1
BRDA:36,1,6,1
BRDA:36,1,7,1
BRDA:36,1,8,1
BRDA:36,1,9,1
BRF:11
BRH:10
end_of_record
TN:
SF:/private/var/www/tmdb-client/src/services/config/config.js
FN:6,(anonymous_0)
FNF:1
FNH:1
FNDA:3,(anonymous_0)
DA:6,3
DA:7,3
DA:8,3
DA:10,3
DA:14,3
DA:18,27
LF:6
LH:6
BRF:0
BRH:0
end_of_record
TN:
SF:/private/var/www/tmdb-client/src/services/config/index.js
FNF:0
FNH:0
LF:0
LH:0
BRF:0
BRH:0
end_of_record
TN:
SF:/private/var/www/tmdb-client/src/services/languages/index.js
FNF:0
FNH:0
LF:0
LH:0
BRF:0
BRH:0
end_of_record
TN:
SF:/private/var/www/tmdb-client/src/services/languages/languages.js
FN:4,(anonymous_0)
FN:8,(anonymous_1)
FN:13,(anonymous_2)
FN:32,(anonymous_3)
FNF:4
FNH:4
FNDA:549,(anonymous_0)
FNDA:21,(anonymous_1)
FNDA:3294,(anonymous_2)
FNDA:6584,(anonymous_3)
DA:3,3
DA:4,549
DA:9,21
DA:10,3
DA:13,18
DA:14,3294
DA:18,0
DA:21,3294
DA:25,5
DA:28,3289
DA:33,6584
LF:11
LH:10
BRDA:9,0,0,3
BRDA:9,0,1,18
BRDA:9,1,0,21
BRDA:9,1,1,19
BRDA:14,2,0,0
BRDA:14,2,1,3294
BRDA:15,3,0,3294
BRDA:15,3,1,3294
BRDA:21,4,0,5
BRDA:21,4,1,3289
BRDA:22,5,0,3294
BRDA:22,5,1,3290
BRF:12
BRH:11
end_of_record
TN:
SF:/private/var/www/tmdb-client/src/services/modal/Modal.js
FN:2,(anonymous_0)
FN:12,(anonymous_1)
FN:16,(anonymous_2)
FN:20,(anonymous_3)
FNF:4
FNH:4
FNDA:12,(anonymous_0)
FNDA:2,(anonymous_1)
FNDA:12,(anonymous_2)
FNDA:1,(anonymous_3)
DA:3,12
DA:4,1
DA:7,11
DA:8,11
DA:9,11
DA:13,2
DA:17,12
DA:21,1
LF:8
LH:8
BRDA:2,0,0,1
BRDA:2,1,0,11
BRDA:3,2,0,1
BRDA:3,2,1,11
BRF:4
BRH:4
end_of_record
TN:
SF:/private/var/www/tmdb-client/src/services/modal/ModalService.js
FN:8,(anonymous_0)
FN:13,(anonymous_1)
FN:17,(anonymous_2)
FN:21,(anonymous_3)
FN:25,(anonymous_4)
FN:40,(anonymous_5)
FN:41,(anonymous_6)
FN:46,(anonymous_7)
FNF:8
FNH:8
FNDA:5,(anonymous_0)
FNDA:2,(anonymous_1)
FNDA:1,(anonymous_2)
FNDA:13,(anonymous_3)
FNDA:9,(anonymous_4)
FNDA:4,(anonymous_5)
FNDA:5,(anonymous_6)
FNDA:15,(anonymous_7)
DA:5,1
DA:9,5
DA:10,5
DA:14,2
DA:18,1
DA:22,13
DA:26,9
DA:28,9
DA:29,1
DA:32,9
DA:34,9
DA:35,9
DA:37,9
DA:41,5
DA:43,4
DA:47,15
LF:16
LH:16
BRDA:28,0,0,1
BRDA:28,0,1,8
BRF:2
BRH:2
end_of_record
TN:
SF:/private/var/www/tmdb-client/src/services/movie/constants.js
FNF:0
FNH:0
DA:3,4
DA:4,4
DA:5,4
DA:6,4
DA:7,4
DA:8,4
DA:9,4
DA:10,4
DA:11,4
LF:9
LH:9
BRF:0
BRH:0
end_of_record
TN:
SF:/private/var/www/tmdb-client/src/services/movie/index.js
FNF:0
FNH:0
LF:0
LH:0
BRF:0
BRH:0
end_of_record
TN:
SF:/private/var/www/tmdb-client/src/services/movie/movie.js
FN:15,(anonymous_0)
FN:16,(anonymous_1)
FN:18,(anonymous_2)
FN:26,(anonymous_3)
FN:31,(anonymous_4)
FN:36,(anonymous_5)
FN:41,(anonymous_6)
FN:46,(anonymous_7)
FN:51,(anonymous_8)
FNF:9
FNH:9
FNDA:7,(anonymous_0)
FNDA:8,(anonymous_1)
FNDA:7,(anonymous_2)
FNDA:2,(anonymous_3)
FNDA:1,(anonymous_4)
FNDA:1,(anonymous_5)
FNDA:1,(anonymous_6)
FNDA:1,(anonymous_7)
FNDA:1,(anonymous_8)
DA:15,7
DA:16,8
DA:18,4
DA:19,7
DA:20,7
DA:25,2
DA:26,2
DA:30,1
DA:31,1
DA:35,1
DA:36,1
DA:40,1
DA:41,1
DA:45,1
DA:46,1
DA:50,1
DA:51,1
LF:17
LH:17
BRDA:15,0,0,3
BRDA:15,1,0,1
BRDA:15,1,1,6
BRDA:24,2,0,1
BRDA:39,3,0,0
BRDA:44,4,0,0
BRDA:49,5,0,0
BRF:7
BRH:4
end_of_record
TN:
SF:/private/var/www/tmdb-client/src/services/observable/Observable.js
FN:8,(anonymous_0)
FN:20,(anonymous_1)
FN:22,(anonymous_2)
FN:25,(anonymous_3)
FN:29,(anonymous_4)
FN:30,(anonymous_5)
FN:35,(anonymous_6)
FN:39,(anonymous_7)
FN:41,(anonymous_8)
FN:47,(anonymous_9)
FN:48,(anonymous_10)
FN:52,(anonymous_11)
FN:57,(anonymous_12)
FNF:13
FNH:13
FNDA:5,(anonymous_0)
FNDA:4,(anonymous_1)
FNDA:4,(anonymous_2)
FNDA:4,(anonymous_3)
FNDA:1,(anonymous_4)
FNDA:1,(anonymous_5)
FNDA:1,(anonymous_6)
FNDA:1,(anonymous_7)
FNDA:1,(anonymous_8)
FNDA:1,(anonymous_9)
FNDA:1,(anonymous_10)
FNDA:1,(anonymous_11)
FNDA:1,(anonymous_12)
DA:9,5
DA:10,5
DA:11,5
DA:13,5
DA:14,1
DA:17,4
DA:21,4
DA:22,4
DA:26,4
DA:30,1
DA:31,1
DA:36,1
DA:40,1
DA:41,1
DA:42,1
DA:44,1
DA:48,1
DA:49,1
DA:53,1
DA:54,1
DA:58,1
LF:21
LH:21
BRDA:13,0,0,1
BRDA:13,0,1,4
BRF:2
BRH:2
end_of_record
TN:
SF:/private/var/www/tmdb-client/src/services/observable/index.js
FNF:0
FNH:0
LF:0
LH:0
BRF:0
BRH:0
end_of_record
TN:
SF:/private/var/www/tmdb-client/src/services/translate/index.js
FN:8,t
FNF:1
FNH:1
FNDA:57,t
DA:4,4
DA:5,4
DA:6,4
DA:9,57
LF:4
LH:4
BRF:0
BRH:0
end_of_record
TN:
SF:/private/var/www/tmdb-client/src/translations/en.js
FNF:0
FNH:0
LF:0
LH:0
BRF:0
BRH:0
end_of_record
TN:
SF:/private/var/www/tmdb-client/src/translations/index.js
FNF:0
FNH:0
LF:0
LH:0
BRF:0
BRH:0
end_of_record
